#
# A fatal error has been detected by the Java Runtime Environment:
#
#  EXCEPTION_ACCESS_VIOLATION (0xc0000005) at pc=0x00007ffe06fcffc5, pid=8928, tid=20476
#
# JRE version: OpenJDK Runtime Environment (14.0.2+12) (build 14.0.2+12-46)
# Java VM: OpenJDK 64-Bit Server VM (14.0.2+12-46, mixed mode, sharing, tiered, compressed oops, g1 gc, windows-amd64)
# Problematic frame:
# C  [nvoglv64.dll+0x113ffc5]
#
# No core dump will be written. Minidumps are not enabled by default on client versions of Windows
#
# If you would like to submit a bug report, please visit:
#   https://bugreport.java.com/bugreport/crash.jsp
# The crash happened outside the Java Virtual Machine in native code.
# See problematic frame for where to report the bug.
#

---------------  S U M M A R Y ------------

Command Line: -javaagent:C:\Users\kjaga\AppData\Local\JetBrains\Toolbox\apps\IDEA-U\ch-0\202.8194.7\lib\idea_rt.jar=56785:C:\Users\kjaga\AppData\Local\JetBrains\Toolbox\apps\IDEA-U\ch-0\202.8194.7\bin -Dfile.encoding=UTF-8 kagarwal1_3_VertexArray

Host: AMD Ryzen 7 3800X 8-Core Processor             , 16 cores, 31G,  Windows 10 , 64 bit Build 19041 (10.0.19041.546)
Time: Sun Nov 29 22:50:35 2020 Eastern Standard Time elapsed time: 1 seconds (0d 0h 0m 1s)

---------------  T H R E A D  ---------------

Current thread (0x00000175fd2c7000):  JavaThread "AWT-EventQueue-0" [_thread_in_native, id=20476, stack(0x0000003b28c00000,0x0000003b28d00000)]

Stack: [0x0000003b28c00000,0x0000003b28d00000],  sp=0x0000003b28cfe788,  free space=1017k
Native frames: (J=compiled Java code, j=interpreted, Vv=VM code, C=native code)
C  [nvoglv64.dll+0x113ffc5]

Java frames: (J=compiled Java code, j=interpreted, Vv=VM code)
j  jogamp.opengl.gl4.GL4bcImpl.dispatch_glDrawArrays1(IIIJ)V+0
j  jogamp.opengl.gl4.GL4bcImpl.glDrawArrays(III)V+45
j  kagarwal1_3_VertexArray.display(Lcom/jogamp/opengl/GLAutoDrawable;)V+26
j  jogamp.opengl.GLDrawableHelper.displayImpl(Lcom/jogamp/opengl/GLAutoDrawable;)V+62
j  jogamp.opengl.GLDrawableHelper.display(Lcom/jogamp/opengl/GLAutoDrawable;)V+2
j  com.jogamp.opengl.awt.GLCanvas$11.run()V+118
j  jogamp.opengl.GLDrawableHelper.invokeGLImpl(Lcom/jogamp/opengl/GLDrawable;Lcom/jogamp/opengl/GLContext;Ljava/lang/Runnable;Ljava/lang/Runnable;)V+203
j  jogamp.opengl.GLDrawableHelper.invokeGL(Lcom/jogamp/opengl/GLDrawable;Lcom/jogamp/opengl/GLContext;Ljava/lang/Runnable;Ljava/lang/Runnable;)V+72
j  com.jogamp.opengl.awt.GLCanvas$12.run()V+104
j  java.awt.event.InvocationEvent.dispatch()V+11 java.desktop@14.0.2
j  java.awt.EventQueue.dispatchEventImpl(Ljava/awt/AWTEvent;Ljava/lang/Object;)V+21 java.desktop@14.0.2
j  java.awt.EventQueue$4.run()Ljava/lang/Void;+32 java.desktop@14.0.2
j  java.awt.EventQueue$4.run()Ljava/lang/Object;+1 java.desktop@14.0.2
J 896 c1 java.security.AccessController.executePrivileged(Ljava/security/PrivilegedAction;Ljava/security/AccessControlContext;Ljava/lang/Class;)Ljava/lang/Object; java.base@14.0.2 (65 bytes) @ 0x00000175df2ce944 [0x00000175df2ce7e0+0x0000000000000164]
j  java.security.AccessController.doPrivileged(Ljava/security/PrivilegedAction;Ljava/security/AccessControlContext;)Ljava/lang/Object;+13 java.base@14.0.2
j  java.security.ProtectionDomain$JavaSecurityAccessImpl.doIntersectionPrivilege(Ljava/security/PrivilegedAction;Ljava/security/AccessControlContext;Ljava/security/AccessControlContext;)Ljava/lang/Object;+18 java.base@14.0.2
j  java.awt.EventQueue.dispatchEvent(Ljava/awt/AWTEvent;)V+46 java.desktop@14.0.2
j  java.awt.EventDispatchThread.pumpOneEventForFilters(I)V+78 java.desktop@14.0.2
j  java.awt.EventDispatchThread.pumpEventsForFilter(ILjava/awt/Conditional;Ljava/awt/EventFilter;)V+35 java.desktop@14.0.2
j  java.awt.EventDispatchThread.pumpEventsForHierarchy(ILjava/awt/Conditional;Ljava/awt/Component;)V+11 java.desktop@14.0.2
j  java.awt.EventDispatchThread.pumpEvents(ILjava/awt/Conditional;)V+4 java.desktop@14.0.2
j  java.awt.EventDispatchThread.pumpEvents(Ljava/awt/Conditional;)V+3 java.desktop@14.0.2
j  java.awt.EventDispatchThread.run()V+9 java.desktop@14.0.2
v  ~StubRoutines::call_stub

siginfo: EXCEPTION_ACCESS_VIOLATION (0xc0000005), reading address 0x0000000000000000


Register to memory mapping:

RIP=0x00007ffe06fcffc5 nvoglv64.dll
RAX=0x00000175ff81124c points into unknown readable memory: 00 00 00 00
RBX=0x0000000000000280 is an unknown value
RCX=0x00007ffe06fcffc5 nvoglv64.dll
RDX=0x0 is NULL
RSP=0x0000003b28cfe788 is pointing into the stack for thread: 0x00000175fd2c7000
RBP=0x0000000000000003 is an unknown value
RSI=0x0000000000000001 is an unknown value
RDI=0x00000175ff81124c points into unknown readable memory: 00 00 00 00
R8 =0x0000000000000010 is an unknown value
R9 =0x00007ffe05e90000 nvoglv64.dll
R10=0x0 is NULL
R11=0x00000175ff81124c points into unknown readable memory: 00 00 00 00
R12=0x0 is NULL
R13=0x00007ffe05e90000 nvoglv64.dll
R14=0x0 is NULL
R15=0x0000017592f51438 points into unknown readable memory: 03 00 00 00 01 00 00 00


Registers:
RAX=0x00000175ff81124c, RBX=0x0000000000000280, RCX=0x00007ffe06fcffc5, RDX=0x0000000000000000
RSP=0x0000003b28cfe788, RBP=0x0000000000000003, RSI=0x0000000000000001, RDI=0x00000175ff81124c
R8 =0x0000000000000010, R9 =0x00007ffe05e90000, R10=0x0000000000000000, R11=0x00000175ff81124c
R12=0x0000000000000000, R13=0x00007ffe05e90000, R14=0x0000000000000000, R15=0x0000017592f51438
RIP=0x00007ffe06fcffc5, EFLAGS=0x0000000000010206

Top of Stack: (sp=0x0000003b28cfe788)
0x0000003b28cfe788:   00007ffe06a0986c 00000175de9fa1b3
0x0000003b28cfe798:   00000000000011ed 00000175fd2c7000
0x0000003b28cfe7a8:   00007ffe0687910b 0000000000000000
0x0000003b28cfe7b8:   0000000000000000 0000000000000000
0x0000003b28cfe7c8:   000000000001810b 0000017592f51438
0x0000003b28cfe7d8:   00007ffe06a0a77b 0000017592f4f080
0x0000003b28cfe7e8:   0000000000000000 0000000000000001
0x0000003b28cfe7f8:   00000175de9ff260 00000175fd2c7000
0x0000003b28cfe808:   0000003b28cfe918 00000175fca16df8
0x0000003b28cfe818:   0000000000000000 00000175de9fa1b3
0x0000003b28cfe828:   00000175de9ff417 00000175fca16df8
0x0000003b28cfe838:   0000003b28cfe8d0 00000000000011ed
0x0000003b28cfe848:   00007ffe3bb82f0f 0000017500000001
0x0000003b28cfe858:   00007ffe069593f0 00000175fca16df8
0x0000003b28cfe868:   00000000000011ed 00000175de9fa1b3
0x0000003b28cfe878:   00007ffe3bb7c5ac 00000175de9ff0b6 

Instructions: (pc=0x00007ffe06fcffc5)
0x00007ffe06fcfec5:   07 eb 83 48 83 c1 08 48 83 c1 08 48 83 c1 08 48
0x00007ffe06fcfed5:   8b 0c 0a 48 0f c8 48 0f c9 48 3b c1 1b c0 83 d8
0x00007ffe06fcfee5:   ff c3 cc cc cc cc cc cc cc cc cc cc cc cc cc cc
0x00007ffe06fcfef5:   cc 66 66 0f 1f 84 00 00 00 00 00 57 56 49 8b c3
0x00007ffe06fcff05:   48 8b f9 49 8b c8 49 8b f2 f3 a4 5e 5f c3 cc cc
0x00007ffe06fcff15:   cc cc cc cc 0f 1f 80 00 00 00 00 4c 8b d9 4c 8b
0x00007ffe06fcff25:   d2 49 83 f8 10 76 54 49 83 f8 20 76 2e 48 2b d1
0x00007ffe06fcff35:   73 0d 4b 8d 04 10 48 3b c8 0f 82 dc 02 00 00 49
0x00007ffe06fcff45:   81 f8 80 00 00 00 0f 86 0f 02 00 00 f6 05 40 f8
0x00007ffe06fcff55:   9f 01 02 0f 84 52 01 00 00 eb a0 0f 10 02 42 0f
0x00007ffe06fcff65:   10 4c 02 f0 0f 11 01 42 0f 11 4c 01 f0 48 8b c1
0x00007ffe06fcff75:   c3 66 66 0f 1f 84 00 00 00 00 00 48 8b c1 4c 8d
0x00007ffe06fcff85:   0d 76 00 ec fe 43 8b 8c 81 10 9a c8 02 49 03 c9
0x00007ffe06fcff95:   ff e1 66 0f 1f 84 00 00 00 00 00 c3 0f b7 0a 66
0x00007ffe06fcffa5:   89 08 c3 48 8b 0a 48 89 08 c3 0f b7 0a 44 0f b6
0x00007ffe06fcffb5:   42 02 66 89 08 44 88 40 02 c3 0f b6 0a 88 08 c3
0x00007ffe06fcffc5:   f3 0f 6f 02 f3 0f 7f 00 c3 66 90 4c 8b 02 0f b7
0x00007ffe06fcffd5:   4a 08 44 0f b6 4a 0a 4c 89 00 66 89 48 08 44 88
0x00007ffe06fcffe5:   48 0a c3 8b 0a 89 08 c3 0f 1f 00 8b 0a 44 0f b6
0x00007ffe06fcfff5:   42 04 89 08 44 88 40 04 c3 66 90 8b 0a 44 0f b7
0x00007ffe06fd0005:   42 04 89 08 66 44 89 40 04 c3 90 8b 0a 44 0f b7
0x00007ffe06fd0015:   42 04 44 0f b6 4a 06 89 08 66 44 89 40 04 44 88
0x00007ffe06fd0025:   48 06 c3 4c 8b 02 8b 4a 08 44 0f b6 4a 0c 4c 89
0x00007ffe06fd0035:   00 89 48 08 44 88 48 0c c3 66 90 4c 8b 02 0f b6
0x00007ffe06fd0045:   4a 08 4c 89 00 88 48 08 c3 66 90 4c 8b 02 0f b7
0x00007ffe06fd0055:   4a 08 4c 89 00 66 89 48 08 c3 90 4c 8b 02 8b 4a
0x00007ffe06fd0065:   08 4c 89 00 89 48 08 c3 0f 1f 00 4c 8b 02 8b 4a
0x00007ffe06fd0075:   08 44 0f b7 4a 0c 4c 89 00 89 48 08 66 44 89 48
0x00007ffe06fd0085:   0c c3 66 0f 1f 84 00 00 00 00 00 4c 8b 02 8b 4a
0x00007ffe06fd0095:   08 44 0f b7 4a 0c 44 0f b6 52 0e 4c 89 00 89 48
0x00007ffe06fd00a5:   08 66 44 89 48 0c 44 88 50 0e c3 0f 10 04 11 4c
0x00007ffe06fd00b5:   03 c1 48 83 c1 10 41 f6 c3 0f 74 13 0f 28 c8 48 


Stack slot to memory mapping:
stack at sp + 0 slots: 0x00007ffe06a0986c nvoglv64.dll
stack at sp + 1 slots: 0x00000175de9fa1b3 is at code_begin+2355 in an Interpreter codelet
invoke return entry points  [0x00000175de9f9880, 0x00000175de9fa2a0]  2592 bytes
stack at sp + 2 slots: 0x00000000000011ed is an unknown value
stack at sp + 3 slots: 0x00000175fd2c7000 is a thread
stack at sp + 4 slots: 0x00007ffe0687910b nvoglv64.dll
stack at sp + 5 slots: 0x0 is NULL
stack at sp + 6 slots: 0x0 is NULL
stack at sp + 7 slots: 0x0 is NULL


---------------  P R O C E S S  ---------------

Threads class SMR info:
_java_thread_list=0x00000175ff3f8000, length=21, elements={
0x00000175fccbe800, 0x00000175fccc2000, 0x00000175fccd9000, 0x00000175fccdc000,
0x00000175fccde000, 0x00000175fcce6000, 0x00000175fccf3000, 0x00000175fccdd000,
0x00000175fccd9800, 0x00000175fce3d800, 0x00000175fce44800, 0x00000175fccd8000,
0x00000175fccda800, 0x00000175fccde800, 0x00000175fccdb800, 0x00000175fd2c7800,
0x00000175fd2c7000, 0x00000175fd2c2000, 0x00000175fd2c4800, 0x00000175fd2c8800,
0x00000175fd2c5000
}

Java Threads: ( => current thread )
  0x00000175fccbe800 JavaThread "Reference Handler" daemon [_thread_blocked, id=18896, stack(0x0000003b28100000,0x0000003b28200000)]
  0x00000175fccc2000 JavaThread "Finalizer" daemon [_thread_blocked, id=21620, stack(0x0000003b28200000,0x0000003b28300000)]
  0x00000175fccd9000 JavaThread "Signal Dispatcher" daemon [_thread_blocked, id=14824, stack(0x0000003b28300000,0x0000003b28400000)]
  0x00000175fccdc000 JavaThread "Attach Listener" daemon [_thread_blocked, id=21876, stack(0x0000003b28400000,0x0000003b28500000)]
  0x00000175fccde000 JavaThread "Service Thread" daemon [_thread_blocked, id=15860, stack(0x0000003b28500000,0x0000003b28600000)]
  0x00000175fcce6000 JavaThread "C2 CompilerThread0" daemon [_thread_blocked, id=15824, stack(0x0000003b28600000,0x0000003b28700000)]
  0x00000175fccf3000 JavaThread "C1 CompilerThread0" daemon [_thread_blocked, id=22140, stack(0x0000003b28700000,0x0000003b28800000)]
  0x00000175fccdd000 JavaThread "Sweeper thread" daemon [_thread_blocked, id=16644, stack(0x0000003b28800000,0x0000003b28900000)]
  0x00000175fccd9800 JavaThread "Common-Cleaner" daemon [_thread_blocked, id=6116, stack(0x0000003b28900000,0x0000003b28a00000)]
  0x00000175fce3d800 JavaThread "C1 CompilerThread1" daemon [_thread_blocked, id=3004, stack(0x0000003b28a00000,0x0000003b28b00000)]
  0x00000175fce44800 JavaThread "C1 CompilerThread2" daemon [_thread_blocked, id=6024, stack(0x0000003b28b00000,0x0000003b28c00000)]
  0x00000175fccd8000 JavaThread "Monitor Ctrl-Break" daemon [_thread_in_native, id=12240, stack(0x0000003b28d00000,0x0000003b28e00000)]
  0x00000175fccda800 JavaThread "Notification Thread" daemon [_thread_blocked, id=932, stack(0x0000003b28e00000,0x0000003b28f00000)]
  0x00000175fccde800 JavaThread "Java2D Disposer" daemon [_thread_blocked, id=8556, stack(0x0000003b29000000,0x0000003b29100000)]
  0x00000175fccdb800 JavaThread "AWT-Shutdown" [_thread_blocked, id=18868, stack(0x0000003b29100000,0x0000003b29200000)]
  0x00000175fd2c7800 JavaThread "AWT-Windows" daemon [_thread_in_native, id=21344, stack(0x0000003b29200000,0x0000003b29300000)]
=>0x00000175fd2c7000 JavaThread "AWT-EventQueue-0" [_thread_in_native, id=20476, stack(0x0000003b28c00000,0x0000003b28d00000)]
  0x00000175fd2c2000 JavaThread "main-SharedResourceRunner" daemon [_thread_blocked, id=7196, stack(0x0000003b295c0000,0x0000003b296c0000)]
  0x00000175fd2c4800 JavaThread "main-FPSAWTAnimator#00-Timer0" [_thread_blocked, id=4252, stack(0x0000003b2a9c0000,0x0000003b2aac0000)]
  0x00000175fd2c8800 JavaThread "DestroyJavaVM" [_thread_blocked, id=21680, stack(0x0000003b27a00000,0x0000003b27b00000)]
  0x00000175fd2c5000 JavaThread "D3D Screen Updater" daemon [_thread_blocked, id=18096, stack(0x0000003b2aac0000,0x0000003b2abc0000)]

Other Threads:
  0x00000175fc39c800 VMThread "VM Thread" [stack: 0x0000003b28000000,0x0000003b28100000] [id=5216]
  0x00000175fd104800 WatcherThread [stack: 0x0000003b28f00000,0x0000003b29000000] [id=8636]
  0x00000175d414e000 GCTaskThread "GC Thread#0" [stack: 0x0000003b27b00000,0x0000003b27c00000] [id=14028]
  0x00000175ff74c800 GCTaskThread "GC Thread#1" [stack: 0x0000003b29cc0000,0x0000003b29dc0000] [id=19976]
  0x000001759169d000 GCTaskThread "GC Thread#2" [stack: 0x0000003b29dc0000,0x0000003b29ec0000] [id=2672]
  0x000001759169d800 GCTaskThread "GC Thread#3" [stack: 0x0000003b29ec0000,0x0000003b29fc0000] [id=11052]
  0x000001759169e800 GCTaskThread "GC Thread#4" [stack: 0x0000003b29fc0000,0x0000003b2a0c0000] [id=13464]
  0x000001759169f000 GCTaskThread "GC Thread#5" [stack: 0x0000003b2a0c0000,0x0000003b2a1c0000] [id=18936]
  0x00000175916a0000 GCTaskThread "GC Thread#6" [stack: 0x0000003b2a1c0000,0x0000003b2a2c0000] [id=20672]
  0x00000175916a0800 GCTaskThread "GC Thread#7" [stack: 0x0000003b2a2c0000,0x0000003b2a3c0000] [id=22436]
  0x00000175ff78a800 GCTaskThread "GC Thread#8" [stack: 0x0000003b2a3c0000,0x0000003b2a4c0000] [id=2008]
  0x00000175ff78b000 GCTaskThread "GC Thread#9" [stack: 0x0000003b2a4c0000,0x0000003b2a5c0000] [id=17864]
  0x00000175ff78b800 GCTaskThread "GC Thread#10" [stack: 0x0000003b2a5c0000,0x0000003b2a6c0000] [id=18080]
  0x00000175ff78c800 GCTaskThread "GC Thread#11" [stack: 0x0000003b2a6c0000,0x0000003b2a7c0000] [id=4336]
  0x00000175d62e3000 ConcurrentGCThread "G1 Main Marker" [stack: 0x0000003b27c00000,0x0000003b27d00000] [id=8736]
  0x00000175d62e5000 ConcurrentGCThread "G1 Conc#0" [stack: 0x0000003b27d00000,0x0000003b27e00000] [id=20468]
  0x00000175fc328000 ConcurrentGCThread "G1 Refine#0" [stack: 0x0000003b27e00000,0x0000003b27f00000] [id=3436]
  0x00000175fc32a000 ConcurrentGCThread "G1 Young RemSet Sampling" [stack: 0x0000003b27f00000,0x0000003b28000000] [id=17692]

Threads with active compile tasks:

VM state:not at safepoint (normal execution)

VM Mutex/Monitor currently owned by a thread: None

Heap address: 0x0000000600c00000, size: 8180 MB, Compressed Oops mode: Zero based, Oop shift amount: 3
Narrow klass base: 0x0000000800000000, Narrow klass shift: 3
Compressed class space size: 1073741824 Address: 0x0000000800b30000

Heap:
 garbage-first heap   total 524288K, used 7713K [0x0000000600c00000, 0x0000000800000000)
  region size 2048K, 5 young (10240K), 2 survivors (4096K)
 Metaspace       used 13098K, capacity 13313K, committed 13568K, reserved 1060864K
  class space    used 1204K, capacity 1277K, committed 1280K, reserved 1048576K
Heap Regions: E=young(eden), S=young(survivor), O=old, HS=humongous(starts), HC=humongous(continues), CS=collection set, F=free, OA=open archive, CA=closed archive, TAMS=top-at-mark-start (previous, next)
|   0|0x0000000600c00000, 0x0000000600c00000, 0x0000000600e00000|  0%| F|  |TAMS 0x0000000600c00000, 0x0000000600c00000| Untracked 
|   1|0x0000000600e00000, 0x0000000600e00000, 0x0000000601000000|  0%| F|  |TAMS 0x0000000600e00000, 0x0000000600e00000| Untracked 
|   2|0x0000000601000000, 0x0000000601000000, 0x0000000601200000|  0%| F|  |TAMS 0x0000000601000000, 0x0000000601000000| Untracked 
|   3|0x0000000601200000, 0x0000000601200000, 0x0000000601400000|  0%| F|  |TAMS 0x0000000601200000, 0x0000000601200000| Untracked 
|   4|0x0000000601400000, 0x0000000601400000, 0x0000000601600000|  0%| F|  |TAMS 0x0000000601400000, 0x0000000601400000| Untracked 
|   5|0x0000000601600000, 0x0000000601600000, 0x0000000601800000|  0%| F|  |TAMS 0x0000000601600000, 0x0000000601600000| Untracked 
|   6|0x0000000601800000, 0x0000000601800000, 0x0000000601a00000|  0%| F|  |TAMS 0x0000000601800000, 0x0000000601800000| Untracked 
|   7|0x0000000601a00000, 0x0000000601a00000, 0x0000000601c00000|  0%| F|  |TAMS 0x0000000601a00000, 0x0000000601a00000| Untracked 
|   8|0x0000000601c00000, 0x0000000601c00000, 0x0000000601e00000|  0%| F|  |TAMS 0x0000000601c00000, 0x0000000601c00000| Untracked 
|   9|0x0000000601e00000, 0x0000000601e00000, 0x0000000602000000|  0%| F|  |TAMS 0x0000000601e00000, 0x0000000601e00000| Untracked 
|  10|0x0000000602000000, 0x0000000602000000, 0x0000000602200000|  0%| F|  |TAMS 0x0000000602000000, 0x0000000602000000| Untracked 
|  11|0x0000000602200000, 0x0000000602200000, 0x0000000602400000|  0%| F|  |TAMS 0x0000000602200000, 0x0000000602200000| Untracked 
|  12|0x0000000602400000, 0x0000000602400000, 0x0000000602600000|  0%| F|  |TAMS 0x0000000602400000, 0x0000000602400000| Untracked 
|  13|0x0000000602600000, 0x0000000602600000, 0x0000000602800000|  0%| F|  |TAMS 0x0000000602600000, 0x0000000602600000| Untracked 
|  14|0x0000000602800000, 0x0000000602800000, 0x0000000602a00000|  0%| F|  |TAMS 0x0000000602800000, 0x0000000602800000| Untracked 
|  15|0x0000000602a00000, 0x0000000602a00000, 0x0000000602c00000|  0%| F|  |TAMS 0x0000000602a00000, 0x0000000602a00000| Untracked 
|  16|0x0000000602c00000, 0x0000000602c00000, 0x0000000602e00000|  0%| F|  |TAMS 0x0000000602c00000, 0x0000000602c00000| Untracked 
|  17|0x0000000602e00000, 0x0000000602e00000, 0x0000000603000000|  0%| F|  |TAMS 0x0000000602e00000, 0x0000000602e00000| Untracked 
|  18|0x0000000603000000, 0x0000000603000000, 0x0000000603200000|  0%| F|  |TAMS 0x0000000603000000, 0x0000000603000000| Untracked 
|  19|0x0000000603200000, 0x0000000603200000, 0x0000000603400000|  0%| F|  |TAMS 0x0000000603200000, 0x0000000603200000| Untracked 
|  20|0x0000000603400000, 0x0000000603400000, 0x0000000603600000|  0%| F|  |TAMS 0x0000000603400000, 0x0000000603400000| Untracked 
|  21|0x0000000603600000, 0x0000000603600000, 0x0000000603800000|  0%| F|  |TAMS 0x0000000603600000, 0x0000000603600000| Untracked 
|  22|0x0000000603800000, 0x0000000603800000, 0x0000000603a00000|  0%| F|  |TAMS 0x0000000603800000, 0x0000000603800000| Untracked 
|  23|0x0000000603a00000, 0x0000000603a00000, 0x0000000603c00000|  0%| F|  |TAMS 0x0000000603a00000, 0x0000000603a00000| Untracked 
|  24|0x0000000603c00000, 0x0000000603c00000, 0x0000000603e00000|  0%| F|  |TAMS 0x0000000603c00000, 0x0000000603c00000| Untracked 
|  25|0x0000000603e00000, 0x0000000603e00000, 0x0000000604000000|  0%| F|  |TAMS 0x0000000603e00000, 0x0000000603e00000| Untracked 
|  26|0x0000000604000000, 0x0000000604000000, 0x0000000604200000|  0%| F|  |TAMS 0x0000000604000000, 0x0000000604000000| Untracked 
|  27|0x0000000604200000, 0x0000000604200000, 0x0000000604400000|  0%| F|  |TAMS 0x0000000604200000, 0x0000000604200000| Untracked 
|  28|0x0000000604400000, 0x0000000604400000, 0x0000000604600000|  0%| F|  |TAMS 0x0000000604400000, 0x0000000604400000| Untracked 
|  29|0x0000000604600000, 0x0000000604600000, 0x0000000604800000|  0%| F|  |TAMS 0x0000000604600000, 0x0000000604600000| Untracked 
|  30|0x0000000604800000, 0x0000000604800000, 0x0000000604a00000|  0%| F|  |TAMS 0x0000000604800000, 0x0000000604800000| Untracked 
|  31|0x0000000604a00000, 0x0000000604a00000, 0x0000000604c00000|  0%| F|  |TAMS 0x0000000604a00000, 0x0000000604a00000| Untracked 
|  32|0x0000000604c00000, 0x0000000604c00000, 0x0000000604e00000|  0%| F|  |TAMS 0x0000000604c00000, 0x0000000604c00000| Untracked 
|  33|0x0000000604e00000, 0x0000000604e00000, 0x0000000605000000|  0%| F|  |TAMS 0x0000000604e00000, 0x0000000604e00000| Untracked 
|  34|0x0000000605000000, 0x0000000605000000, 0x0000000605200000|  0%| F|  |TAMS 0x0000000605000000, 0x0000000605000000| Untracked 
|  35|0x0000000605200000, 0x0000000605200000, 0x0000000605400000|  0%| F|  |TAMS 0x0000000605200000, 0x0000000605200000| Untracked 
|  36|0x0000000605400000, 0x0000000605400000, 0x0000000605600000|  0%| F|  |TAMS 0x0000000605400000, 0x0000000605400000| Untracked 
|  37|0x0000000605600000, 0x0000000605600000, 0x0000000605800000|  0%| F|  |TAMS 0x0000000605600000, 0x0000000605600000| Untracked 
|  38|0x0000000605800000, 0x0000000605800000, 0x0000000605a00000|  0%| F|  |TAMS 0x0000000605800000, 0x0000000605800000| Untracked 
|  39|0x0000000605a00000, 0x0000000605a00000, 0x0000000605c00000|  0%| F|  |TAMS 0x0000000605a00000, 0x0000000605a00000| Untracked 
|  40|0x0000000605c00000, 0x0000000605c00000, 0x0000000605e00000|  0%| F|  |TAMS 0x0000000605c00000, 0x0000000605c00000| Untracked 
|  41|0x0000000605e00000, 0x0000000605e00000, 0x0000000606000000|  0%| F|  |TAMS 0x0000000605e00000, 0x0000000605e00000| Untracked 
|  42|0x0000000606000000, 0x0000000606000000, 0x0000000606200000|  0%| F|  |TAMS 0x0000000606000000, 0x0000000606000000| Untracked 
|  43|0x0000000606200000, 0x0000000606200000, 0x0000000606400000|  0%| F|  |TAMS 0x0000000606200000, 0x0000000606200000| Untracked 
|  44|0x0000000606400000, 0x0000000606400000, 0x0000000606600000|  0%| F|  |TAMS 0x0000000606400000, 0x0000000606400000| Untracked 
|  45|0x0000000606600000, 0x0000000606600000, 0x0000000606800000|  0%| F|  |TAMS 0x0000000606600000, 0x0000000606600000| Untracked 
|  46|0x0000000606800000, 0x0000000606800000, 0x0000000606a00000|  0%| F|  |TAMS 0x0000000606800000, 0x0000000606800000| Untracked 
|  47|0x0000000606a00000, 0x0000000606a00000, 0x0000000606c00000|  0%| F|  |TAMS 0x0000000606a00000, 0x0000000606a00000| Untracked 
|  48|0x0000000606c00000, 0x0000000606c00000, 0x0000000606e00000|  0%| F|  |TAMS 0x0000000606c00000, 0x0000000606c00000| Untracked 
|  49|0x0000000606e00000, 0x0000000606e00000, 0x0000000607000000|  0%| F|  |TAMS 0x0000000606e00000, 0x0000000606e00000| Untracked 
|  50|0x0000000607000000, 0x0000000607000000, 0x0000000607200000|  0%| F|  |TAMS 0x0000000607000000, 0x0000000607000000| Untracked 
|  51|0x0000000607200000, 0x0000000607200000, 0x0000000607400000|  0%| F|  |TAMS 0x0000000607200000, 0x0000000607200000| Untracked 
|  52|0x0000000607400000, 0x0000000607400000, 0x0000000607600000|  0%| F|  |TAMS 0x0000000607400000, 0x0000000607400000| Untracked 
|  53|0x0000000607600000, 0x0000000607600000, 0x0000000607800000|  0%| F|  |TAMS 0x0000000607600000, 0x0000000607600000| Untracked 
|  54|0x0000000607800000, 0x0000000607800000, 0x0000000607a00000|  0%| F|  |TAMS 0x0000000607800000, 0x0000000607800000| Untracked 
|  55|0x0000000607a00000, 0x0000000607a00000, 0x0000000607c00000|  0%| F|  |TAMS 0x0000000607a00000, 0x0000000607a00000| Untracked 
|  56|0x0000000607c00000, 0x0000000607c00000, 0x0000000607e00000|  0%| F|  |TAMS 0x0000000607c00000, 0x0000000607c00000| Untracked 
|  57|0x0000000607e00000, 0x0000000607e00000, 0x0000000608000000|  0%| F|  |TAMS 0x0000000607e00000, 0x0000000607e00000| Untracked 
|  58|0x0000000608000000, 0x0000000608000000, 0x0000000608200000|  0%| F|  |TAMS 0x0000000608000000, 0x0000000608000000| Untracked 
|  59|0x0000000608200000, 0x0000000608200000, 0x0000000608400000|  0%| F|  |TAMS 0x0000000608200000, 0x0000000608200000| Untracked 
|  60|0x0000000608400000, 0x0000000608400000, 0x0000000608600000|  0%| F|  |TAMS 0x0000000608400000, 0x0000000608400000| Untracked 
|  61|0x0000000608600000, 0x0000000608600000, 0x0000000608800000|  0%| F|  |TAMS 0x0000000608600000, 0x0000000608600000| Untracked 
|  62|0x0000000608800000, 0x0000000608800000, 0x0000000608a00000|  0%| F|  |TAMS 0x0000000608800000, 0x0000000608800000| Untracked 
|  63|0x0000000608a00000, 0x0000000608a00000, 0x0000000608c00000|  0%| F|  |TAMS 0x0000000608a00000, 0x0000000608a00000| Untracked 
|  64|0x0000000608c00000, 0x0000000608c00000, 0x0000000608e00000|  0%| F|  |TAMS 0x0000000608c00000, 0x0000000608c00000| Untracked 
|  65|0x0000000608e00000, 0x0000000608e00000, 0x0000000609000000|  0%| F|  |TAMS 0x0000000608e00000, 0x0000000608e00000| Untracked 
|  66|0x0000000609000000, 0x0000000609000000, 0x0000000609200000|  0%| F|  |TAMS 0x0000000609000000, 0x0000000609000000| Untracked 
|  67|0x0000000609200000, 0x0000000609200000, 0x0000000609400000|  0%| F|  |TAMS 0x0000000609200000, 0x0000000609200000| Untracked 
|  68|0x0000000609400000, 0x0000000609400000, 0x0000000609600000|  0%| F|  |TAMS 0x0000000609400000, 0x0000000609400000| Untracked 
|  69|0x0000000609600000, 0x0000000609600000, 0x0000000609800000|  0%| F|  |TAMS 0x0000000609600000, 0x0000000609600000| Untracked 
|  70|0x0000000609800000, 0x0000000609800000, 0x0000000609a00000|  0%| F|  |TAMS 0x0000000609800000, 0x0000000609800000| Untracked 
|  71|0x0000000609a00000, 0x0000000609a00000, 0x0000000609c00000|  0%| F|  |TAMS 0x0000000609a00000, 0x0000000609a00000| Untracked 
|  72|0x0000000609c00000, 0x0000000609c00000, 0x0000000609e00000|  0%| F|  |TAMS 0x0000000609c00000, 0x0000000609c00000| Untracked 
|  73|0x0000000609e00000, 0x0000000609e00000, 0x000000060a000000|  0%| F|  |TAMS 0x0000000609e00000, 0x0000000609e00000| Untracked 
|  74|0x000000060a000000, 0x000000060a000000, 0x000000060a200000|  0%| F|  |TAMS 0x000000060a000000, 0x000000060a000000| Untracked 
|  75|0x000000060a200000, 0x000000060a200000, 0x000000060a400000|  0%| F|  |TAMS 0x000000060a200000, 0x000000060a200000| Untracked 
|  76|0x000000060a400000, 0x000000060a400000, 0x000000060a600000|  0%| F|  |TAMS 0x000000060a400000, 0x000000060a400000| Untracked 
|  77|0x000000060a600000, 0x000000060a600000, 0x000000060a800000|  0%| F|  |TAMS 0x000000060a600000, 0x000000060a600000| Untracked 
|  78|0x000000060a800000, 0x000000060a800000, 0x000000060aa00000|  0%| F|  |TAMS 0x000000060a800000, 0x000000060a800000| Untracked 
|  79|0x000000060aa00000, 0x000000060aa00000, 0x000000060ac00000|  0%| F|  |TAMS 0x000000060aa00000, 0x000000060aa00000| Untracked 
|  80|0x000000060ac00000, 0x000000060ac00000, 0x000000060ae00000|  0%| F|  |TAMS 0x000000060ac00000, 0x000000060ac00000| Untracked 
|  81|0x000000060ae00000, 0x000000060ae00000, 0x000000060b000000|  0%| F|  |TAMS 0x000000060ae00000, 0x000000060ae00000| Untracked 
|  82|0x000000060b000000, 0x000000060b000000, 0x000000060b200000|  0%| F|  |TAMS 0x000000060b000000, 0x000000060b000000| Untracked 
|  83|0x000000060b200000, 0x000000060b200000, 0x000000060b400000|  0%| F|  |TAMS 0x000000060b200000, 0x000000060b200000| Untracked 
|  84|0x000000060b400000, 0x000000060b400000, 0x000000060b600000|  0%| F|  |TAMS 0x000000060b400000, 0x000000060b400000| Untracked 
|  85|0x000000060b600000, 0x000000060b600000, 0x000000060b800000|  0%| F|  |TAMS 0x000000060b600000, 0x000000060b600000| Untracked 
|  86|0x000000060b800000, 0x000000060b800000, 0x000000060ba00000|  0%| F|  |TAMS 0x000000060b800000, 0x000000060b800000| Untracked 
|  87|0x000000060ba00000, 0x000000060ba00000, 0x000000060bc00000|  0%| F|  |TAMS 0x000000060ba00000, 0x000000060ba00000| Untracked 
|  88|0x000000060bc00000, 0x000000060bc00000, 0x000000060be00000|  0%| F|  |TAMS 0x000000060bc00000, 0x000000060bc00000| Untracked 
|  89|0x000000060be00000, 0x000000060be00000, 0x000000060c000000|  0%| F|  |TAMS 0x000000060be00000, 0x000000060be00000| Untracked 
|  90|0x000000060c000000, 0x000000060c000000, 0x000000060c200000|  0%| F|  |TAMS 0x000000060c000000, 0x000000060c000000| Untracked 
|  91|0x000000060c200000, 0x000000060c200000, 0x000000060c400000|  0%| F|  |TAMS 0x000000060c200000, 0x000000060c200000| Untracked 
|  92|0x000000060c400000, 0x000000060c400000, 0x000000060c600000|  0%| F|  |TAMS 0x000000060c400000, 0x000000060c400000| Untracked 
|  93|0x000000060c600000, 0x000000060c600000, 0x000000060c800000|  0%| F|  |TAMS 0x000000060c600000, 0x000000060c600000| Untracked 
|  94|0x000000060c800000, 0x000000060c800000, 0x000000060ca00000|  0%| F|  |TAMS 0x000000060c800000, 0x000000060c800000| Untracked 
|  95|0x000000060ca00000, 0x000000060ca00000, 0x000000060cc00000|  0%| F|  |TAMS 0x000000060ca00000, 0x000000060ca00000| Untracked 
|  96|0x000000060cc00000, 0x000000060cc00000, 0x000000060ce00000|  0%| F|  |TAMS 0x000000060cc00000, 0x000000060cc00000| Untracked 
|  97|0x000000060ce00000, 0x000000060ce00000, 0x000000060d000000|  0%| F|  |TAMS 0x000000060ce00000, 0x000000060ce00000| Untracked 
|  98|0x000000060d000000, 0x000000060d000000, 0x000000060d200000|  0%| F|  |TAMS 0x000000060d000000, 0x000000060d000000| Untracked 
|  99|0x000000060d200000, 0x000000060d200000, 0x000000060d400000|  0%| F|  |TAMS 0x000000060d200000, 0x000000060d200000| Untracked 
| 100|0x000000060d400000, 0x000000060d400000, 0x000000060d600000|  0%| F|  |TAMS 0x000000060d400000, 0x000000060d400000| Untracked 
| 101|0x000000060d600000, 0x000000060d600000, 0x000000060d800000|  0%| F|  |TAMS 0x000000060d600000, 0x000000060d600000| Untracked 
| 102|0x000000060d800000, 0x000000060d800000, 0x000000060da00000|  0%| F|  |TAMS 0x000000060d800000, 0x000000060d800000| Untracked 
| 103|0x000000060da00000, 0x000000060da00000, 0x000000060dc00000|  0%| F|  |TAMS 0x000000060da00000, 0x000000060da00000| Untracked 
| 104|0x000000060dc00000, 0x000000060dc00000, 0x000000060de00000|  0%| F|  |TAMS 0x000000060dc00000, 0x000000060dc00000| Untracked 
| 105|0x000000060de00000, 0x000000060de00000, 0x000000060e000000|  0%| F|  |TAMS 0x000000060de00000, 0x000000060de00000| Untracked 
| 106|0x000000060e000000, 0x000000060e000000, 0x000000060e200000|  0%| F|  |TAMS 0x000000060e000000, 0x000000060e000000| Untracked 
| 107|0x000000060e200000, 0x000000060e200000, 0x000000060e400000|  0%| F|  |TAMS 0x000000060e200000, 0x000000060e200000| Untracked 
| 108|0x000000060e400000, 0x000000060e400000, 0x000000060e600000|  0%| F|  |TAMS 0x000000060e400000, 0x000000060e400000| Untracked 
| 109|0x000000060e600000, 0x000000060e600000, 0x000000060e800000|  0%| F|  |TAMS 0x000000060e600000, 0x000000060e600000| Untracked 
| 110|0x000000060e800000, 0x000000060e800000, 0x000000060ea00000|  0%| F|  |TAMS 0x000000060e800000, 0x000000060e800000| Untracked 
| 111|0x000000060ea00000, 0x000000060ea00000, 0x000000060ec00000|  0%| F|  |TAMS 0x000000060ea00000, 0x000000060ea00000| Untracked 
| 112|0x000000060ec00000, 0x000000060ec00000, 0x000000060ee00000|  0%| F|  |TAMS 0x000000060ec00000, 0x000000060ec00000| Untracked 
| 113|0x000000060ee00000, 0x000000060ee00000, 0x000000060f000000|  0%| F|  |TAMS 0x000000060ee00000, 0x000000060ee00000| Untracked 
| 114|0x000000060f000000, 0x000000060f000000, 0x000000060f200000|  0%| F|  |TAMS 0x000000060f000000, 0x000000060f000000| Untracked 
| 115|0x000000060f200000, 0x000000060f200000, 0x000000060f400000|  0%| F|  |TAMS 0x000000060f200000, 0x000000060f200000| Untracked 
| 116|0x000000060f400000, 0x000000060f400000, 0x000000060f600000|  0%| F|  |TAMS 0x000000060f400000, 0x000000060f400000| Untracked 
| 117|0x000000060f600000, 0x000000060f600000, 0x000000060f800000|  0%| F|  |TAMS 0x000000060f600000, 0x000000060f600000| Untracked 
| 118|0x000000060f800000, 0x000000060f800000, 0x000000060fa00000|  0%| F|  |TAMS 0x000000060f800000, 0x000000060f800000| Untracked 
| 119|0x000000060fa00000, 0x000000060fa00000, 0x000000060fc00000|  0%| F|  |TAMS 0x000000060fa00000, 0x000000060fa00000| Untracked 
| 120|0x000000060fc00000, 0x000000060fc00000, 0x000000060fe00000|  0%| F|  |TAMS 0x000000060fc00000, 0x000000060fc00000| Untracked 
| 121|0x000000060fe00000, 0x000000060fe00000, 0x0000000610000000|  0%| F|  |TAMS 0x000000060fe00000, 0x000000060fe00000| Untracked 
| 122|0x0000000610000000, 0x0000000610000000, 0x0000000610200000|  0%| F|  |TAMS 0x0000000610000000, 0x0000000610000000| Untracked 
| 123|0x0000000610200000, 0x0000000610200000, 0x0000000610400000|  0%| F|  |TAMS 0x0000000610200000, 0x0000000610200000| Untracked 
| 124|0x0000000610400000, 0x0000000610400000, 0x0000000610600000|  0%| F|  |TAMS 0x0000000610400000, 0x0000000610400000| Untracked 
| 125|0x0000000610600000, 0x0000000610600000, 0x0000000610800000|  0%| F|  |TAMS 0x0000000610600000, 0x0000000610600000| Untracked 
| 126|0x0000000610800000, 0x0000000610800000, 0x0000000610a00000|  0%| F|  |TAMS 0x0000000610800000, 0x0000000610800000| Untracked 
| 127|0x0000000610a00000, 0x0000000610a00000, 0x0000000610c00000|  0%| F|  |TAMS 0x0000000610a00000, 0x0000000610a00000| Untracked 
| 128|0x0000000610c00000, 0x0000000610c00000, 0x0000000610e00000|  0%| F|  |TAMS 0x0000000610c00000, 0x0000000610c00000| Untracked 
| 129|0x0000000610e00000, 0x0000000610e00000, 0x0000000611000000|  0%| F|  |TAMS 0x0000000610e00000, 0x0000000610e00000| Untracked 
| 130|0x0000000611000000, 0x0000000611000000, 0x0000000611200000|  0%| F|  |TAMS 0x0000000611000000, 0x0000000611000000| Untracked 
| 131|0x0000000611200000, 0x0000000611200000, 0x0000000611400000|  0%| F|  |TAMS 0x0000000611200000, 0x0000000611200000| Untracked 
| 132|0x0000000611400000, 0x0000000611400000, 0x0000000611600000|  0%| F|  |TAMS 0x0000000611400000, 0x0000000611400000| Untracked 
| 133|0x0000000611600000, 0x0000000611600000, 0x0000000611800000|  0%| F|  |TAMS 0x0000000611600000, 0x0000000611600000| Untracked 
| 134|0x0000000611800000, 0x0000000611800000, 0x0000000611a00000|  0%| F|  |TAMS 0x0000000611800000, 0x0000000611800000| Untracked 
| 135|0x0000000611a00000, 0x0000000611a00000, 0x0000000611c00000|  0%| F|  |TAMS 0x0000000611a00000, 0x0000000611a00000| Untracked 
| 136|0x0000000611c00000, 0x0000000611c00000, 0x0000000611e00000|  0%| F|  |TAMS 0x0000000611c00000, 0x0000000611c00000| Untracked 
| 137|0x0000000611e00000, 0x0000000611e00000, 0x0000000612000000|  0%| F|  |TAMS 0x0000000611e00000, 0x0000000611e00000| Untracked 
| 138|0x0000000612000000, 0x0000000612000000, 0x0000000612200000|  0%| F|  |TAMS 0x0000000612000000, 0x0000000612000000| Untracked 
| 139|0x0000000612200000, 0x0000000612200000, 0x0000000612400000|  0%| F|  |TAMS 0x0000000612200000, 0x0000000612200000| Untracked 
| 140|0x0000000612400000, 0x0000000612400000, 0x0000000612600000|  0%| F|  |TAMS 0x0000000612400000, 0x0000000612400000| Untracked 
| 141|0x0000000612600000, 0x0000000612600000, 0x0000000612800000|  0%| F|  |TAMS 0x0000000612600000, 0x0000000612600000| Untracked 
| 142|0x0000000612800000, 0x0000000612800000, 0x0000000612a00000|  0%| F|  |TAMS 0x0000000612800000, 0x0000000612800000| Untracked 
| 143|0x0000000612a00000, 0x0000000612a00000, 0x0000000612c00000|  0%| F|  |TAMS 0x0000000612a00000, 0x0000000612a00000| Untracked 
| 144|0x0000000612c00000, 0x0000000612c00000, 0x0000000612e00000|  0%| F|  |TAMS 0x0000000612c00000, 0x0000000612c00000| Untracked 
| 145|0x0000000612e00000, 0x0000000612e00000, 0x0000000613000000|  0%| F|  |TAMS 0x0000000612e00000, 0x0000000612e00000| Untracked 
| 146|0x0000000613000000, 0x0000000613000000, 0x0000000613200000|  0%| F|  |TAMS 0x0000000613000000, 0x0000000613000000| Untracked 
| 147|0x0000000613200000, 0x0000000613200000, 0x0000000613400000|  0%| F|  |TAMS 0x0000000613200000, 0x0000000613200000| Untracked 
| 148|0x0000000613400000, 0x0000000613400000, 0x0000000613600000|  0%| F|  |TAMS 0x0000000613400000, 0x0000000613400000| Untracked 
| 149|0x0000000613600000, 0x0000000613600000, 0x0000000613800000|  0%| F|  |TAMS 0x0000000613600000, 0x0000000613600000| Untracked 
| 150|0x0000000613800000, 0x0000000613800000, 0x0000000613a00000|  0%| F|  |TAMS 0x0000000613800000, 0x0000000613800000| Untracked 
| 151|0x0000000613a00000, 0x0000000613a00000, 0x0000000613c00000|  0%| F|  |TAMS 0x0000000613a00000, 0x0000000613a00000| Untracked 
| 152|0x0000000613c00000, 0x0000000613c00000, 0x0000000613e00000|  0%| F|  |TAMS 0x0000000613c00000, 0x0000000613c00000| Untracked 
| 153|0x0000000613e00000, 0x0000000613e00000, 0x0000000614000000|  0%| F|  |TAMS 0x0000000613e00000, 0x0000000613e00000| Untracked 
| 154|0x0000000614000000, 0x0000000614000000, 0x0000000614200000|  0%| F|  |TAMS 0x0000000614000000, 0x0000000614000000| Untracked 
| 155|0x0000000614200000, 0x0000000614200000, 0x0000000614400000|  0%| F|  |TAMS 0x0000000614200000, 0x0000000614200000| Untracked 
| 156|0x0000000614400000, 0x0000000614400000, 0x0000000614600000|  0%| F|  |TAMS 0x0000000614400000, 0x0000000614400000| Untracked 
| 157|0x0000000614600000, 0x0000000614600000, 0x0000000614800000|  0%| F|  |TAMS 0x0000000614600000, 0x0000000614600000| Untracked 
| 158|0x0000000614800000, 0x0000000614800000, 0x0000000614a00000|  0%| F|  |TAMS 0x0000000614800000, 0x0000000614800000| Untracked 
| 159|0x0000000614a00000, 0x0000000614a00000, 0x0000000614c00000|  0%| F|  |TAMS 0x0000000614a00000, 0x0000000614a00000| Untracked 
| 160|0x0000000614c00000, 0x0000000614c00000, 0x0000000614e00000|  0%| F|  |TAMS 0x0000000614c00000, 0x0000000614c00000| Untracked 
| 161|0x0000000614e00000, 0x0000000614e00000, 0x0000000615000000|  0%| F|  |TAMS 0x0000000614e00000, 0x0000000614e00000| Untracked 
| 162|0x0000000615000000, 0x0000000615000000, 0x0000000615200000|  0%| F|  |TAMS 0x0000000615000000, 0x0000000615000000| Untracked 
| 163|0x0000000615200000, 0x0000000615200000, 0x0000000615400000|  0%| F|  |TAMS 0x0000000615200000, 0x0000000615200000| Untracked 
| 164|0x0000000615400000, 0x0000000615400000, 0x0000000615600000|  0%| F|  |TAMS 0x0000000615400000, 0x0000000615400000| Untracked 
| 165|0x0000000615600000, 0x0000000615600000, 0x0000000615800000|  0%| F|  |TAMS 0x0000000615600000, 0x0000000615600000| Untracked 
| 166|0x0000000615800000, 0x0000000615800000, 0x0000000615a00000|  0%| F|  |TAMS 0x0000000615800000, 0x0000000615800000| Untracked 
| 167|0x0000000615a00000, 0x0000000615a00000, 0x0000000615c00000|  0%| F|  |TAMS 0x0000000615a00000, 0x0000000615a00000| Untracked 
| 168|0x0000000615c00000, 0x0000000615c00000, 0x0000000615e00000|  0%| F|  |TAMS 0x0000000615c00000, 0x0000000615c00000| Untracked 
| 169|0x0000000615e00000, 0x0000000615e00000, 0x0000000616000000|  0%| F|  |TAMS 0x0000000615e00000, 0x0000000615e00000| Untracked 
| 170|0x0000000616000000, 0x0000000616000000, 0x0000000616200000|  0%| F|  |TAMS 0x0000000616000000, 0x0000000616000000| Untracked 
| 171|0x0000000616200000, 0x0000000616200000, 0x0000000616400000|  0%| F|  |TAMS 0x0000000616200000, 0x0000000616200000| Untracked 
| 172|0x0000000616400000, 0x0000000616400000, 0x0000000616600000|  0%| F|  |TAMS 0x0000000616400000, 0x0000000616400000| Untracked 
| 173|0x0000000616600000, 0x0000000616600000, 0x0000000616800000|  0%| F|  |TAMS 0x0000000616600000, 0x0000000616600000| Untracked 
| 174|0x0000000616800000, 0x0000000616800000, 0x0000000616a00000|  0%| F|  |TAMS 0x0000000616800000, 0x0000000616800000| Untracked 
| 175|0x0000000616a00000, 0x0000000616a00000, 0x0000000616c00000|  0%| F|  |TAMS 0x0000000616a00000, 0x0000000616a00000| Untracked 
| 176|0x0000000616c00000, 0x0000000616c00000, 0x0000000616e00000|  0%| F|  |TAMS 0x0000000616c00000, 0x0000000616c00000| Untracked 
| 177|0x0000000616e00000, 0x0000000616e00000, 0x0000000617000000|  0%| F|  |TAMS 0x0000000616e00000, 0x0000000616e00000| Untracked 
| 178|0x0000000617000000, 0x0000000617000000, 0x0000000617200000|  0%| F|  |TAMS 0x0000000617000000, 0x0000000617000000| Untracked 
| 179|0x0000000617200000, 0x0000000617200000, 0x0000000617400000|  0%| F|  |TAMS 0x0000000617200000, 0x0000000617200000| Untracked 
| 180|0x0000000617400000, 0x0000000617400000, 0x0000000617600000|  0%| F|  |TAMS 0x0000000617400000, 0x0000000617400000| Untracked 
| 181|0x0000000617600000, 0x0000000617600000, 0x0000000617800000|  0%| F|  |TAMS 0x0000000617600000, 0x0000000617600000| Untracked 
| 182|0x0000000617800000, 0x0000000617800000, 0x0000000617a00000|  0%| F|  |TAMS 0x0000000617800000, 0x0000000617800000| Untracked 
| 183|0x0000000617a00000, 0x0000000617a00000, 0x0000000617c00000|  0%| F|  |TAMS 0x0000000617a00000, 0x0000000617a00000| Untracked 
| 184|0x0000000617c00000, 0x0000000617c00000, 0x0000000617e00000|  0%| F|  |TAMS 0x0000000617c00000, 0x0000000617c00000| Untracked 
| 185|0x0000000617e00000, 0x0000000617e00000, 0x0000000618000000|  0%| F|  |TAMS 0x0000000617e00000, 0x0000000617e00000| Untracked 
| 186|0x0000000618000000, 0x0000000618000000, 0x0000000618200000|  0%| F|  |TAMS 0x0000000618000000, 0x0000000618000000| Untracked 
| 187|0x0000000618200000, 0x0000000618200000, 0x0000000618400000|  0%| F|  |TAMS 0x0000000618200000, 0x0000000618200000| Untracked 
| 188|0x0000000618400000, 0x0000000618400000, 0x0000000618600000|  0%| F|  |TAMS 0x0000000618400000, 0x0000000618400000| Untracked 
| 189|0x0000000618600000, 0x0000000618600000, 0x0000000618800000|  0%| F|  |TAMS 0x0000000618600000, 0x0000000618600000| Untracked 
| 190|0x0000000618800000, 0x0000000618800000, 0x0000000618a00000|  0%| F|  |TAMS 0x0000000618800000, 0x0000000618800000| Untracked 
| 191|0x0000000618a00000, 0x0000000618a00000, 0x0000000618c00000|  0%| F|  |TAMS 0x0000000618a00000, 0x0000000618a00000| Untracked 
| 192|0x0000000618c00000, 0x0000000618c00000, 0x0000000618e00000|  0%| F|  |TAMS 0x0000000618c00000, 0x0000000618c00000| Untracked 
| 193|0x0000000618e00000, 0x0000000618e00000, 0x0000000619000000|  0%| F|  |TAMS 0x0000000618e00000, 0x0000000618e00000| Untracked 
| 194|0x0000000619000000, 0x0000000619000000, 0x0000000619200000|  0%| F|  |TAMS 0x0000000619000000, 0x0000000619000000| Untracked 
| 195|0x0000000619200000, 0x0000000619200000, 0x0000000619400000|  0%| F|  |TAMS 0x0000000619200000, 0x0000000619200000| Untracked 
| 196|0x0000000619400000, 0x0000000619400000, 0x0000000619600000|  0%| F|  |TAMS 0x0000000619400000, 0x0000000619400000| Untracked 
| 197|0x0000000619600000, 0x0000000619600000, 0x0000000619800000|  0%| F|  |TAMS 0x0000000619600000, 0x0000000619600000| Untracked 
| 198|0x0000000619800000, 0x0000000619800000, 0x0000000619a00000|  0%| F|  |TAMS 0x0000000619800000, 0x0000000619800000| Untracked 
| 199|0x0000000619a00000, 0x0000000619a00000, 0x0000000619c00000|  0%| F|  |TAMS 0x0000000619a00000, 0x0000000619a00000| Untracked 
| 200|0x0000000619c00000, 0x0000000619c00000, 0x0000000619e00000|  0%| F|  |TAMS 0x0000000619c00000, 0x0000000619c00000| Untracked 
| 201|0x0000000619e00000, 0x0000000619e00000, 0x000000061a000000|  0%| F|  |TAMS 0x0000000619e00000, 0x0000000619e00000| Untracked 
| 202|0x000000061a000000, 0x000000061a000000, 0x000000061a200000|  0%| F|  |TAMS 0x000000061a000000, 0x000000061a000000| Untracked 
| 203|0x000000061a200000, 0x000000061a200000, 0x000000061a400000|  0%| F|  |TAMS 0x000000061a200000, 0x000000061a200000| Untracked 
| 204|0x000000061a400000, 0x000000061a400000, 0x000000061a600000|  0%| F|  |TAMS 0x000000061a400000, 0x000000061a400000| Untracked 
| 205|0x000000061a600000, 0x000000061a600000, 0x000000061a800000|  0%| F|  |TAMS 0x000000061a600000, 0x000000061a600000| Untracked 
| 206|0x000000061a800000, 0x000000061a800000, 0x000000061aa00000|  0%| F|  |TAMS 0x000000061a800000, 0x000000061a800000| Untracked 
| 207|0x000000061aa00000, 0x000000061aa00000, 0x000000061ac00000|  0%| F|  |TAMS 0x000000061aa00000, 0x000000061aa00000| Untracked 
| 208|0x000000061ac00000, 0x000000061ac00000, 0x000000061ae00000|  0%| F|  |TAMS 0x000000061ac00000, 0x000000061ac00000| Untracked 
| 209|0x000000061ae00000, 0x000000061ae00000, 0x000000061b000000|  0%| F|  |TAMS 0x000000061ae00000, 0x000000061ae00000| Untracked 
| 210|0x000000061b000000, 0x000000061b000000, 0x000000061b200000|  0%| F|  |TAMS 0x000000061b000000, 0x000000061b000000| Untracked 
| 211|0x000000061b200000, 0x000000061b200000, 0x000000061b400000|  0%| F|  |TAMS 0x000000061b200000, 0x000000061b200000| Untracked 
| 212|0x000000061b400000, 0x000000061b400000, 0x000000061b600000|  0%| F|  |TAMS 0x000000061b400000, 0x000000061b400000| Untracked 
| 213|0x000000061b600000, 0x000000061b600000, 0x000000061b800000|  0%| F|  |TAMS 0x000000061b600000, 0x000000061b600000| Untracked 
| 214|0x000000061b800000, 0x000000061b800000, 0x000000061ba00000|  0%| F|  |TAMS 0x000000061b800000, 0x000000061b800000| Untracked 
| 215|0x000000061ba00000, 0x000000061ba00000, 0x000000061bc00000|  0%| F|  |TAMS 0x000000061ba00000, 0x000000061ba00000| Untracked 
| 216|0x000000061bc00000, 0x000000061bc00000, 0x000000061be00000|  0%| F|  |TAMS 0x000000061bc00000, 0x000000061bc00000| Untracked 
| 217|0x000000061be00000, 0x000000061be00000, 0x000000061c000000|  0%| F|  |TAMS 0x000000061be00000, 0x000000061be00000| Untracked 
| 218|0x000000061c000000, 0x000000061c000000, 0x000000061c200000|  0%| F|  |TAMS 0x000000061c000000, 0x000000061c000000| Untracked 
| 219|0x000000061c200000, 0x000000061c200000, 0x000000061c400000|  0%| F|  |TAMS 0x000000061c200000, 0x000000061c200000| Untracked 
| 220|0x000000061c400000, 0x000000061c400000, 0x000000061c600000|  0%| F|  |TAMS 0x000000061c400000, 0x000000061c400000| Untracked 
| 221|0x000000061c600000, 0x000000061c600000, 0x000000061c800000|  0%| F|  |TAMS 0x000000061c600000, 0x000000061c600000| Untracked 
| 222|0x000000061c800000, 0x000000061c800000, 0x000000061ca00000|  0%| F|  |TAMS 0x000000061c800000, 0x000000061c800000| Untracked 
| 223|0x000000061ca00000, 0x000000061ca00000, 0x000000061cc00000|  0%| F|  |TAMS 0x000000061ca00000, 0x000000061ca00000| Untracked 
| 224|0x000000061cc00000, 0x000000061cc00000, 0x000000061ce00000|  0%| F|  |TAMS 0x000000061cc00000, 0x000000061cc00000| Untracked 
| 225|0x000000061ce00000, 0x000000061ce00000, 0x000000061d000000|  0%| F|  |TAMS 0x000000061ce00000, 0x000000061ce00000| Untracked 
| 226|0x000000061d000000, 0x000000061d000000, 0x000000061d200000|  0%| F|  |TAMS 0x000000061d000000, 0x000000061d000000| Untracked 
| 227|0x000000061d200000, 0x000000061d200000, 0x000000061d400000|  0%| F|  |TAMS 0x000000061d200000, 0x000000061d200000| Untracked 
| 228|0x000000061d400000, 0x000000061d400000, 0x000000061d600000|  0%| F|  |TAMS 0x000000061d400000, 0x000000061d400000| Untracked 
| 229|0x000000061d600000, 0x000000061d600000, 0x000000061d800000|  0%| F|  |TAMS 0x000000061d600000, 0x000000061d600000| Untracked 
| 230|0x000000061d800000, 0x000000061d800000, 0x000000061da00000|  0%| F|  |TAMS 0x000000061d800000, 0x000000061d800000| Untracked 
| 231|0x000000061da00000, 0x000000061da00000, 0x000000061dc00000|  0%| F|  |TAMS 0x000000061da00000, 0x000000061da00000| Untracked 
| 232|0x000000061dc00000, 0x000000061dc00000, 0x000000061de00000|  0%| F|  |TAMS 0x000000061dc00000, 0x000000061dc00000| Untracked 
| 233|0x000000061de00000, 0x000000061de00000, 0x000000061e000000|  0%| F|  |TAMS 0x000000061de00000, 0x000000061de00000| Untracked 
| 234|0x000000061e000000, 0x000000061e000000, 0x000000061e200000|  0%| F|  |TAMS 0x000000061e000000, 0x000000061e000000| Untracked 
| 235|0x000000061e200000, 0x000000061e200000, 0x000000061e400000|  0%| F|  |TAMS 0x000000061e200000, 0x000000061e200000| Untracked 
| 236|0x000000061e400000, 0x000000061e400000, 0x000000061e600000|  0%| F|  |TAMS 0x000000061e400000, 0x000000061e400000| Untracked 
| 237|0x000000061e600000, 0x000000061e600000, 0x000000061e800000|  0%| F|  |TAMS 0x000000061e600000, 0x000000061e600000| Untracked 
| 238|0x000000061e800000, 0x000000061e800000, 0x000000061ea00000|  0%| F|  |TAMS 0x000000061e800000, 0x000000061e800000| Untracked 
| 239|0x000000061ea00000, 0x000000061ea00000, 0x000000061ec00000|  0%| F|  |TAMS 0x000000061ea00000, 0x000000061ea00000| Untracked 
| 240|0x000000061ec00000, 0x000000061ec00000, 0x000000061ee00000|  0%| F|  |TAMS 0x000000061ec00000, 0x000000061ec00000| Untracked 
| 241|0x000000061ee00000, 0x000000061ee00000, 0x000000061f000000|  0%| F|  |TAMS 0x000000061ee00000, 0x000000061ee00000| Untracked 
| 242|0x000000061f000000, 0x000000061f188758, 0x000000061f200000| 76%| S|CS|TAMS 0x000000061f000000, 0x000000061f000000| Complete 
| 243|0x000000061f200000, 0x000000061f400000, 0x000000061f400000|100%| S|CS|TAMS 0x000000061f200000, 0x000000061f200000| Complete 
| 244|0x000000061f400000, 0x000000061f400000, 0x000000061f600000|  0%| F|  |TAMS 0x000000061f400000, 0x000000061f400000| Untracked 
| 245|0x000000061f600000, 0x000000061f600000, 0x000000061f800000|  0%| F|  |TAMS 0x000000061f600000, 0x000000061f600000| Untracked 
| 246|0x000000061f800000, 0x000000061f800000, 0x000000061fa00000|  0%| F|  |TAMS 0x000000061f800000, 0x000000061f800000| Untracked 
| 247|0x000000061fa00000, 0x000000061fa00000, 0x000000061fc00000|  0%| F|  |TAMS 0x000000061fa00000, 0x000000061fa00000| Untracked 
| 248|0x000000061fc00000, 0x000000061fc00000, 0x000000061fe00000|  0%| F|  |TAMS 0x000000061fc00000, 0x000000061fc00000| Untracked 
| 249|0x000000061fe00000, 0x000000061fe00000, 0x0000000620000000|  0%| F|  |TAMS 0x000000061fe00000, 0x000000061fe00000| Untracked 
| 250|0x0000000620000000, 0x0000000620000000, 0x0000000620200000|  0%| F|  |TAMS 0x0000000620000000, 0x0000000620000000| Untracked 
| 251|0x0000000620200000, 0x0000000620200000, 0x0000000620400000|  0%| F|  |TAMS 0x0000000620200000, 0x0000000620200000| Untracked 
| 252|0x0000000620400000, 0x0000000620400000, 0x0000000620600000|  0%| F|  |TAMS 0x0000000620400000, 0x0000000620400000| Untracked 
| 253|0x0000000620600000, 0x00000006207ba970, 0x0000000620800000| 86%| E|  |TAMS 0x0000000620600000, 0x0000000620600000| Complete 
| 254|0x0000000620800000, 0x0000000620a00000, 0x0000000620a00000|100%| E|CS|TAMS 0x0000000620800000, 0x0000000620800000| Complete 
| 255|0x0000000620a00000, 0x0000000620c00000, 0x0000000620c00000|100%| E|CS|TAMS 0x0000000620a00000, 0x0000000620a00000| Complete 

Card table byte_map: [0x00000175ef270000,0x00000175f0270000] _byte_map_base: 0x00000175ec26a000

Marking Bits (Prev, Next): (CMBitMap*) 0x00000175d62c2628, (CMBitMap*) 0x00000175d62c2668
 Prev Bits: [0x00000175f1270000, 0x00000175f9240000)
 Next Bits: [0x0000017580000000, 0x0000017587fd0000)

Polling page: 0x00000175d41f0000

Metaspace:

Usage:
  Non-class:     11.75 MB capacity,    11.61 MB ( 99%) used,   121.15 KB (  1%) free+waste,    21.31 KB ( <1%) overhead. 
      Class:      1.25 MB capacity,     1.18 MB ( 94%) used,    62.19 KB (  5%) free+waste,    10.00 KB ( <1%) overhead. 
       Both:     13.00 MB capacity,    12.79 MB ( 98%) used,   183.34 KB (  1%) free+waste,    31.31 KB ( <1%) overhead. 

Virtual space:
  Non-class space:       12.00 MB reserved,      12.00 MB (100%) committed 
      Class space:        1.00 GB reserved,       1.25 MB ( <1%) committed 
             Both:        1.01 GB reserved,      13.25 MB (  1%) committed 

Chunk freelists:
   Non-Class:  60.00 KB
       Class:  3.00 KB
        Both:  63.00 KB

MaxMetaspaceSize: 17179869184.00 GB
CompressedClassSpaceSize: 1.00 GB

CodeHeap 'non-profiled nmethods': size=119168Kb used=398Kb max_used=398Kb free=118769Kb
 bounds [0x00000175e6590000, 0x00000175e6800000, 0x00000175ed9f0000]
CodeHeap 'profiled nmethods': size=119104Kb used=2155Kb max_used=2155Kb free=116948Kb
 bounds [0x00000175df140000, 0x00000175df3b0000, 0x00000175e6590000]
CodeHeap 'non-nmethods': size=7488Kb used=2655Kb max_used=2668Kb free=4832Kb
 bounds [0x00000175de9f0000, 0x00000175dec90000, 0x00000175df140000]
 total_blobs=2083 nmethods=1191 adapters=803
 compilation: enabled
              stopped_count=0, restarted_count=0
 full_count=0

Compilation events (20 events):
Event: 1.149 Thread 0x00000175fce3d800 1183       3       java.nio.CharBuffer::charAt (16 bytes)
Event: 1.149 Thread 0x00000175fccf3000 nmethod 1182 0x00000175df355590 code [0x00000175df355720, 0x00000175df355838]
Event: 1.149 Thread 0x00000175fce44800 nmethod 1181 0x00000175df355910 code [0x00000175df355ac0, 0x00000175df355d28]
Event: 1.149 Thread 0x00000175fccf3000 1184       3       java.nio.HeapCharBuffer::get (19 bytes)
Event: 1.149 Thread 0x00000175fce44800 1185       3       java.util.regex.Pattern$$Lambda$75/0x0000000800bc9840::is (5 bytes)
Event: 1.149 Thread 0x00000175fce3d800 nmethod 1183 0x00000175df355e10 code [0x00000175df355fe0, 0x00000175df356398]
Event: 1.149 Thread 0x00000175fce3d800 1186       3       java.util.regex.Pattern::lambda$DOT$4 (34 bytes)
Event: 1.149 Thread 0x00000175fce44800 nmethod 1185 0x00000175df356510 code [0x00000175df3566c0, 0x00000175df356958]
Event: 1.149 Thread 0x00000175fccf3000 nmethod 1184 0x00000175df356a10 code [0x00000175df356be0, 0x00000175df356ea8]
Event: 1.149 Thread 0x00000175fce3d800 nmethod 1186 0x00000175df357090 code [0x00000175df357220, 0x00000175df357418]
Event: 1.149 Thread 0x00000175fce3d800 1187       3       java.util.regex.Matcher::groupCount (10 bytes)
Event: 1.149 Thread 0x00000175fce3d800 nmethod 1187 0x00000175df357490 code [0x00000175df357620, 0x00000175df357758]
Event: 1.149 Thread 0x00000175fce44800 1188       3       java.lang.String::getBytes (44 bytes)
Event: 1.149 Thread 0x00000175fce44800 nmethod 1188 0x00000175df357810 code [0x00000175df3579e0, 0x00000175df357d58]
Event: 1.149 Thread 0x00000175fce44800 1189   !   3       java.nio.charset.Charset::defaultCharset (53 bytes)
Event: 1.149 Thread 0x00000175fccf3000 1190       3       java.lang.AbstractStringBuilder::append (45 bytes)
Event: 1.150 Thread 0x00000175fccf3000 nmethod 1190 0x00000175df357f10 code [0x00000175df358120, 0x00000175df358658]
Event: 1.150 Thread 0x00000175fce44800 nmethod 1189 0x00000175df358890 code [0x00000175df358b60, 0x00000175df359b18]
Event: 1.150 Thread 0x00000175fccf3000 1191       3       java.lang.ClassLoader::findNative (81 bytes)
Event: 1.150 Thread 0x00000175fccf3000 nmethod 1191 0x00000175df35a010 code [0x00000175df35a240, 0x00000175df35aa98]

GC Heap History (2 events):
Event: 0.958 GC heap before
{Heap before GC invocations=0 (full 0):
 garbage-first heap   total 524288K, used 22528K [0x0000000600c00000, 0x0000000800000000)
  region size 2048K, 12 young (24576K), 0 survivors (0K)
 Metaspace       used 10005K, capacity 10161K, committed 10496K, reserved 1058816K
  class space    used 823K, capacity 884K, committed 1024K, reserved 1048576K
}
Event: 0.968 GC heap after
{Heap after GC invocations=1 (full 0):
 garbage-first heap   total 524288K, used 3617K [0x0000000600c00000, 0x0000000800000000)
  region size 2048K, 2 young (4096K), 2 survivors (4096K)
 Metaspace       used 10005K, capacity 10161K, committed 10496K, reserved 1058816K
  class space    used 823K, capacity 884K, committed 1024K, reserved 1048576K
}

Deoptimization events (20 events):
Event: 1.037 Thread 0x00000175d623f800 DEOPT PACKING pc=0x00000175e65d1750 sp=0x0000003b27afdba0
Event: 1.037 Thread 0x00000175d623f800 DEOPT UNPACKING pc=0x00000175dea3912f sp=0x0000003b27afdb00 mode 2
Event: 1.042 Thread 0x00000175d623f800 DEOPT PACKING pc=0x00000175df1cbabb sp=0x0000003b27afe010
Event: 1.042 Thread 0x00000175d623f800 DEOPT UNPACKING pc=0x00000175dea3964e sp=0x0000003b27afd488 mode 0
Event: 1.148 Thread 0x00000175fd2c7000 Uncommon trap: trap_request=0xffffff45 fr.pc=0x00000175e65cc590 relative=0x00000000000004f0
Event: 1.148 Thread 0x00000175fd2c7000 Uncommon trap: reason=unstable_if action=reinterpret pc=0x00000175e65cc590 method=java.lang.AbstractStringBuilder.putStringAt(ILjava/lang/String;)V @ 8 c2
Event: 1.148 Thread 0x00000175fd2c7000 DEOPT PACKING pc=0x00000175e65cc590 sp=0x0000003b28cfe610
Event: 1.148 Thread 0x00000175fd2c7000 DEOPT UNPACKING pc=0x00000175dea3912f sp=0x0000003b28cfe528 mode 2
Event: 1.148 Thread 0x00000175fd2c7000 Uncommon trap: trap_request=0xffffff45 fr.pc=0x00000175e65c9ca8 relative=0x0000000000000508
Event: 1.148 Thread 0x00000175fd2c7000 Uncommon trap: reason=unstable_if action=reinterpret pc=0x00000175e65c9ca8 method=java.lang.AbstractStringBuilder.putStringAt(ILjava/lang/String;)V @ 8 c2
Event: 1.148 Thread 0x00000175fd2c7000 DEOPT PACKING pc=0x00000175e65c9ca8 sp=0x0000003b28cfe5b0
Event: 1.148 Thread 0x00000175fd2c7000 DEOPT UNPACKING pc=0x00000175dea3912f sp=0x0000003b28cfe520 mode 2
Event: 1.148 Thread 0x00000175fd2c7000 Uncommon trap: trap_request=0xffffff45 fr.pc=0x00000175e65c3e40 relative=0x0000000000000100
Event: 1.148 Thread 0x00000175fd2c7000 Uncommon trap: reason=unstable_if action=reinterpret pc=0x00000175e65c3e40 method=java.lang.String.getBytes([BIB)V @ 5 c2
Event: 1.148 Thread 0x00000175fd2c7000 DEOPT PACKING pc=0x00000175e65c3e40 sp=0x0000003b28cfe4d0
Event: 1.148 Thread 0x00000175fd2c7000 DEOPT UNPACKING pc=0x00000175dea3912f sp=0x0000003b28cfe498 mode 2
Event: 1.148 Thread 0x00000175fd2c7000 Uncommon trap: trap_request=0xffffff45 fr.pc=0x00000175e65d576c relative=0x000000000000040c
Event: 1.148 Thread 0x00000175fd2c7000 Uncommon trap: reason=unstable_if action=reinterpret pc=0x00000175e65d576c method=java.lang.AbstractStringBuilder.isLatin1()Z @ 10 c2
Event: 1.148 Thread 0x00000175fd2c7000 DEOPT PACKING pc=0x00000175e65d576c sp=0x0000003b28cfe630
Event: 1.148 Thread 0x00000175fd2c7000 DEOPT UNPACKING pc=0x00000175dea3912f sp=0x0000003b28cfe5b0 mode 2

Classes unloaded (0 events):
No events

Classes redefined (0 events):
No events

Internal exceptions (14 events):
Event: 0.102 Thread 0x00000175d623f800 Exception <a 'java/lang/ClassNotFoundException'{0x000000062099ebc8}: sun/awt/resources/spi/awtProvider> (0x000000062099ebc8) 
thrown [./open/src/hotspot/share/classfile/systemDictionary.cpp, line 226]
Event: 0.115 Thread 0x00000175d623f800 Exception <a 'java/io/FileNotFoundException'{0x00000006209ee800}> (0x00000006209ee800) 
thrown [./open/src/hotspot/share/prims/jni.cpp, line 599]
Event: 0.119 Thread 0x00000175d623f800 Exception <a 'java/io/FileNotFoundException'{0x0000000620615548}> (0x0000000620615548) 
thrown [./open/src/hotspot/share/prims/jni.cpp, line 599]
Event: 0.152 Thread 0x00000175fd2c7800 Exception <a 'java/lang/NoSuchMethodError'{0x00000006206803c8}: 'void java.lang.invoke.DirectMethodHandle$Holder.invokeSpecial(java.lang.Object, java.lang.Object)'> (0x00000006206803c8) 
thrown [./open/src/hotspot/share/interpreter/linkResolver.cpp, line 766]
Event: 0.317 Thread 0x00000175d623f800 Exception <a 'java/lang/NoSuchMethodError'{0x000000062047ba08}: 'int java.lang.invoke.DirectMethodHandle$Holder.invokeSpecialIFC(java.lang.Object, java.lang.Object, int)'> (0x000000062047ba08) 
thrown [./open/src/hotspot/share/interpreter/linkResolver.cpp, line 766]
Event: 0.338 Thread 0x00000175d623f800 Exception <a 'java/lang/NoSuchMethodError'{0x00000006205868c8}: 'java.lang.Object java.lang.invoke.DirectMethodHandle$Holder.invokeStaticInit(java.lang.Object, int, int, int, int)'> (0x00000006205868c8) 
thrown [./open/src/hotspot/share/interpreter/linkResolver.cpp, line 766]
Event: 0.357 Thread 0x00000175d623f800 Exception <a 'java/lang/NoSuchMethodError'{0x00000006205b27a8}: 'java.lang.Object java.lang.invoke.DirectMethodHandle$Holder.invokeStaticInit(java.lang.Object, java.lang.Object, int, int, int, int)'> (0x00000006205b27a8) 
thrown [./open/src/hotspot/share/interpreter/linkResolver.cpp, line 766]
Event: 0.379 Thread 0x00000175d623f800 Exception <a 'java/lang/NoSuchMethodError'{0x00000006205d1ea8}: 'void java.lang.invoke.DirectMethodHandle$Holder.invokeStatic(java.lang.Object, long)'> (0x00000006205d1ea8) 
thrown [./open/src/hotspot/share/interpreter/linkResolver.cpp, line 766]
Event: 0.380 Thread 0x00000175d623f800 Exception <a 'java/lang/NoSuchMethodError'{0x00000006205dc230}: 'java.lang.Object java.lang.invoke.DirectMethodHandle$Holder.invokeStaticInit(java.lang.Object, java.lang.Object, long, java.lang.Object)'> (0x00000006205dc230) 
thrown [./open/src/hotspot/share/interpreter/linkResolver.cpp, line 766]
Event: 0.381 Thread 0x00000175d623f800 Exception <a 'java/lang/NoSuchMethodError'{0x00000006205e1ad8}: 'java.lang.Object java.lang.invoke.Invokers$Holder.linkToTargetMethod(java.lang.Object, long, java.lang.Object)'> (0x00000006205e1ad8) 
thrown [./open/src/hotspot/share/interpreter/linkResolver.cpp, line 766]
Event: 0.408 Thread 0x00000175d623f800 Exception <a 'sun/nio/fs/WindowsException'{0x000000062028f068}> (0x000000062028f068) 
thrown [./open/src/hotspot/share/prims/jni.cpp, line 599]
Event: 1.025 Thread 0x00000175d623f800 Exception <a 'java/lang/NoSuchMethodError'{0x0000000620b9c910}: 'void java.lang.invoke.DirectMethodHandle$Holder.invokeStaticInit(java.lang.Object)'> (0x0000000620b9c910) 
thrown [./open/src/hotspot/share/interpreter/linkResolver.cpp, line 766]
Event: 1.039 Thread 0x00000175d623f800 Exception <a 'java/lang/NoSuchMethodError'{0x0000000620befe38}: 'java.lang.Object java.lang.invoke.Invokers$Holder.linkToTargetMethod(java.lang.Object, int, java.lang.Object)'> (0x0000000620befe38) 
thrown [./open/src/hotspot/share/interpreter/linkResolver.cpp, line 766]
Event: 1.046 Thread 0x00000175d623f800 Exception <a 'java/lang/reflect/InvocationTargetException'{0x0000000620605f30}> (0x0000000620605f30) 
thrown [./open/src/hotspot/share/runtime/reflection.cpp, line 1188]

Events (20 events):
Event: 1.142 Executing VM operation: HandshakeOneThread
Event: 1.142 Executing VM operation: HandshakeOneThread done
Event: 1.142 loading class java/util/Scanner
Event: 1.142 loading class java/util/Scanner done
Event: 1.143 loading class java/nio/channels/Channels
Event: 1.143 loading class java/nio/channels/Channels done
Event: 1.143 loading class java/util/Scanner$PatternLRUCache
Event: 1.143 loading class java/util/Scanner$PatternLRUCache done
Event: 1.144 Executing VM operation: HandshakeOneThread
Event: 1.144 Executing VM operation: HandshakeOneThread done
Event: 1.145 Executing VM operation: HandshakeOneThread
Event: 1.145 Executing VM operation: HandshakeOneThread done
Event: 1.145 loading class sun/text/resources/cldr/FormatData_en_US
Event: 1.145 loading class sun/text/resources/cldr/FormatData_en_US done
Event: 1.148 loading class sun/nio/ch/IOStatus
Event: 1.148 loading class sun/nio/ch/IOStatus done
Event: 1.148 loading class java/util/regex/Pattern$Dollar
Event: 1.148 loading class java/util/regex/Pattern$Dollar done
Event: 1.148 loading class java/util/regex/Matcher$ImmutableMatchResult
Event: 1.148 loading class java/util/regex/Matcher$ImmutableMatchResult done


Dynamic libraries:
0x00007ff67e3f0000 - 0x00007ff67e3fd000 	C:\Users\kjaga\.jdks\openjdk-14.0.2\bin\java.exe
0x00007ffe76db0000 - 0x00007ffe76fa6000 	C:\Windows\SYSTEM32\ntdll.dll
0x00007ffe75870000 - 0x00007ffe7592d000 	C:\Windows\System32\KERNEL32.DLL
0x00007ffe747f0000 - 0x00007ffe74ab8000 	C:\Windows\System32\KERNELBASE.dll
0x00007ffe746f0000 - 0x00007ffe747f0000 	C:\Windows\System32\ucrtbase.dll
0x00007ffe70520000 - 0x00007ffe70538000 	C:\Users\kjaga\.jdks\openjdk-14.0.2\bin\jli.dll
0x00007ffe70500000 - 0x00007ffe70515000 	C:\Users\kjaga\.jdks\openjdk-14.0.2\bin\VCRUNTIME140.dll
0x00007ffe74e20000 - 0x00007ffe74fc0000 	C:\Windows\System32\USER32.dll
0x00007ffe74590000 - 0x00007ffe745b2000 	C:\Windows\System32\win32u.dll
0x00007ffe68cf0000 - 0x00007ffe68f8b000 	C:\Windows\WinSxS\amd64_microsoft.windows.common-controls_6595b64144ccf1df_6.0.19041.488_none_ca04af081b815d21\COMCTL32.dll
0x00007ffe76d40000 - 0x00007ffe76d6a000 	C:\Windows\System32\GDI32.dll
0x00007ffe766b0000 - 0x00007ffe7674e000 	C:\Windows\System32\msvcrt.dll
0x00007ffe74b70000 - 0x00007ffe74c79000 	C:\Windows\System32\gdi32full.dll
0x00007ffe744f0000 - 0x00007ffe7458d000 	C:\Windows\System32\msvcp_win.dll
0x00007ffe768f0000 - 0x00007ffe76920000 	C:\Windows\System32\IMM32.DLL
0x00007ffe5b170000 - 0x00007ffe5b20b000 	C:\Users\kjaga\.jdks\openjdk-14.0.2\bin\msvcp140.dll
0x00007ffe3b5d0000 - 0x00007ffe3c0ee000 	C:\Users\kjaga\.jdks\openjdk-14.0.2\bin\server\jvm.dll
0x00007ffe767d0000 - 0x00007ffe7687c000 	C:\Windows\System32\ADVAPI32.dll
0x00007ffe75930000 - 0x00007ffe759cb000 	C:\Windows\System32\sechost.dll
0x00007ffe75320000 - 0x00007ffe75444000 	C:\Windows\System32\RPCRT4.dll
0x00007ffe759d0000 - 0x00007ffe759d8000 	C:\Windows\System32\PSAPI.DLL
0x00007ffe5d2c0000 - 0x00007ffe5d2c9000 	C:\Windows\SYSTEM32\WSOCK32.dll
0x00007ffe76880000 - 0x00007ffe768eb000 	C:\Windows\System32\WS2_32.dll
0x00007ffe6e450000 - 0x00007ffe6e45a000 	C:\Windows\SYSTEM32\VERSION.dll
0x00007ffe6cfa0000 - 0x00007ffe6cfc7000 	C:\Windows\SYSTEM32\WINMM.dll
0x00007ffe72460000 - 0x00007ffe72472000 	C:\Windows\SYSTEM32\kernel.appcore.dll
0x00007ffe71cf0000 - 0x00007ffe71cfa000 	C:\Users\kjaga\.jdks\openjdk-14.0.2\bin\jimage.dll
0x00007ffe5d090000 - 0x00007ffe5d274000 	C:\Windows\SYSTEM32\DBGHELP.DLL
0x00007ffe5cef0000 - 0x00007ffe5cf1c000 	C:\Windows\SYSTEM32\dbgcore.DLL
0x00007ffe745c0000 - 0x00007ffe7463f000 	C:\Windows\System32\bcryptPrimitives.dll
0x00007ffe704a0000 - 0x00007ffe704ae000 	C:\Users\kjaga\.jdks\openjdk-14.0.2\bin\instrument.dll
0x00007ffe70470000 - 0x00007ffe70495000 	C:\Users\kjaga\.jdks\openjdk-14.0.2\bin\java.dll
0x00007ffe64330000 - 0x00007ffe64346000 	C:\Users\kjaga\.jdks\openjdk-14.0.2\bin\zip.dll
0x00007ffe759e0000 - 0x00007ffe76121000 	C:\Windows\System32\SHELL32.dll
0x00007ffe72660000 - 0x00007ffe72df5000 	C:\Windows\SYSTEM32\windows.storage.dll
0x00007ffe74fc0000 - 0x00007ffe75315000 	C:\Windows\System32\combase.dll
0x00007ffe73f60000 - 0x00007ffe73f8c000 	C:\Windows\SYSTEM32\Wldp.dll
0x00007ffe765a0000 - 0x00007ffe7664e000 	C:\Windows\System32\SHCORE.dll
0x00007ffe76c80000 - 0x00007ffe76cd5000 	C:\Windows\System32\shlwapi.dll
0x00007ffe74420000 - 0x00007ffe74446000 	C:\Windows\SYSTEM32\profapi.dll
0x00007ffe64310000 - 0x00007ffe64329000 	C:\Users\kjaga\.jdks\openjdk-14.0.2\bin\net.dll
0x00007ffe6c3f0000 - 0x00007ffe6c4f0000 	C:\Windows\SYSTEM32\WINHTTP.dll
0x00007ffe73ce0000 - 0x00007ffe73d4a000 	C:\Windows\system32\mswsock.dll
0x00007ffe615c0000 - 0x00007ffe615d2000 	C:\Users\kjaga\.jdks\openjdk-14.0.2\bin\nio.dll
0x00007ffe615a0000 - 0x00007ffe615ba000 	C:\Users\kjaga\AppData\Local\JetBrains\Toolbox\apps\IDEA-U\ch-0\202.8194.7\bin\breakgen64.dll
0x00007ffe3ad00000 - 0x00007ffe3ae98000 	C:\Users\kjaga\.jdks\openjdk-14.0.2\bin\awt.dll
0x00007ffe757a0000 - 0x00007ffe7586d000 	C:\Windows\System32\OLEAUT32.dll
0x00007ffe71dd0000 - 0x00007ffe71e60000 	C:\Windows\SYSTEM32\apphelp.dll
0x00007ffe72170000 - 0x00007ffe7219f000 	C:\Windows\system32\DWMAPI.DLL
0x00007ffe71f00000 - 0x00007ffe71f9e000 	C:\Windows\system32\uxtheme.dll
0x00007ffe236e0000 - 0x00007ffe23805000 	C:\Windows\system32\opengl32.dll
0x00007ffe615e0000 - 0x00007ffe6160c000 	C:\Windows\SYSTEM32\GLU32.dll
0x00007ffe76b60000 - 0x00007ffe76c75000 	C:\Windows\System32\MSCTF.dll
0x00007ffe754e0000 - 0x00007ffe7560a000 	C:\Windows\System32\ole32.dll
0x00007ffe68420000 - 0x00007ffe685ee000 	C:\Windows\system32\d3d9.dll
0x00007ffe6b660000 - 0x00007ffe6b762000 	C:\Windows\System32\DriverStore\FileRepository\nv_dispsi.inf_amd64_4a82b713f39f87a0\nvldumdx.dll
0x00007ffe740e0000 - 0x00007ffe740f2000 	C:\Windows\SYSTEM32\msasn1.dll
0x00007ffe6d690000 - 0x00007ffe6d6c1000 	C:\Windows\SYSTEM32\cryptnet.dll
0x00007ffe74c80000 - 0x00007ffe74ddd000 	C:\Windows\System32\CRYPT32.dll
0x00007ffe73ed0000 - 0x00007ffe73edc000 	C:\Windows\SYSTEM32\cryptbase.dll
0x00007ffe74b10000 - 0x00007ffe74b70000 	C:\Windows\System32\WINTRUST.DLL
0x00007ffe76b40000 - 0x00007ffe76b5d000 	C:\Windows\System32\imagehlp.dll
0x00007ffe73eb0000 - 0x00007ffe73ec8000 	C:\Windows\SYSTEM32\CRYPTSP.dll
0x00007ffe73600000 - 0x00007ffe73634000 	C:\Windows\system32\rsaenh.dll
0x00007ffe74de0000 - 0x00007ffe74e07000 	C:\Windows\System32\bcrypt.dll
0x00007ffe264f0000 - 0x00007ffe27f0c000 	C:\Windows\System32\DriverStore\FileRepository\nv_dispsi.inf_amd64_4a82b713f39f87a0\nvd3dumx.dll
0x00007ffe3ddf0000 - 0x00007ffe3e0a9000 	C:\Windows\system32\nvspcap64.dll
0x00007ffe73230000 - 0x00007ffe73263000 	C:\Windows\SYSTEM32\ntmarta.dll
0x00007ffe72e10000 - 0x00007ffe72e33000 	C:\Windows\SYSTEM32\gpapi.dll
0x00007ffe6b7d0000 - 0x00007ffe6b80b000 	C:\Windows\SYSTEM32\dxcore.dll
0x00007ffe74ac0000 - 0x00007ffe74b0e000 	C:\Windows\System32\cfgmgr32.dll
0x00007ffe743e0000 - 0x00007ffe7440e000 	C:\Windows\SYSTEM32\USERENV.dll
0x00007ffe73980000 - 0x00007ffe739bb000 	C:\Windows\SYSTEM32\IPHLPAPI.DLL
0x00007ffe76920000 - 0x00007ffe76928000 	C:\Windows\System32\NSI.dll
0x00007ffe6dca0000 - 0x00007ffe6dcb7000 	C:\Windows\SYSTEM32\dhcpcsvc6.DLL
0x00007ffe6dc80000 - 0x00007ffe6dc9d000 	C:\Windows\SYSTEM32\dhcpcsvc.DLL
0x00007ffe739d0000 - 0x00007ffe73a9b000 	C:\Windows\SYSTEM32\DNSAPI.dll
0x00000000637c0000 - 0x00000000637cd000 	C:\Users\kjaga\AppData\Local\Temp\jogamp_0000\file_cache\jln14666451245815071711\jln14579315651784114678\natives\windows-amd64\gluegen-rt.dll
0x00007ffe5b110000 - 0x00007ffe5b117000 	C:\Users\kjaga\.jdks\openjdk-14.0.2\bin\jawt.dll
0x000000006a440000 - 0x000000006a44d000 	C:\Users\kjaga\AppData\Local\Temp\jogamp_0000\file_cache\jln14666451245815071711\jln14579315651784114678\natives\windows-amd64\nativewindow_awt.dll
0x000000006c100000 - 0x000000006c10f000 	C:\Users\kjaga\AppData\Local\Temp\jogamp_0000\file_cache\jln14666451245815071711\jln14579315651784114678\natives\windows-amd64\nativewindow_win32.dll
0x0000000064500000 - 0x00000000645b1000 	C:\Users\kjaga\AppData\Local\Temp\jogamp_0000\file_cache\jln14666451245815071711\jln14579315651784114678\natives\windows-amd64\jogl_desktop.dll
0x0000000064340000 - 0x00000000643a2000 	C:\Users\kjaga\AppData\Local\Temp\jogamp_0000\file_cache\jln14666451245815071711\jln14579315651784114678\natives\windows-amd64\jogl_mobile.dll
0x00007ffe756f0000 - 0x00007ffe75799000 	C:\Windows\System32\clbcatq.dll
0x00007ffe6df90000 - 0x00007ffe6e08a000 	C:\Windows\System32\AppXDeploymentClient.dll
0x00007ffe05e90000 - 0x00007ffe08b70000 	C:\Windows\System32\DriverStore\FileRepository\nv_dispsi.inf_amd64_4a82b713f39f87a0\nvoglv64.dll
0x00007ffe76130000 - 0x00007ffe76597000 	C:\Windows\System32\SETUPAPI.dll
0x00007ffe6fab0000 - 0x00007ffe6fac4000 	C:\Windows\SYSTEM32\WTSAPI32.dll
0x00007ffe742a0000 - 0x00007ffe742cc000 	C:\Windows\System32\DEVOBJ.dll
0x00007ffe73aa0000 - 0x00007ffe73aeb000 	C:\Windows\SYSTEM32\powrprof.dll
0x00007ffe73960000 - 0x00007ffe73972000 	C:\Windows\SYSTEM32\UMPDC.dll
0x00007ffe732e0000 - 0x00007ffe7333a000 	C:\Windows\SYSTEM32\WINSTA.dll
0x00007ffe56a70000 - 0x00007ffe56af2000 	C:\Users\kjaga\.jdks\openjdk-14.0.2\bin\freetype.dll
0x00007ffe479a0000 - 0x00007ffe47a46000 	C:\Users\kjaga\.jdks\openjdk-14.0.2\bin\fontmanager.dll
0x00007ffe618a0000 - 0x00007ffe6199c000 	C:\Windows\SYSTEM32\textinputframework.dll
0x00007ffe713e0000 - 0x00007ffe7173e000 	C:\Windows\System32\CoreUIComponents.dll
0x00007ffe71ac0000 - 0x00007ffe71bb2000 	C:\Windows\System32\CoreMessaging.dll
0x00007ffe702b0000 - 0x00007ffe70406000 	C:\Windows\SYSTEM32\wintypes.dll

dbghelp: loaded successfully - version: 4.0.5 - missing functions: none
symbol engine: initialized successfully - sym options: 0x614 - pdb path: .;C:\Users\kjaga\.jdks\openjdk-14.0.2\bin;C:\Windows\SYSTEM32;C:\Windows\WinSxS\amd64_microsoft.windows.common-controls_6595b64144ccf1df_6.0.19041.488_none_ca04af081b815d21;C:\Users\kjaga\.jdks\openjdk-14.0.2\bin\server;C:\Users\kjaga\AppData\Local\JetBrains\Toolbox\apps\IDEA-U\ch-0\202.8194.7\bin;C:\Windows\System32\DriverStore\FileRepository\nv_dispsi.inf_amd64_4a82b713f39f87a0;C:\Users\kjaga\AppData\Local\Temp\jogamp_0000\file_cache\jln14666451245815071711\jln14579315651784114678\natives\windows-amd64

VM Arguments:
jvm_args: -javaagent:C:\Users\kjaga\AppData\Local\JetBrains\Toolbox\apps\IDEA-U\ch-0\202.8194.7\lib\idea_rt.jar=56785:C:\Users\kjaga\AppData\Local\JetBrains\Toolbox\apps\IDEA-U\ch-0\202.8194.7\bin -Dfile.encoding=UTF-8 
java_command: kagarwal1_3_VertexArray
java_class_path (initial): C:\Users\kjaga\Documents\Workspace\Java\CS 451\out\production\CS 451;C:\Users\kjaga\Documents\Workspace\Java\CS 451\jogamp-all-platforms\jar\joal.jar;C:\Users\kjaga\Documents\Workspace\Java\CS 451\jogamp-all-platforms\jar\jocl.jar;C:\Users\kjaga\Documents\Workspace\Java\CS 451\jogamp-all-platforms\jar\gluegen.jar;C:\Users\kjaga\Documents\Workspace\Java\CS 451\jogamp-all-platforms\jar\jogl-all.jar;C:\Users\kjaga\Documents\Workspace\Java\CS 451\jogamp-all-platforms\jar\joal-test.jar;C:\Users\kjaga\Documents\Workspace\Java\CS 451\jogamp-all-platforms\jar\gluegen-rt.jar;C:\Users\kjaga\Documents\Workspace\Java\CS 451\jogamp-all-platforms\jar\joal-android.jar;C:\Users\kjaga\Documents\Workspace\Java\CS 451\jogamp-all-platforms\jar\jocl-android.jar;C:\Users\kjaga\Documents\Workspace\Java\CS 451\jogamp-all-platforms\jar\gluegen-test-util.jar;C:\Users\kjaga\Documents\Workspace\Java\CS 451\jogamp-all-platforms\jar\joal-natives-windows-amd64.jar;C:\Users\kjaga\Documents\Workspace\Java\CS 451\jogamp-all-platforms\jar\jogl-all-natives-windows-amd64.jar;C:\Users\kjaga\Documents\Workspace\Java\CS 451\jogamp-all-platforms\jar\gluegen-rt-natives-windows-amd64.jar;C:\Users\kjaga\Documents\Workspace\Java\CS 451\jogamp-all-platforms\jar\joal-android-natives-windows-amd64.jar;C:\Users\kjaga\Documents\Workspace\Java\CS 451\jogamp-all-platforms\jar\jogl-all-noawt-natives-windows-amd64.jar;C:\Users\kjaga\Documents\Workspace\Java\CS 451\jogamp-all-platforms\jar\jogl-all-mobile-natives-windows-amd64.jar;C:\Users\kjaga\Documents\Workspace\Java\CS 451\jogamp-all-platforms\jar\jogl-all-android-natives-windows-amd64.jar;C:\Users\kjaga\Documents\Workspace\Java\CS 451\jogamp-all-platforms\jar\gluegen-rt-android-natives-windows-amd64.jar
Launcher Type: SUN_STANDARD

[Global flags]
     intx CICompilerCount                          = 12                                        {product} {ergonomic}
     uint ConcGCThreads                            = 3                                         {product} {ergonomic}
     uint G1ConcRefinementThreads                  = 13                                        {product} {ergonomic}
   size_t G1HeapRegionSize                         = 2097152                                   {product} {ergonomic}
    uintx GCDrainStackTargetSize                   = 64                                        {product} {ergonomic}
   size_t InitialHeapSize                          = 536870912                                 {product} {ergonomic}
   size_t MarkStackSize                            = 4194304                                   {product} {ergonomic}
   size_t MaxHeapSize                              = 8577351680                                {product} {ergonomic}
   size_t MaxNewSize                               = 5146411008                                {product} {ergonomic}
   size_t MinHeapDeltaBytes                        = 2097152                                   {product} {ergonomic}
   size_t MinHeapSize                              = 8388608                                   {product} {ergonomic}
    uintx NonNMethodCodeHeapSize                   = 7602480                                {pd product} {ergonomic}
    uintx NonProfiledCodeHeapSize                  = 122027880                              {pd product} {ergonomic}
    uintx ProfiledCodeHeapSize                     = 122027880                              {pd product} {ergonomic}
    uintx ReservedCodeCacheSize                    = 251658240                              {pd product} {ergonomic}
     bool SegmentedCodeCache                       = true                                      {product} {ergonomic}
   size_t SoftMaxHeapSize                          = 8577351680                             {manageable} {ergonomic}
     bool UseCompressedClassPointers               = true                                 {lp64_product} {ergonomic}
     bool UseCompressedOops                        = true                                 {lp64_product} {ergonomic}
     bool UseG1GC                                  = true                                      {product} {ergonomic}
     bool UseLargePagesIndividualAllocation        = false                                  {pd product} {ergonomic}

Logging:
Log output configuration:
 #0: stdout all=warning uptime,level,tags
 #1: stderr all=off uptime,level,tags

Environment Variables:
PATH=C:\Windows\system32;C:\Windows;C:\Windows\System32\Wbem;C:\Windows\System32\WindowsPowerShell\v1.0\;C:\Windows\System32\OpenSSH\;C:\Program Files\NVIDIA Corporation\NVIDIA NvDLISR;C:\Program Files (x86)\NVIDIA Corporation\PhysX\Common;C:\Users\kjaga\AppData\Local\Microsoft\WindowsApps;C:\Users\kjaga\AppData\Local\Programs\Microsoft VS Code\bin;C:\Users\kjaga\AppData\Local\GitHubDesktop\bin
USERNAME=kjaga
OS=Windows_NT
PROCESSOR_IDENTIFIER=AMD64 Family 23 Model 113 Stepping 0, AuthenticAMD



---------------  S Y S T E M  ---------------

OS: Windows 10 , 64 bit Build 19041 (10.0.19041.546)
OS uptime: 2 days 5:42 hours

CPU:total 16 (initial active 16) (16 cores per cpu, 2 threads per core) family 23 model 113 stepping 0, cmov, cx8, fxsr, mmx, sse, sse2, sse3, ssse3, sse4.1, sse4.2, popcnt, avx, avx2, aes, clmul, mmxext, 3dnowpref, lzcnt, sse4a, ht, tsc, tscinvbit, tscinv, bmi1, bmi2, adx, sha, fma

Memory: 4k page, system-wide physical 32712M (21529M free)
TotalPageFile size 37576M (AvailPageFile size 20897M)
current process WorkingSet (physical memory assigned to process): 150M, peak: 150M
current process commit charge ("private bytes"): 742M, peak: 742M

vm_info: OpenJDK 64-Bit Server VM (14.0.2+12-46) for windows-amd64 JRE (14.0.2+12-46), built on Jul  9 2020 00:31:16 by "mach5one" with MS VC++ 15.9 (VS2017)

END.
