#
# A fatal error has been detected by the Java Runtime Environment:
#
#  EXCEPTION_ACCESS_VIOLATION (0xc0000005) at pc=0x00007ffe35e900b0, pid=22696, tid=8248
#
# JRE version: OpenJDK Runtime Environment (14.0.2+12) (build 14.0.2+12-46)
# Java VM: OpenJDK 64-Bit Server VM (14.0.2+12-46, mixed mode, sharing, tiered, compressed oops, g1 gc, windows-amd64)
# Problematic frame:
# C  [nvoglv64.dll+0x11400b0]
#
# No core dump will be written. Minidumps are not enabled by default on client versions of Windows
#
# If you would like to submit a bug report, please visit:
#   https://bugreport.java.com/bugreport/crash.jsp
# The crash happened outside the Java Virtual Machine in native code.
# See problematic frame for where to report the bug.
#

---------------  S U M M A R Y ------------

Command Line: -javaagent:C:\Users\kjaga\AppData\Local\JetBrains\Toolbox\apps\IDEA-U\ch-0\202.8194.7\lib\idea_rt.jar=64068:C:\Users\kjaga\AppData\Local\JetBrains\Toolbox\apps\IDEA-U\ch-0\202.8194.7\bin -Dfile.encoding=UTF-8 kagarwal2_6_Cylinder

Host: AMD Ryzen 7 3800X 8-Core Processor             , 16 cores, 31G,  Windows 10 , 64 bit Build 19041 (10.0.19041.546)
Time: Mon Nov 30 15:49:22 2020 Eastern Standard Time elapsed time: 1 seconds (0d 0h 0m 1s)

---------------  T H R E A D  ---------------

Current thread (0x0000022aa34b4000):  JavaThread "AWT-EventQueue-0" [_thread_in_native, id=8248, stack(0x0000004d47300000,0x0000004d47400000)]

Stack: [0x0000004d47300000,0x0000004d47400000],  sp=0x0000004d473fe238,  free space=1016k
Native frames: (J=compiled Java code, j=interpreted, Vv=VM code, C=native code)
C  [nvoglv64.dll+0x11400b0]

Java frames: (J=compiled Java code, j=interpreted, Vv=VM code)
j  jogamp.opengl.gl4.GL4bcImpl.dispatch_glDrawArrays1(IIIJ)V+0
j  jogamp.opengl.gl4.GL4bcImpl.glDrawArrays(III)V+45
j  com.jogamp.opengl.util.awt.TextRenderer$Pipelined_QuadRenderer.drawVertexArrays()V+209
j  com.jogamp.opengl.util.awt.TextRenderer$Pipelined_QuadRenderer.draw()V+11
j  com.jogamp.opengl.util.awt.TextRenderer$Pipelined_QuadRenderer.access$000(Lcom/jogamp/opengl/util/awt/TextRenderer$Pipelined_QuadRenderer;)V+1
j  com.jogamp.opengl.util.awt.TextRenderer.flushGlyphPipeline()V+11
j  com.jogamp.opengl.util.awt.TextRenderer.endRendering(Z)V+1
j  com.jogamp.opengl.util.awt.TextRenderer.endRendering()V+2
j  kagarwal2_6_Cylinder.display(Lcom/jogamp/opengl/GLAutoDrawable;)V+116
j  jogamp.opengl.GLDrawableHelper.displayImpl(Lcom/jogamp/opengl/GLAutoDrawable;)V+62
j  jogamp.opengl.GLDrawableHelper.display(Lcom/jogamp/opengl/GLAutoDrawable;)V+2
j  com.jogamp.opengl.awt.GLCanvas$11.run()V+118
j  jogamp.opengl.GLDrawableHelper.invokeGLImpl(Lcom/jogamp/opengl/GLDrawable;Lcom/jogamp/opengl/GLContext;Ljava/lang/Runnable;Ljava/lang/Runnable;)V+203
j  jogamp.opengl.GLDrawableHelper.invokeGL(Lcom/jogamp/opengl/GLDrawable;Lcom/jogamp/opengl/GLContext;Ljava/lang/Runnable;Ljava/lang/Runnable;)V+72
j  com.jogamp.opengl.awt.GLCanvas$12.run()V+104
j  java.awt.event.InvocationEvent.dispatch()V+11 java.desktop@14.0.2
j  java.awt.EventQueue.dispatchEventImpl(Ljava/awt/AWTEvent;Ljava/lang/Object;)V+21 java.desktop@14.0.2
j  java.awt.EventQueue$4.run()Ljava/lang/Void;+32 java.desktop@14.0.2
j  java.awt.EventQueue$4.run()Ljava/lang/Object;+1 java.desktop@14.0.2
J 934 c1 java.security.AccessController.executePrivileged(Ljava/security/PrivilegedAction;Ljava/security/AccessControlContext;Ljava/lang/Class;)Ljava/lang/Object; java.base@14.0.2 (65 bytes) @ 0x0000022a808e6d44 [0x0000022a808e6be0+0x0000000000000164]
j  java.security.AccessController.doPrivileged(Ljava/security/PrivilegedAction;Ljava/security/AccessControlContext;)Ljava/lang/Object;+13 java.base@14.0.2
j  java.security.ProtectionDomain$JavaSecurityAccessImpl.doIntersectionPrivilege(Ljava/security/PrivilegedAction;Ljava/security/AccessControlContext;Ljava/security/AccessControlContext;)Ljava/lang/Object;+18 java.base@14.0.2
j  java.awt.EventQueue.dispatchEvent(Ljava/awt/AWTEvent;)V+46 java.desktop@14.0.2
j  java.awt.EventDispatchThread.pumpOneEventForFilters(I)V+78 java.desktop@14.0.2
j  java.awt.EventDispatchThread.pumpEventsForFilter(ILjava/awt/Conditional;Ljava/awt/EventFilter;)V+35 java.desktop@14.0.2
j  java.awt.EventDispatchThread.pumpEventsForHierarchy(ILjava/awt/Conditional;Ljava/awt/Component;)V+11 java.desktop@14.0.2
j  java.awt.EventDispatchThread.pumpEvents(ILjava/awt/Conditional;)V+4 java.desktop@14.0.2
j  java.awt.EventDispatchThread.pumpEvents(Ljava/awt/Conditional;)V+3 java.desktop@14.0.2
j  java.awt.EventDispatchThread.run()V+9 java.desktop@14.0.2
v  ~StubRoutines::call_stub

siginfo: EXCEPTION_ACCESS_VIOLATION (0xc0000005), reading address 0x0000000000000000


Register to memory mapping:

RIP=0x00007ffe35e900b0 nvoglv64.dll
RAX=0x0000000000000380 is an unknown value
RBX=0x0000000000000280 is an unknown value
RCX=0x0000022aabddb1fc points into unknown readable memory: 00 00 00 00
RDX=0xfffffdd554224e04 is an unknown value
RSP=0x0000004d473fe238 is pointing into the stack for thread: 0x0000022aa34b4000
RBP=0x0000000000000001 is an unknown value
RSI=0x0000000000000038 is an unknown value
RDI=0x0000022aabddb1fc points into unknown readable memory: 00 00 00 00
R8 =0x0000000000000380 is an unknown value
R9 =0x0000000000000038 is an unknown value
R10=0x0 is NULL
R11=0x0000022aabddb1fc points into unknown readable memory: 00 00 00 00
R12=0x0 is NULL
R13=0x00007ffe34d50000 nvoglv64.dll
R14=0x0 is NULL
R15=0x0000022ab12b1438 points into unknown readable memory: 03 00 00 00 01 00 00 00


Registers:
RAX=0x0000000000000380, RBX=0x0000000000000280, RCX=0x0000022aabddb1fc, RDX=0xfffffdd554224e04
RSP=0x0000004d473fe238, RBP=0x0000000000000001, RSI=0x0000000000000038, RDI=0x0000022aabddb1fc
R8 =0x0000000000000380, R9 =0x0000000000000038, R10=0x0000000000000000, R11=0x0000022aabddb1fc
R12=0x0000000000000000, R13=0x00007ffe34d50000, R14=0x0000000000000000, R15=0x0000022ab12b1438
RIP=0x00007ffe35e900b0, EFLAGS=0x0000000000010246

Top of Stack: (sp=0x0000004d473fe238)
0x0000004d473fe238:   00007ffe358c986c 0000022a8000a1b3
0x0000004d473fe248:   0000004d473fe3c0 0000022aa34b4000
0x0000004d473fe258:   00007ffe3573910b 0000000000000000
0x0000004d473fe268:   0000000000000000 0000000000000000
0x0000004d473fe278:   00000000001c810b 0000022ab12b1438
0x0000004d473fe288:   00007ffe358ca77b 0000022ab12af080
0x0000004d473fe298:   0000000000000007 0000000000000038
0x0000004d473fe2a8:   0000022a8000f260 0000022aa34b4000
0x0000004d473fe2b8:   0000004d473fe3c0 0000022aa3156350
0x0000004d473fe2c8:   0000000000000000 0000022a8000a1b3
0x0000004d473fe2d8:   0000022a8000f417 0000022aa3156350
0x0000004d473fe2e8:   0000004d473fe378 0000000000008892
0x0000004d473fe2f8:   0000022a8000f0fc 0000022a00000038
0x0000004d473fe308:   00007ffe358193f0 0000022aa34b4000
0x0000004d473fe318:   0000022aa3155d10 0000022a8000a1b3
0x0000004d473fe328:   0000022a8000f0b6 0000004d473fe330 

Instructions: (pc=0x00007ffe35e900b0)
0x00007ffe35e8ffb0:   b7 0a 44 0f b6 42 02 66 89 08 44 88 40 02 c3 0f
0x00007ffe35e8ffc0:   b6 0a 88 08 c3 f3 0f 6f 02 f3 0f 7f 00 c3 66 90
0x00007ffe35e8ffd0:   4c 8b 02 0f b7 4a 08 44 0f b6 4a 0a 4c 89 00 66
0x00007ffe35e8ffe0:   89 48 08 44 88 48 0a c3 8b 0a 89 08 c3 0f 1f 00
0x00007ffe35e8fff0:   8b 0a 44 0f b6 42 04 89 08 44 88 40 04 c3 66 90
0x00007ffe35e90000:   8b 0a 44 0f b7 42 04 89 08 66 44 89 40 04 c3 90
0x00007ffe35e90010:   8b 0a 44 0f b7 42 04 44 0f b6 4a 06 89 08 66 44
0x00007ffe35e90020:   89 40 04 44 88 48 06 c3 4c 8b 02 8b 4a 08 44 0f
0x00007ffe35e90030:   b6 4a 0c 4c 89 00 89 48 08 44 88 48 0c c3 66 90
0x00007ffe35e90040:   4c 8b 02 0f b6 4a 08 4c 89 00 88 48 08 c3 66 90
0x00007ffe35e90050:   4c 8b 02 0f b7 4a 08 4c 89 00 66 89 48 08 c3 90
0x00007ffe35e90060:   4c 8b 02 8b 4a 08 4c 89 00 89 48 08 c3 0f 1f 00
0x00007ffe35e90070:   4c 8b 02 8b 4a 08 44 0f b7 4a 0c 4c 89 00 89 48
0x00007ffe35e90080:   08 66 44 89 48 0c c3 66 0f 1f 84 00 00 00 00 00
0x00007ffe35e90090:   4c 8b 02 8b 4a 08 44 0f b7 4a 0c 44 0f b6 52 0e
0x00007ffe35e900a0:   4c 89 00 89 48 08 66 44 89 48 0c 44 88 50 0e c3
0x00007ffe35e900b0:   0f 10 04 11 4c 03 c1 48 83 c1 10 41 f6 c3 0f 74
0x00007ffe35e900c0:   13 0f 28 c8 48 83 e1 f0 0f 10 04 11 48 83 c1 10
0x00007ffe35e900d0:   41 0f 11 0b 4c 2b c1 4d 8b c8 49 c1 e9 07 0f 84
0x00007ffe35e900e0:   88 00 00 00 0f 29 41 f0 4c 3b 0d 29 a8 97 01 76
0x00007ffe35e900f0:   17 e9 c2 00 00 00 66 66 0f 1f 84 00 00 00 00 00
0x00007ffe35e90100:   0f 29 41 e0 0f 29 49 f0 0f 10 04 11 0f 10 4c 11
0x00007ffe35e90110:   10 48 81 c1 80 00 00 00 0f 29 41 80 0f 29 49 90
0x00007ffe35e90120:   0f 10 44 11 a0 0f 10 4c 11 b0 49 ff c9 0f 29 41
0x00007ffe35e90130:   a0 0f 29 49 b0 0f 10 44 11 c0 0f 10 4c 11 d0 0f
0x00007ffe35e90140:   29 41 c0 0f 29 49 d0 0f 10 44 11 e0 0f 10 4c 11
0x00007ffe35e90150:   f0 75 ad 0f 29 41 e0 49 83 e0 7f 0f 28 c1 eb 0c
0x00007ffe35e90160:   0f 10 04 11 48 83 c1 10 49 83 e8 10 4d 8b c8 49
0x00007ffe35e90170:   c1 e9 04 74 1c 66 66 66 0f 1f 84 00 00 00 00 00
0x00007ffe35e90180:   0f 11 41 f0 0f 10 04 11 48 83 c1 10 49 ff c9 75
0x00007ffe35e90190:   ef 49 83 e0 0f 74 0d 4a 8d 04 01 0f 10 4c 10 f0
0x00007ffe35e901a0:   0f 11 48 f0 0f 11 41 f0 49 8b c3 c3 0f 1f 40 00 


Stack slot to memory mapping:
stack at sp + 0 slots: 0x00007ffe358c986c nvoglv64.dll
stack at sp + 1 slots: 0x0000022a8000a1b3 is at code_begin+2355 in an Interpreter codelet
invoke return entry points  [0x0000022a80009880, 0x0000022a8000a2a0]  2592 bytes
stack at sp + 2 slots: 0x0000004d473fe3c0 is pointing into the stack for thread: 0x0000022aa34b4000
stack at sp + 3 slots: 0x0000022aa34b4000 is a thread
stack at sp + 4 slots: 0x00007ffe3573910b nvoglv64.dll
stack at sp + 5 slots: 0x0 is NULL
stack at sp + 6 slots: 0x0 is NULL
stack at sp + 7 slots: 0x0 is NULL


---------------  P R O C E S S  ---------------

Threads class SMR info:
_java_thread_list=0x0000022aab743e40, length=21, elements={
0x0000022aa3365000, 0x0000022aa3369800, 0x0000022aa337d000, 0x0000022aa3380800,
0x0000022aa3382800, 0x0000022aa3383800, 0x0000022aa338f800, 0x0000022aa33a8800,
0x0000022aa34b3000, 0x0000022aa34bb000, 0x0000022aa34bc800, 0x0000022aa34af000,
0x0000022aa34ad800, 0x0000022aa34b0800, 0x0000022aa34af800, 0x0000022aa34b1800,
0x0000022aa34b4000, 0x0000022aa34b2000, 0x0000022aa34ae000, 0x0000022aafdc7000,
0x0000022aafdc9800
}

Java Threads: ( => current thread )
  0x0000022aa3365000 JavaThread "Reference Handler" daemon [_thread_blocked, id=19388, stack(0x0000004d45e00000,0x0000004d45f00000)]
  0x0000022aa3369800 JavaThread "Finalizer" daemon [_thread_blocked, id=22080, stack(0x0000004d45f00000,0x0000004d46000000)]
  0x0000022aa337d000 JavaThread "Signal Dispatcher" daemon [_thread_blocked, id=21008, stack(0x0000004d46000000,0x0000004d46100000)]
  0x0000022aa3380800 JavaThread "Attach Listener" daemon [_thread_blocked, id=10436, stack(0x0000004d46100000,0x0000004d46200000)]
  0x0000022aa3382800 JavaThread "Service Thread" daemon [_thread_blocked, id=11172, stack(0x0000004d46200000,0x0000004d46300000)]
  0x0000022aa3383800 JavaThread "C2 CompilerThread0" daemon [_thread_blocked, id=11752, stack(0x0000004d46300000,0x0000004d46400000)]
  0x0000022aa338f800 JavaThread "C1 CompilerThread0" daemon [_thread_blocked, id=12744, stack(0x0000004d46400000,0x0000004d46500000)]
  0x0000022aa33a8800 JavaThread "Sweeper thread" daemon [_thread_blocked, id=7192, stack(0x0000004d46500000,0x0000004d46600000)]
  0x0000022aa34b3000 JavaThread "Common-Cleaner" daemon [_thread_blocked, id=7280, stack(0x0000004d46600000,0x0000004d46700000)]
  0x0000022aa34bb000 JavaThread "C1 CompilerThread1" daemon [_thread_blocked, id=11472, stack(0x0000004d46700000,0x0000004d46800000)]
  0x0000022aa34bc800 JavaThread "C1 CompilerThread2" daemon [_thread_blocked, id=9904, stack(0x0000004d46800000,0x0000004d46900000)]
  0x0000022aa34af000 JavaThread "Monitor Ctrl-Break" daemon [_thread_in_native, id=15356, stack(0x0000004d46a00000,0x0000004d46b00000)]
  0x0000022aa34ad800 JavaThread "Notification Thread" daemon [_thread_blocked, id=23464, stack(0x0000004d46b00000,0x0000004d46c00000)]
  0x0000022aa34b0800 JavaThread "Java2D Disposer" daemon [_thread_blocked, id=5500, stack(0x0000004d46d00000,0x0000004d46e00000)]
  0x0000022aa34af800 JavaThread "AWT-Shutdown" [_thread_blocked, id=15644, stack(0x0000004d46e00000,0x0000004d46f00000)]
  0x0000022aa34b1800 JavaThread "AWT-Windows" daemon [_thread_in_native, id=20512, stack(0x0000004d46f00000,0x0000004d47000000)]
=>0x0000022aa34b4000 JavaThread "AWT-EventQueue-0" [_thread_in_native, id=8248, stack(0x0000004d47300000,0x0000004d47400000)]
  0x0000022aa34b2000 JavaThread "main-SharedResourceRunner" daemon [_thread_blocked, id=18472, stack(0x0000004d47200000,0x0000004d47300000)]
  0x0000022aa34ae000 JavaThread "main-FPSAWTAnimator#00-Timer0" [_thread_blocked, id=12828, stack(0x0000004d48700000,0x0000004d48800000)]
  0x0000022aafdc7000 JavaThread "DestroyJavaVM" [_thread_blocked, id=6948, stack(0x0000004d45700000,0x0000004d45800000)]
  0x0000022aafdc9800 JavaThread "D3D Screen Updater" daemon [_thread_blocked, id=22820, stack(0x0000004d48800000,0x0000004d48900000)]

Other Threads:
  0x0000022aa335e000 VMThread "VM Thread" [stack: 0x0000004d45d00000,0x0000004d45e00000] [id=21464]
  0x0000022aa3812000 WatcherThread [stack: 0x0000004d46c00000,0x0000004d46d00000] [id=19684]
  0x0000022af29e3000 GCTaskThread "GC Thread#0" [stack: 0x0000004d45800000,0x0000004d45900000] [id=9880]
  0x0000022aabf4c800 GCTaskThread "GC Thread#1" [stack: 0x0000004d47a00000,0x0000004d47b00000] [id=15444]
  0x0000022aabf4d000 GCTaskThread "GC Thread#2" [stack: 0x0000004d47b00000,0x0000004d47c00000] [id=6232]
  0x0000022aabf4d800 GCTaskThread "GC Thread#3" [stack: 0x0000004d47c00000,0x0000004d47d00000] [id=13508]
  0x0000022aabf4e800 GCTaskThread "GC Thread#4" [stack: 0x0000004d47d00000,0x0000004d47e00000] [id=18744]
  0x0000022aabf0a000 GCTaskThread "GC Thread#5" [stack: 0x0000004d47e00000,0x0000004d47f00000] [id=19188]
  0x0000022aabf0b000 GCTaskThread "GC Thread#6" [stack: 0x0000004d47f00000,0x0000004d48000000] [id=10704]
  0x0000022aabf0b800 GCTaskThread "GC Thread#7" [stack: 0x0000004d48000000,0x0000004d48100000] [id=11872]
  0x0000022aabf0c800 GCTaskThread "GC Thread#8" [stack: 0x0000004d48100000,0x0000004d48200000] [id=3412]
  0x0000022aabf0d000 GCTaskThread "GC Thread#9" [stack: 0x0000004d48200000,0x0000004d48300000] [id=9492]
  0x0000022aabf0d800 GCTaskThread "GC Thread#10" [stack: 0x0000004d48300000,0x0000004d48400000] [id=2600]
  0x0000022aabf0e800 GCTaskThread "GC Thread#11" [stack: 0x0000004d48400000,0x0000004d48500000] [id=9596]
  0x0000022af2a04800 ConcurrentGCThread "G1 Main Marker" [stack: 0x0000004d45900000,0x0000004d45a00000] [id=18372]
  0x0000022af2a06000 ConcurrentGCThread "G1 Conc#0" [stack: 0x0000004d45a00000,0x0000004d45b00000] [id=13756]
  0x0000022aa29c9800 ConcurrentGCThread "G1 Refine#0" [stack: 0x0000004d45b00000,0x0000004d45c00000] [id=23292]
  0x0000022aa29ca800 ConcurrentGCThread "G1 Young RemSet Sampling" [stack: 0x0000004d45c00000,0x0000004d45d00000] [id=8624]

Threads with active compile tasks:

VM state:not at safepoint (normal execution)

VM Mutex/Monitor currently owned by a thread: None

Heap address: 0x0000000600c00000, size: 8180 MB, Compressed Oops mode: Zero based, Oop shift amount: 3
Narrow klass base: 0x0000000800000000, Narrow klass shift: 3
Compressed class space size: 1073741824 Address: 0x0000000800b30000

Heap:
 garbage-first heap   total 524288K, used 9921K [0x0000000600c00000, 0x0000000800000000)
  region size 2048K, 6 young (12288K), 2 survivors (4096K)
 Metaspace       used 13889K, capacity 14145K, committed 14208K, reserved 1062912K
  class space    used 1318K, capacity 1405K, committed 1408K, reserved 1048576K
Heap Regions: E=young(eden), S=young(survivor), O=old, HS=humongous(starts), HC=humongous(continues), CS=collection set, F=free, OA=open archive, CA=closed archive, TAMS=top-at-mark-start (previous, next)
|   0|0x0000000600c00000, 0x0000000600c00000, 0x0000000600e00000|  0%| F|  |TAMS 0x0000000600c00000, 0x0000000600c00000| Untracked 
|   1|0x0000000600e00000, 0x0000000600e00000, 0x0000000601000000|  0%| F|  |TAMS 0x0000000600e00000, 0x0000000600e00000| Untracked 
|   2|0x0000000601000000, 0x0000000601000000, 0x0000000601200000|  0%| F|  |TAMS 0x0000000601000000, 0x0000000601000000| Untracked 
|   3|0x0000000601200000, 0x0000000601200000, 0x0000000601400000|  0%| F|  |TAMS 0x0000000601200000, 0x0000000601200000| Untracked 
|   4|0x0000000601400000, 0x0000000601400000, 0x0000000601600000|  0%| F|  |TAMS 0x0000000601400000, 0x0000000601400000| Untracked 
|   5|0x0000000601600000, 0x0000000601600000, 0x0000000601800000|  0%| F|  |TAMS 0x0000000601600000, 0x0000000601600000| Untracked 
|   6|0x0000000601800000, 0x0000000601800000, 0x0000000601a00000|  0%| F|  |TAMS 0x0000000601800000, 0x0000000601800000| Untracked 
|   7|0x0000000601a00000, 0x0000000601a00000, 0x0000000601c00000|  0%| F|  |TAMS 0x0000000601a00000, 0x0000000601a00000| Untracked 
|   8|0x0000000601c00000, 0x0000000601c00000, 0x0000000601e00000|  0%| F|  |TAMS 0x0000000601c00000, 0x0000000601c00000| Untracked 
|   9|0x0000000601e00000, 0x0000000601e00000, 0x0000000602000000|  0%| F|  |TAMS 0x0000000601e00000, 0x0000000601e00000| Untracked 
|  10|0x0000000602000000, 0x0000000602000000, 0x0000000602200000|  0%| F|  |TAMS 0x0000000602000000, 0x0000000602000000| Untracked 
|  11|0x0000000602200000, 0x0000000602200000, 0x0000000602400000|  0%| F|  |TAMS 0x0000000602200000, 0x0000000602200000| Untracked 
|  12|0x0000000602400000, 0x0000000602400000, 0x0000000602600000|  0%| F|  |TAMS 0x0000000602400000, 0x0000000602400000| Untracked 
|  13|0x0000000602600000, 0x0000000602600000, 0x0000000602800000|  0%| F|  |TAMS 0x0000000602600000, 0x0000000602600000| Untracked 
|  14|0x0000000602800000, 0x0000000602800000, 0x0000000602a00000|  0%| F|  |TAMS 0x0000000602800000, 0x0000000602800000| Untracked 
|  15|0x0000000602a00000, 0x0000000602a00000, 0x0000000602c00000|  0%| F|  |TAMS 0x0000000602a00000, 0x0000000602a00000| Untracked 
|  16|0x0000000602c00000, 0x0000000602c00000, 0x0000000602e00000|  0%| F|  |TAMS 0x0000000602c00000, 0x0000000602c00000| Untracked 
|  17|0x0000000602e00000, 0x0000000602e00000, 0x0000000603000000|  0%| F|  |TAMS 0x0000000602e00000, 0x0000000602e00000| Untracked 
|  18|0x0000000603000000, 0x0000000603000000, 0x0000000603200000|  0%| F|  |TAMS 0x0000000603000000, 0x0000000603000000| Untracked 
|  19|0x0000000603200000, 0x0000000603200000, 0x0000000603400000|  0%| F|  |TAMS 0x0000000603200000, 0x0000000603200000| Untracked 
|  20|0x0000000603400000, 0x0000000603400000, 0x0000000603600000|  0%| F|  |TAMS 0x0000000603400000, 0x0000000603400000| Untracked 
|  21|0x0000000603600000, 0x0000000603600000, 0x0000000603800000|  0%| F|  |TAMS 0x0000000603600000, 0x0000000603600000| Untracked 
|  22|0x0000000603800000, 0x0000000603800000, 0x0000000603a00000|  0%| F|  |TAMS 0x0000000603800000, 0x0000000603800000| Untracked 
|  23|0x0000000603a00000, 0x0000000603a00000, 0x0000000603c00000|  0%| F|  |TAMS 0x0000000603a00000, 0x0000000603a00000| Untracked 
|  24|0x0000000603c00000, 0x0000000603c00000, 0x0000000603e00000|  0%| F|  |TAMS 0x0000000603c00000, 0x0000000603c00000| Untracked 
|  25|0x0000000603e00000, 0x0000000603e00000, 0x0000000604000000|  0%| F|  |TAMS 0x0000000603e00000, 0x0000000603e00000| Untracked 
|  26|0x0000000604000000, 0x0000000604000000, 0x0000000604200000|  0%| F|  |TAMS 0x0000000604000000, 0x0000000604000000| Untracked 
|  27|0x0000000604200000, 0x0000000604200000, 0x0000000604400000|  0%| F|  |TAMS 0x0000000604200000, 0x0000000604200000| Untracked 
|  28|0x0000000604400000, 0x0000000604400000, 0x0000000604600000|  0%| F|  |TAMS 0x0000000604400000, 0x0000000604400000| Untracked 
|  29|0x0000000604600000, 0x0000000604600000, 0x0000000604800000|  0%| F|  |TAMS 0x0000000604600000, 0x0000000604600000| Untracked 
|  30|0x0000000604800000, 0x0000000604800000, 0x0000000604a00000|  0%| F|  |TAMS 0x0000000604800000, 0x0000000604800000| Untracked 
|  31|0x0000000604a00000, 0x0000000604a00000, 0x0000000604c00000|  0%| F|  |TAMS 0x0000000604a00000, 0x0000000604a00000| Untracked 
|  32|0x0000000604c00000, 0x0000000604c00000, 0x0000000604e00000|  0%| F|  |TAMS 0x0000000604c00000, 0x0000000604c00000| Untracked 
|  33|0x0000000604e00000, 0x0000000604e00000, 0x0000000605000000|  0%| F|  |TAMS 0x0000000604e00000, 0x0000000604e00000| Untracked 
|  34|0x0000000605000000, 0x0000000605000000, 0x0000000605200000|  0%| F|  |TAMS 0x0000000605000000, 0x0000000605000000| Untracked 
|  35|0x0000000605200000, 0x0000000605200000, 0x0000000605400000|  0%| F|  |TAMS 0x0000000605200000, 0x0000000605200000| Untracked 
|  36|0x0000000605400000, 0x0000000605400000, 0x0000000605600000|  0%| F|  |TAMS 0x0000000605400000, 0x0000000605400000| Untracked 
|  37|0x0000000605600000, 0x0000000605600000, 0x0000000605800000|  0%| F|  |TAMS 0x0000000605600000, 0x0000000605600000| Untracked 
|  38|0x0000000605800000, 0x0000000605800000, 0x0000000605a00000|  0%| F|  |TAMS 0x0000000605800000, 0x0000000605800000| Untracked 
|  39|0x0000000605a00000, 0x0000000605a00000, 0x0000000605c00000|  0%| F|  |TAMS 0x0000000605a00000, 0x0000000605a00000| Untracked 
|  40|0x0000000605c00000, 0x0000000605c00000, 0x0000000605e00000|  0%| F|  |TAMS 0x0000000605c00000, 0x0000000605c00000| Untracked 
|  41|0x0000000605e00000, 0x0000000605e00000, 0x0000000606000000|  0%| F|  |TAMS 0x0000000605e00000, 0x0000000605e00000| Untracked 
|  42|0x0000000606000000, 0x0000000606000000, 0x0000000606200000|  0%| F|  |TAMS 0x0000000606000000, 0x0000000606000000| Untracked 
|  43|0x0000000606200000, 0x0000000606200000, 0x0000000606400000|  0%| F|  |TAMS 0x0000000606200000, 0x0000000606200000| Untracked 
|  44|0x0000000606400000, 0x0000000606400000, 0x0000000606600000|  0%| F|  |TAMS 0x0000000606400000, 0x0000000606400000| Untracked 
|  45|0x0000000606600000, 0x0000000606600000, 0x0000000606800000|  0%| F|  |TAMS 0x0000000606600000, 0x0000000606600000| Untracked 
|  46|0x0000000606800000, 0x0000000606800000, 0x0000000606a00000|  0%| F|  |TAMS 0x0000000606800000, 0x0000000606800000| Untracked 
|  47|0x0000000606a00000, 0x0000000606a00000, 0x0000000606c00000|  0%| F|  |TAMS 0x0000000606a00000, 0x0000000606a00000| Untracked 
|  48|0x0000000606c00000, 0x0000000606c00000, 0x0000000606e00000|  0%| F|  |TAMS 0x0000000606c00000, 0x0000000606c00000| Untracked 
|  49|0x0000000606e00000, 0x0000000606e00000, 0x0000000607000000|  0%| F|  |TAMS 0x0000000606e00000, 0x0000000606e00000| Untracked 
|  50|0x0000000607000000, 0x0000000607000000, 0x0000000607200000|  0%| F|  |TAMS 0x0000000607000000, 0x0000000607000000| Untracked 
|  51|0x0000000607200000, 0x0000000607200000, 0x0000000607400000|  0%| F|  |TAMS 0x0000000607200000, 0x0000000607200000| Untracked 
|  52|0x0000000607400000, 0x0000000607400000, 0x0000000607600000|  0%| F|  |TAMS 0x0000000607400000, 0x0000000607400000| Untracked 
|  53|0x0000000607600000, 0x0000000607600000, 0x0000000607800000|  0%| F|  |TAMS 0x0000000607600000, 0x0000000607600000| Untracked 
|  54|0x0000000607800000, 0x0000000607800000, 0x0000000607a00000|  0%| F|  |TAMS 0x0000000607800000, 0x0000000607800000| Untracked 
|  55|0x0000000607a00000, 0x0000000607a00000, 0x0000000607c00000|  0%| F|  |TAMS 0x0000000607a00000, 0x0000000607a00000| Untracked 
|  56|0x0000000607c00000, 0x0000000607c00000, 0x0000000607e00000|  0%| F|  |TAMS 0x0000000607c00000, 0x0000000607c00000| Untracked 
|  57|0x0000000607e00000, 0x0000000607e00000, 0x0000000608000000|  0%| F|  |TAMS 0x0000000607e00000, 0x0000000607e00000| Untracked 
|  58|0x0000000608000000, 0x0000000608000000, 0x0000000608200000|  0%| F|  |TAMS 0x0000000608000000, 0x0000000608000000| Untracked 
|  59|0x0000000608200000, 0x0000000608200000, 0x0000000608400000|  0%| F|  |TAMS 0x0000000608200000, 0x0000000608200000| Untracked 
|  60|0x0000000608400000, 0x0000000608400000, 0x0000000608600000|  0%| F|  |TAMS 0x0000000608400000, 0x0000000608400000| Untracked 
|  61|0x0000000608600000, 0x0000000608600000, 0x0000000608800000|  0%| F|  |TAMS 0x0000000608600000, 0x0000000608600000| Untracked 
|  62|0x0000000608800000, 0x0000000608800000, 0x0000000608a00000|  0%| F|  |TAMS 0x0000000608800000, 0x0000000608800000| Untracked 
|  63|0x0000000608a00000, 0x0000000608a00000, 0x0000000608c00000|  0%| F|  |TAMS 0x0000000608a00000, 0x0000000608a00000| Untracked 
|  64|0x0000000608c00000, 0x0000000608c00000, 0x0000000608e00000|  0%| F|  |TAMS 0x0000000608c00000, 0x0000000608c00000| Untracked 
|  65|0x0000000608e00000, 0x0000000608e00000, 0x0000000609000000|  0%| F|  |TAMS 0x0000000608e00000, 0x0000000608e00000| Untracked 
|  66|0x0000000609000000, 0x0000000609000000, 0x0000000609200000|  0%| F|  |TAMS 0x0000000609000000, 0x0000000609000000| Untracked 
|  67|0x0000000609200000, 0x0000000609200000, 0x0000000609400000|  0%| F|  |TAMS 0x0000000609200000, 0x0000000609200000| Untracked 
|  68|0x0000000609400000, 0x0000000609400000, 0x0000000609600000|  0%| F|  |TAMS 0x0000000609400000, 0x0000000609400000| Untracked 
|  69|0x0000000609600000, 0x0000000609600000, 0x0000000609800000|  0%| F|  |TAMS 0x0000000609600000, 0x0000000609600000| Untracked 
|  70|0x0000000609800000, 0x0000000609800000, 0x0000000609a00000|  0%| F|  |TAMS 0x0000000609800000, 0x0000000609800000| Untracked 
|  71|0x0000000609a00000, 0x0000000609a00000, 0x0000000609c00000|  0%| F|  |TAMS 0x0000000609a00000, 0x0000000609a00000| Untracked 
|  72|0x0000000609c00000, 0x0000000609c00000, 0x0000000609e00000|  0%| F|  |TAMS 0x0000000609c00000, 0x0000000609c00000| Untracked 
|  73|0x0000000609e00000, 0x0000000609e00000, 0x000000060a000000|  0%| F|  |TAMS 0x0000000609e00000, 0x0000000609e00000| Untracked 
|  74|0x000000060a000000, 0x000000060a000000, 0x000000060a200000|  0%| F|  |TAMS 0x000000060a000000, 0x000000060a000000| Untracked 
|  75|0x000000060a200000, 0x000000060a200000, 0x000000060a400000|  0%| F|  |TAMS 0x000000060a200000, 0x000000060a200000| Untracked 
|  76|0x000000060a400000, 0x000000060a400000, 0x000000060a600000|  0%| F|  |TAMS 0x000000060a400000, 0x000000060a400000| Untracked 
|  77|0x000000060a600000, 0x000000060a600000, 0x000000060a800000|  0%| F|  |TAMS 0x000000060a600000, 0x000000060a600000| Untracked 
|  78|0x000000060a800000, 0x000000060a800000, 0x000000060aa00000|  0%| F|  |TAMS 0x000000060a800000, 0x000000060a800000| Untracked 
|  79|0x000000060aa00000, 0x000000060aa00000, 0x000000060ac00000|  0%| F|  |TAMS 0x000000060aa00000, 0x000000060aa00000| Untracked 
|  80|0x000000060ac00000, 0x000000060ac00000, 0x000000060ae00000|  0%| F|  |TAMS 0x000000060ac00000, 0x000000060ac00000| Untracked 
|  81|0x000000060ae00000, 0x000000060ae00000, 0x000000060b000000|  0%| F|  |TAMS 0x000000060ae00000, 0x000000060ae00000| Untracked 
|  82|0x000000060b000000, 0x000000060b000000, 0x000000060b200000|  0%| F|  |TAMS 0x000000060b000000, 0x000000060b000000| Untracked 
|  83|0x000000060b200000, 0x000000060b200000, 0x000000060b400000|  0%| F|  |TAMS 0x000000060b200000, 0x000000060b200000| Untracked 
|  84|0x000000060b400000, 0x000000060b400000, 0x000000060b600000|  0%| F|  |TAMS 0x000000060b400000, 0x000000060b400000| Untracked 
|  85|0x000000060b600000, 0x000000060b600000, 0x000000060b800000|  0%| F|  |TAMS 0x000000060b600000, 0x000000060b600000| Untracked 
|  86|0x000000060b800000, 0x000000060b800000, 0x000000060ba00000|  0%| F|  |TAMS 0x000000060b800000, 0x000000060b800000| Untracked 
|  87|0x000000060ba00000, 0x000000060ba00000, 0x000000060bc00000|  0%| F|  |TAMS 0x000000060ba00000, 0x000000060ba00000| Untracked 
|  88|0x000000060bc00000, 0x000000060bc00000, 0x000000060be00000|  0%| F|  |TAMS 0x000000060bc00000, 0x000000060bc00000| Untracked 
|  89|0x000000060be00000, 0x000000060be00000, 0x000000060c000000|  0%| F|  |TAMS 0x000000060be00000, 0x000000060be00000| Untracked 
|  90|0x000000060c000000, 0x000000060c000000, 0x000000060c200000|  0%| F|  |TAMS 0x000000060c000000, 0x000000060c000000| Untracked 
|  91|0x000000060c200000, 0x000000060c200000, 0x000000060c400000|  0%| F|  |TAMS 0x000000060c200000, 0x000000060c200000| Untracked 
|  92|0x000000060c400000, 0x000000060c400000, 0x000000060c600000|  0%| F|  |TAMS 0x000000060c400000, 0x000000060c400000| Untracked 
|  93|0x000000060c600000, 0x000000060c600000, 0x000000060c800000|  0%| F|  |TAMS 0x000000060c600000, 0x000000060c600000| Untracked 
|  94|0x000000060c800000, 0x000000060c800000, 0x000000060ca00000|  0%| F|  |TAMS 0x000000060c800000, 0x000000060c800000| Untracked 
|  95|0x000000060ca00000, 0x000000060ca00000, 0x000000060cc00000|  0%| F|  |TAMS 0x000000060ca00000, 0x000000060ca00000| Untracked 
|  96|0x000000060cc00000, 0x000000060cc00000, 0x000000060ce00000|  0%| F|  |TAMS 0x000000060cc00000, 0x000000060cc00000| Untracked 
|  97|0x000000060ce00000, 0x000000060ce00000, 0x000000060d000000|  0%| F|  |TAMS 0x000000060ce00000, 0x000000060ce00000| Untracked 
|  98|0x000000060d000000, 0x000000060d000000, 0x000000060d200000|  0%| F|  |TAMS 0x000000060d000000, 0x000000060d000000| Untracked 
|  99|0x000000060d200000, 0x000000060d200000, 0x000000060d400000|  0%| F|  |TAMS 0x000000060d200000, 0x000000060d200000| Untracked 
| 100|0x000000060d400000, 0x000000060d400000, 0x000000060d600000|  0%| F|  |TAMS 0x000000060d400000, 0x000000060d400000| Untracked 
| 101|0x000000060d600000, 0x000000060d600000, 0x000000060d800000|  0%| F|  |TAMS 0x000000060d600000, 0x000000060d600000| Untracked 
| 102|0x000000060d800000, 0x000000060d800000, 0x000000060da00000|  0%| F|  |TAMS 0x000000060d800000, 0x000000060d800000| Untracked 
| 103|0x000000060da00000, 0x000000060da00000, 0x000000060dc00000|  0%| F|  |TAMS 0x000000060da00000, 0x000000060da00000| Untracked 
| 104|0x000000060dc00000, 0x000000060dc00000, 0x000000060de00000|  0%| F|  |TAMS 0x000000060dc00000, 0x000000060dc00000| Untracked 
| 105|0x000000060de00000, 0x000000060de00000, 0x000000060e000000|  0%| F|  |TAMS 0x000000060de00000, 0x000000060de00000| Untracked 
| 106|0x000000060e000000, 0x000000060e000000, 0x000000060e200000|  0%| F|  |TAMS 0x000000060e000000, 0x000000060e000000| Untracked 
| 107|0x000000060e200000, 0x000000060e200000, 0x000000060e400000|  0%| F|  |TAMS 0x000000060e200000, 0x000000060e200000| Untracked 
| 108|0x000000060e400000, 0x000000060e400000, 0x000000060e600000|  0%| F|  |TAMS 0x000000060e400000, 0x000000060e400000| Untracked 
| 109|0x000000060e600000, 0x000000060e600000, 0x000000060e800000|  0%| F|  |TAMS 0x000000060e600000, 0x000000060e600000| Untracked 
| 110|0x000000060e800000, 0x000000060e800000, 0x000000060ea00000|  0%| F|  |TAMS 0x000000060e800000, 0x000000060e800000| Untracked 
| 111|0x000000060ea00000, 0x000000060ea00000, 0x000000060ec00000|  0%| F|  |TAMS 0x000000060ea00000, 0x000000060ea00000| Untracked 
| 112|0x000000060ec00000, 0x000000060ec00000, 0x000000060ee00000|  0%| F|  |TAMS 0x000000060ec00000, 0x000000060ec00000| Untracked 
| 113|0x000000060ee00000, 0x000000060ee00000, 0x000000060f000000|  0%| F|  |TAMS 0x000000060ee00000, 0x000000060ee00000| Untracked 
| 114|0x000000060f000000, 0x000000060f000000, 0x000000060f200000|  0%| F|  |TAMS 0x000000060f000000, 0x000000060f000000| Untracked 
| 115|0x000000060f200000, 0x000000060f200000, 0x000000060f400000|  0%| F|  |TAMS 0x000000060f200000, 0x000000060f200000| Untracked 
| 116|0x000000060f400000, 0x000000060f400000, 0x000000060f600000|  0%| F|  |TAMS 0x000000060f400000, 0x000000060f400000| Untracked 
| 117|0x000000060f600000, 0x000000060f600000, 0x000000060f800000|  0%| F|  |TAMS 0x000000060f600000, 0x000000060f600000| Untracked 
| 118|0x000000060f800000, 0x000000060f800000, 0x000000060fa00000|  0%| F|  |TAMS 0x000000060f800000, 0x000000060f800000| Untracked 
| 119|0x000000060fa00000, 0x000000060fa00000, 0x000000060fc00000|  0%| F|  |TAMS 0x000000060fa00000, 0x000000060fa00000| Untracked 
| 120|0x000000060fc00000, 0x000000060fc00000, 0x000000060fe00000|  0%| F|  |TAMS 0x000000060fc00000, 0x000000060fc00000| Untracked 
| 121|0x000000060fe00000, 0x000000060fe00000, 0x0000000610000000|  0%| F|  |TAMS 0x000000060fe00000, 0x000000060fe00000| Untracked 
| 122|0x0000000610000000, 0x0000000610000000, 0x0000000610200000|  0%| F|  |TAMS 0x0000000610000000, 0x0000000610000000| Untracked 
| 123|0x0000000610200000, 0x0000000610200000, 0x0000000610400000|  0%| F|  |TAMS 0x0000000610200000, 0x0000000610200000| Untracked 
| 124|0x0000000610400000, 0x0000000610400000, 0x0000000610600000|  0%| F|  |TAMS 0x0000000610400000, 0x0000000610400000| Untracked 
| 125|0x0000000610600000, 0x0000000610600000, 0x0000000610800000|  0%| F|  |TAMS 0x0000000610600000, 0x0000000610600000| Untracked 
| 126|0x0000000610800000, 0x0000000610800000, 0x0000000610a00000|  0%| F|  |TAMS 0x0000000610800000, 0x0000000610800000| Untracked 
| 127|0x0000000610a00000, 0x0000000610a00000, 0x0000000610c00000|  0%| F|  |TAMS 0x0000000610a00000, 0x0000000610a00000| Untracked 
| 128|0x0000000610c00000, 0x0000000610c00000, 0x0000000610e00000|  0%| F|  |TAMS 0x0000000610c00000, 0x0000000610c00000| Untracked 
| 129|0x0000000610e00000, 0x0000000610e00000, 0x0000000611000000|  0%| F|  |TAMS 0x0000000610e00000, 0x0000000610e00000| Untracked 
| 130|0x0000000611000000, 0x0000000611000000, 0x0000000611200000|  0%| F|  |TAMS 0x0000000611000000, 0x0000000611000000| Untracked 
| 131|0x0000000611200000, 0x0000000611200000, 0x0000000611400000|  0%| F|  |TAMS 0x0000000611200000, 0x0000000611200000| Untracked 
| 132|0x0000000611400000, 0x0000000611400000, 0x0000000611600000|  0%| F|  |TAMS 0x0000000611400000, 0x0000000611400000| Untracked 
| 133|0x0000000611600000, 0x0000000611600000, 0x0000000611800000|  0%| F|  |TAMS 0x0000000611600000, 0x0000000611600000| Untracked 
| 134|0x0000000611800000, 0x0000000611800000, 0x0000000611a00000|  0%| F|  |TAMS 0x0000000611800000, 0x0000000611800000| Untracked 
| 135|0x0000000611a00000, 0x0000000611a00000, 0x0000000611c00000|  0%| F|  |TAMS 0x0000000611a00000, 0x0000000611a00000| Untracked 
| 136|0x0000000611c00000, 0x0000000611c00000, 0x0000000611e00000|  0%| F|  |TAMS 0x0000000611c00000, 0x0000000611c00000| Untracked 
| 137|0x0000000611e00000, 0x0000000611e00000, 0x0000000612000000|  0%| F|  |TAMS 0x0000000611e00000, 0x0000000611e00000| Untracked 
| 138|0x0000000612000000, 0x0000000612000000, 0x0000000612200000|  0%| F|  |TAMS 0x0000000612000000, 0x0000000612000000| Untracked 
| 139|0x0000000612200000, 0x0000000612200000, 0x0000000612400000|  0%| F|  |TAMS 0x0000000612200000, 0x0000000612200000| Untracked 
| 140|0x0000000612400000, 0x0000000612400000, 0x0000000612600000|  0%| F|  |TAMS 0x0000000612400000, 0x0000000612400000| Untracked 
| 141|0x0000000612600000, 0x0000000612600000, 0x0000000612800000|  0%| F|  |TAMS 0x0000000612600000, 0x0000000612600000| Untracked 
| 142|0x0000000612800000, 0x0000000612800000, 0x0000000612a00000|  0%| F|  |TAMS 0x0000000612800000, 0x0000000612800000| Untracked 
| 143|0x0000000612a00000, 0x0000000612a00000, 0x0000000612c00000|  0%| F|  |TAMS 0x0000000612a00000, 0x0000000612a00000| Untracked 
| 144|0x0000000612c00000, 0x0000000612c00000, 0x0000000612e00000|  0%| F|  |TAMS 0x0000000612c00000, 0x0000000612c00000| Untracked 
| 145|0x0000000612e00000, 0x0000000612e00000, 0x0000000613000000|  0%| F|  |TAMS 0x0000000612e00000, 0x0000000612e00000| Untracked 
| 146|0x0000000613000000, 0x0000000613000000, 0x0000000613200000|  0%| F|  |TAMS 0x0000000613000000, 0x0000000613000000| Untracked 
| 147|0x0000000613200000, 0x0000000613200000, 0x0000000613400000|  0%| F|  |TAMS 0x0000000613200000, 0x0000000613200000| Untracked 
| 148|0x0000000613400000, 0x0000000613400000, 0x0000000613600000|  0%| F|  |TAMS 0x0000000613400000, 0x0000000613400000| Untracked 
| 149|0x0000000613600000, 0x0000000613600000, 0x0000000613800000|  0%| F|  |TAMS 0x0000000613600000, 0x0000000613600000| Untracked 
| 150|0x0000000613800000, 0x0000000613800000, 0x0000000613a00000|  0%| F|  |TAMS 0x0000000613800000, 0x0000000613800000| Untracked 
| 151|0x0000000613a00000, 0x0000000613a00000, 0x0000000613c00000|  0%| F|  |TAMS 0x0000000613a00000, 0x0000000613a00000| Untracked 
| 152|0x0000000613c00000, 0x0000000613c00000, 0x0000000613e00000|  0%| F|  |TAMS 0x0000000613c00000, 0x0000000613c00000| Untracked 
| 153|0x0000000613e00000, 0x0000000613e00000, 0x0000000614000000|  0%| F|  |TAMS 0x0000000613e00000, 0x0000000613e00000| Untracked 
| 154|0x0000000614000000, 0x0000000614000000, 0x0000000614200000|  0%| F|  |TAMS 0x0000000614000000, 0x0000000614000000| Untracked 
| 155|0x0000000614200000, 0x0000000614200000, 0x0000000614400000|  0%| F|  |TAMS 0x0000000614200000, 0x0000000614200000| Untracked 
| 156|0x0000000614400000, 0x0000000614400000, 0x0000000614600000|  0%| F|  |TAMS 0x0000000614400000, 0x0000000614400000| Untracked 
| 157|0x0000000614600000, 0x0000000614600000, 0x0000000614800000|  0%| F|  |TAMS 0x0000000614600000, 0x0000000614600000| Untracked 
| 158|0x0000000614800000, 0x0000000614800000, 0x0000000614a00000|  0%| F|  |TAMS 0x0000000614800000, 0x0000000614800000| Untracked 
| 159|0x0000000614a00000, 0x0000000614a00000, 0x0000000614c00000|  0%| F|  |TAMS 0x0000000614a00000, 0x0000000614a00000| Untracked 
| 160|0x0000000614c00000, 0x0000000614c00000, 0x0000000614e00000|  0%| F|  |TAMS 0x0000000614c00000, 0x0000000614c00000| Untracked 
| 161|0x0000000614e00000, 0x0000000614e00000, 0x0000000615000000|  0%| F|  |TAMS 0x0000000614e00000, 0x0000000614e00000| Untracked 
| 162|0x0000000615000000, 0x0000000615000000, 0x0000000615200000|  0%| F|  |TAMS 0x0000000615000000, 0x0000000615000000| Untracked 
| 163|0x0000000615200000, 0x0000000615200000, 0x0000000615400000|  0%| F|  |TAMS 0x0000000615200000, 0x0000000615200000| Untracked 
| 164|0x0000000615400000, 0x0000000615400000, 0x0000000615600000|  0%| F|  |TAMS 0x0000000615400000, 0x0000000615400000| Untracked 
| 165|0x0000000615600000, 0x0000000615600000, 0x0000000615800000|  0%| F|  |TAMS 0x0000000615600000, 0x0000000615600000| Untracked 
| 166|0x0000000615800000, 0x0000000615800000, 0x0000000615a00000|  0%| F|  |TAMS 0x0000000615800000, 0x0000000615800000| Untracked 
| 167|0x0000000615a00000, 0x0000000615a00000, 0x0000000615c00000|  0%| F|  |TAMS 0x0000000615a00000, 0x0000000615a00000| Untracked 
| 168|0x0000000615c00000, 0x0000000615c00000, 0x0000000615e00000|  0%| F|  |TAMS 0x0000000615c00000, 0x0000000615c00000| Untracked 
| 169|0x0000000615e00000, 0x0000000615e00000, 0x0000000616000000|  0%| F|  |TAMS 0x0000000615e00000, 0x0000000615e00000| Untracked 
| 170|0x0000000616000000, 0x0000000616000000, 0x0000000616200000|  0%| F|  |TAMS 0x0000000616000000, 0x0000000616000000| Untracked 
| 171|0x0000000616200000, 0x0000000616200000, 0x0000000616400000|  0%| F|  |TAMS 0x0000000616200000, 0x0000000616200000| Untracked 
| 172|0x0000000616400000, 0x0000000616400000, 0x0000000616600000|  0%| F|  |TAMS 0x0000000616400000, 0x0000000616400000| Untracked 
| 173|0x0000000616600000, 0x0000000616600000, 0x0000000616800000|  0%| F|  |TAMS 0x0000000616600000, 0x0000000616600000| Untracked 
| 174|0x0000000616800000, 0x0000000616800000, 0x0000000616a00000|  0%| F|  |TAMS 0x0000000616800000, 0x0000000616800000| Untracked 
| 175|0x0000000616a00000, 0x0000000616a00000, 0x0000000616c00000|  0%| F|  |TAMS 0x0000000616a00000, 0x0000000616a00000| Untracked 
| 176|0x0000000616c00000, 0x0000000616c00000, 0x0000000616e00000|  0%| F|  |TAMS 0x0000000616c00000, 0x0000000616c00000| Untracked 
| 177|0x0000000616e00000, 0x0000000616e00000, 0x0000000617000000|  0%| F|  |TAMS 0x0000000616e00000, 0x0000000616e00000| Untracked 
| 178|0x0000000617000000, 0x0000000617000000, 0x0000000617200000|  0%| F|  |TAMS 0x0000000617000000, 0x0000000617000000| Untracked 
| 179|0x0000000617200000, 0x0000000617200000, 0x0000000617400000|  0%| F|  |TAMS 0x0000000617200000, 0x0000000617200000| Untracked 
| 180|0x0000000617400000, 0x0000000617400000, 0x0000000617600000|  0%| F|  |TAMS 0x0000000617400000, 0x0000000617400000| Untracked 
| 181|0x0000000617600000, 0x0000000617600000, 0x0000000617800000|  0%| F|  |TAMS 0x0000000617600000, 0x0000000617600000| Untracked 
| 182|0x0000000617800000, 0x0000000617800000, 0x0000000617a00000|  0%| F|  |TAMS 0x0000000617800000, 0x0000000617800000| Untracked 
| 183|0x0000000617a00000, 0x0000000617a00000, 0x0000000617c00000|  0%| F|  |TAMS 0x0000000617a00000, 0x0000000617a00000| Untracked 
| 184|0x0000000617c00000, 0x0000000617c00000, 0x0000000617e00000|  0%| F|  |TAMS 0x0000000617c00000, 0x0000000617c00000| Untracked 
| 185|0x0000000617e00000, 0x0000000617e00000, 0x0000000618000000|  0%| F|  |TAMS 0x0000000617e00000, 0x0000000617e00000| Untracked 
| 186|0x0000000618000000, 0x0000000618000000, 0x0000000618200000|  0%| F|  |TAMS 0x0000000618000000, 0x0000000618000000| Untracked 
| 187|0x0000000618200000, 0x0000000618200000, 0x0000000618400000|  0%| F|  |TAMS 0x0000000618200000, 0x0000000618200000| Untracked 
| 188|0x0000000618400000, 0x0000000618400000, 0x0000000618600000|  0%| F|  |TAMS 0x0000000618400000, 0x0000000618400000| Untracked 
| 189|0x0000000618600000, 0x0000000618600000, 0x0000000618800000|  0%| F|  |TAMS 0x0000000618600000, 0x0000000618600000| Untracked 
| 190|0x0000000618800000, 0x0000000618800000, 0x0000000618a00000|  0%| F|  |TAMS 0x0000000618800000, 0x0000000618800000| Untracked 
| 191|0x0000000618a00000, 0x0000000618a00000, 0x0000000618c00000|  0%| F|  |TAMS 0x0000000618a00000, 0x0000000618a00000| Untracked 
| 192|0x0000000618c00000, 0x0000000618c00000, 0x0000000618e00000|  0%| F|  |TAMS 0x0000000618c00000, 0x0000000618c00000| Untracked 
| 193|0x0000000618e00000, 0x0000000618e00000, 0x0000000619000000|  0%| F|  |TAMS 0x0000000618e00000, 0x0000000618e00000| Untracked 
| 194|0x0000000619000000, 0x0000000619000000, 0x0000000619200000|  0%| F|  |TAMS 0x0000000619000000, 0x0000000619000000| Untracked 
| 195|0x0000000619200000, 0x0000000619200000, 0x0000000619400000|  0%| F|  |TAMS 0x0000000619200000, 0x0000000619200000| Untracked 
| 196|0x0000000619400000, 0x0000000619400000, 0x0000000619600000|  0%| F|  |TAMS 0x0000000619400000, 0x0000000619400000| Untracked 
| 197|0x0000000619600000, 0x0000000619600000, 0x0000000619800000|  0%| F|  |TAMS 0x0000000619600000, 0x0000000619600000| Untracked 
| 198|0x0000000619800000, 0x0000000619800000, 0x0000000619a00000|  0%| F|  |TAMS 0x0000000619800000, 0x0000000619800000| Untracked 
| 199|0x0000000619a00000, 0x0000000619a00000, 0x0000000619c00000|  0%| F|  |TAMS 0x0000000619a00000, 0x0000000619a00000| Untracked 
| 200|0x0000000619c00000, 0x0000000619c00000, 0x0000000619e00000|  0%| F|  |TAMS 0x0000000619c00000, 0x0000000619c00000| Untracked 
| 201|0x0000000619e00000, 0x0000000619e00000, 0x000000061a000000|  0%| F|  |TAMS 0x0000000619e00000, 0x0000000619e00000| Untracked 
| 202|0x000000061a000000, 0x000000061a000000, 0x000000061a200000|  0%| F|  |TAMS 0x000000061a000000, 0x000000061a000000| Untracked 
| 203|0x000000061a200000, 0x000000061a200000, 0x000000061a400000|  0%| F|  |TAMS 0x000000061a200000, 0x000000061a200000| Untracked 
| 204|0x000000061a400000, 0x000000061a400000, 0x000000061a600000|  0%| F|  |TAMS 0x000000061a400000, 0x000000061a400000| Untracked 
| 205|0x000000061a600000, 0x000000061a600000, 0x000000061a800000|  0%| F|  |TAMS 0x000000061a600000, 0x000000061a600000| Untracked 
| 206|0x000000061a800000, 0x000000061a800000, 0x000000061aa00000|  0%| F|  |TAMS 0x000000061a800000, 0x000000061a800000| Untracked 
| 207|0x000000061aa00000, 0x000000061aa00000, 0x000000061ac00000|  0%| F|  |TAMS 0x000000061aa00000, 0x000000061aa00000| Untracked 
| 208|0x000000061ac00000, 0x000000061ac00000, 0x000000061ae00000|  0%| F|  |TAMS 0x000000061ac00000, 0x000000061ac00000| Untracked 
| 209|0x000000061ae00000, 0x000000061ae00000, 0x000000061b000000|  0%| F|  |TAMS 0x000000061ae00000, 0x000000061ae00000| Untracked 
| 210|0x000000061b000000, 0x000000061b000000, 0x000000061b200000|  0%| F|  |TAMS 0x000000061b000000, 0x000000061b000000| Untracked 
| 211|0x000000061b200000, 0x000000061b200000, 0x000000061b400000|  0%| F|  |TAMS 0x000000061b200000, 0x000000061b200000| Untracked 
| 212|0x000000061b400000, 0x000000061b400000, 0x000000061b600000|  0%| F|  |TAMS 0x000000061b400000, 0x000000061b400000| Untracked 
| 213|0x000000061b600000, 0x000000061b600000, 0x000000061b800000|  0%| F|  |TAMS 0x000000061b600000, 0x000000061b600000| Untracked 
| 214|0x000000061b800000, 0x000000061b800000, 0x000000061ba00000|  0%| F|  |TAMS 0x000000061b800000, 0x000000061b800000| Untracked 
| 215|0x000000061ba00000, 0x000000061ba00000, 0x000000061bc00000|  0%| F|  |TAMS 0x000000061ba00000, 0x000000061ba00000| Untracked 
| 216|0x000000061bc00000, 0x000000061bc00000, 0x000000061be00000|  0%| F|  |TAMS 0x000000061bc00000, 0x000000061bc00000| Untracked 
| 217|0x000000061be00000, 0x000000061be00000, 0x000000061c000000|  0%| F|  |TAMS 0x000000061be00000, 0x000000061be00000| Untracked 
| 218|0x000000061c000000, 0x000000061c000000, 0x000000061c200000|  0%| F|  |TAMS 0x000000061c000000, 0x000000061c000000| Untracked 
| 219|0x000000061c200000, 0x000000061c200000, 0x000000061c400000|  0%| F|  |TAMS 0x000000061c200000, 0x000000061c200000| Untracked 
| 220|0x000000061c400000, 0x000000061c400000, 0x000000061c600000|  0%| F|  |TAMS 0x000000061c400000, 0x000000061c400000| Untracked 
| 221|0x000000061c600000, 0x000000061c600000, 0x000000061c800000|  0%| F|  |TAMS 0x000000061c600000, 0x000000061c600000| Untracked 
| 222|0x000000061c800000, 0x000000061c800000, 0x000000061ca00000|  0%| F|  |TAMS 0x000000061c800000, 0x000000061c800000| Untracked 
| 223|0x000000061ca00000, 0x000000061ca00000, 0x000000061cc00000|  0%| F|  |TAMS 0x000000061ca00000, 0x000000061ca00000| Untracked 
| 224|0x000000061cc00000, 0x000000061cc00000, 0x000000061ce00000|  0%| F|  |TAMS 0x000000061cc00000, 0x000000061cc00000| Untracked 
| 225|0x000000061ce00000, 0x000000061ce00000, 0x000000061d000000|  0%| F|  |TAMS 0x000000061ce00000, 0x000000061ce00000| Untracked 
| 226|0x000000061d000000, 0x000000061d000000, 0x000000061d200000|  0%| F|  |TAMS 0x000000061d000000, 0x000000061d000000| Untracked 
| 227|0x000000061d200000, 0x000000061d200000, 0x000000061d400000|  0%| F|  |TAMS 0x000000061d200000, 0x000000061d200000| Untracked 
| 228|0x000000061d400000, 0x000000061d400000, 0x000000061d600000|  0%| F|  |TAMS 0x000000061d400000, 0x000000061d400000| Untracked 
| 229|0x000000061d600000, 0x000000061d600000, 0x000000061d800000|  0%| F|  |TAMS 0x000000061d600000, 0x000000061d600000| Untracked 
| 230|0x000000061d800000, 0x000000061d800000, 0x000000061da00000|  0%| F|  |TAMS 0x000000061d800000, 0x000000061d800000| Untracked 
| 231|0x000000061da00000, 0x000000061da00000, 0x000000061dc00000|  0%| F|  |TAMS 0x000000061da00000, 0x000000061da00000| Untracked 
| 232|0x000000061dc00000, 0x000000061dc00000, 0x000000061de00000|  0%| F|  |TAMS 0x000000061dc00000, 0x000000061dc00000| Untracked 
| 233|0x000000061de00000, 0x000000061de00000, 0x000000061e000000|  0%| F|  |TAMS 0x000000061de00000, 0x000000061de00000| Untracked 
| 234|0x000000061e000000, 0x000000061e000000, 0x000000061e200000|  0%| F|  |TAMS 0x000000061e000000, 0x000000061e000000| Untracked 
| 235|0x000000061e200000, 0x000000061e200000, 0x000000061e400000|  0%| F|  |TAMS 0x000000061e200000, 0x000000061e200000| Untracked 
| 236|0x000000061e400000, 0x000000061e400000, 0x000000061e600000|  0%| F|  |TAMS 0x000000061e400000, 0x000000061e400000| Untracked 
| 237|0x000000061e600000, 0x000000061e600000, 0x000000061e800000|  0%| F|  |TAMS 0x000000061e600000, 0x000000061e600000| Untracked 
| 238|0x000000061e800000, 0x000000061e800000, 0x000000061ea00000|  0%| F|  |TAMS 0x000000061e800000, 0x000000061e800000| Untracked 
| 239|0x000000061ea00000, 0x000000061ea00000, 0x000000061ec00000|  0%| F|  |TAMS 0x000000061ea00000, 0x000000061ea00000| Untracked 
| 240|0x000000061ec00000, 0x000000061ec00000, 0x000000061ee00000|  0%| F|  |TAMS 0x000000061ec00000, 0x000000061ec00000| Untracked 
| 241|0x000000061ee00000, 0x000000061ee00000, 0x000000061f000000|  0%| F|  |TAMS 0x000000061ee00000, 0x000000061ee00000| Untracked 
| 242|0x000000061f000000, 0x000000061f1b0528, 0x000000061f200000| 84%| S|CS|TAMS 0x000000061f000000, 0x000000061f000000| Complete 
| 243|0x000000061f200000, 0x000000061f400000, 0x000000061f400000|100%| S|CS|TAMS 0x000000061f200000, 0x000000061f200000| Complete 
| 244|0x000000061f400000, 0x000000061f400000, 0x000000061f600000|  0%| F|  |TAMS 0x000000061f400000, 0x000000061f400000| Untracked 
| 245|0x000000061f600000, 0x000000061f600000, 0x000000061f800000|  0%| F|  |TAMS 0x000000061f600000, 0x000000061f600000| Untracked 
| 246|0x000000061f800000, 0x000000061f800000, 0x000000061fa00000|  0%| F|  |TAMS 0x000000061f800000, 0x000000061f800000| Untracked 
| 247|0x000000061fa00000, 0x000000061fa00000, 0x000000061fc00000|  0%| F|  |TAMS 0x000000061fa00000, 0x000000061fa00000| Untracked 
| 248|0x000000061fc00000, 0x000000061fc00000, 0x000000061fe00000|  0%| F|  |TAMS 0x000000061fc00000, 0x000000061fc00000| Untracked 
| 249|0x000000061fe00000, 0x000000061fe00000, 0x0000000620000000|  0%| F|  |TAMS 0x000000061fe00000, 0x000000061fe00000| Untracked 
| 250|0x0000000620000000, 0x0000000620000000, 0x0000000620200000|  0%| F|  |TAMS 0x0000000620000000, 0x0000000620000000| Untracked 
| 251|0x0000000620200000, 0x0000000620200000, 0x0000000620400000|  0%| F|  |TAMS 0x0000000620200000, 0x0000000620200000| Untracked 
| 252|0x0000000620400000, 0x00000006204e8ee8, 0x0000000620600000| 45%| E|  |TAMS 0x0000000620400000, 0x0000000620400000| Complete 
| 253|0x0000000620600000, 0x0000000620800000, 0x0000000620800000|100%| E|CS|TAMS 0x0000000620600000, 0x0000000620600000| Complete 
| 254|0x0000000620800000, 0x0000000620a00000, 0x0000000620a00000|100%| E|CS|TAMS 0x0000000620800000, 0x0000000620800000| Complete 
| 255|0x0000000620a00000, 0x0000000620c00000, 0x0000000620c00000|100%| E|CS|TAMS 0x0000000620a00000, 0x0000000620a00000| Complete 

Card table byte_map: [0x0000022afe8c0000,0x0000022aff8c0000] _byte_map_base: 0x0000022afb8ba000

Marking Bits (Prev, Next): (CMBitMap*) 0x0000022af29e3a28, (CMBitMap*) 0x0000022af29e3a68
 Prev Bits: [0x0000022a90000000, 0x0000022a97fd0000)
 Next Bits: [0x0000022a97fd0000, 0x0000022a9ffa0000)

Polling page: 0x0000022af2660000

Metaspace:

Usage:
  Non-class:     12.44 MB capacity,    12.28 MB ( 99%) used,   147.29 KB (  1%) free+waste,    22.00 KB ( <1%) overhead. 
      Class:      1.37 MB capacity,     1.29 MB ( 94%) used,    75.82 KB (  5%) free+waste,    10.25 KB ( <1%) overhead. 
       Both:     13.81 MB capacity,    13.56 MB ( 98%) used,   223.11 KB (  2%) free+waste,    32.25 KB ( <1%) overhead. 

Virtual space:
  Non-class space:       14.00 MB reserved,      12.50 MB ( 89%) committed 
      Class space:        1.00 GB reserved,       1.38 MB ( <1%) committed 
             Both:        1.01 GB reserved,      13.88 MB (  1%) committed 

Chunk freelists:
   Non-Class:  60.00 KB
       Class:  3.00 KB
        Both:  63.00 KB

MaxMetaspaceSize: 17179869184.00 GB
CompressedClassSpaceSize: 1.00 GB

CodeHeap 'non-profiled nmethods': size=119168Kb used=411Kb max_used=411Kb free=118756Kb
 bounds [0x0000022a87ba0000, 0x0000022a87e10000, 0x0000022a8f000000]
CodeHeap 'profiled nmethods': size=119104Kb used=2229Kb max_used=2229Kb free=116874Kb
 bounds [0x0000022a80750000, 0x0000022a809c0000, 0x0000022a87ba0000]
CodeHeap 'non-nmethods': size=7488Kb used=2694Kb max_used=2699Kb free=4793Kb
 bounds [0x0000022a80000000, 0x0000022a802b0000, 0x0000022a80750000]
 total_blobs=2178 nmethods=1236 adapters=853
 compilation: enabled
              stopped_count=0, restarted_count=0
 full_count=0

Compilation events (20 events):
Event: 1.249 Thread 0x0000022aa338f800 1225       1       sun.nio.ch.NativeThread::current (2 bytes)
Event: 1.249 Thread 0x0000022aa34bc800 nmethod 1224 0x0000022a87c06290 code [0x0000022a87c06420, 0x0000022a87c064f8]
Event: 1.249 Thread 0x0000022aa34bb000 1226       3       java.nio.channels.spi.AbstractInterruptibleChannel::isOpen (13 bytes)
Event: 1.249 Thread 0x0000022aa338f800 nmethod 1225 0x0000022a87c06590 code [0x0000022a87c06720, 0x0000022a87c067b8]
Event: 1.249 Thread 0x0000022aa34bb000 nmethod 1226 0x0000022a8097a190 code [0x0000022a8097a320, 0x0000022a8097a498]
Event: 1.249 Thread 0x0000022aa34bb000 1227       3       java.nio.channels.spi.AbstractInterruptibleChannel::blockedOn (10 bytes)
Event: 1.249 Thread 0x0000022aa338f800 1228       3       java.lang.System$2::blockedOn (5 bytes)
Event: 1.249 Thread 0x0000022aa34bc800 1229   !   3       java.lang.Thread::blockedOn (27 bytes)
Event: 1.249 Thread 0x0000022aa34bc800 nmethod 1229 0x0000022a8097a510 code [0x0000022a8097a6c0, 0x0000022a8097a9f8]
Event: 1.249 Thread 0x0000022aa338f800 nmethod 1228 0x0000022a8097ab10 code [0x0000022a8097acc0, 0x0000022a8097b098]
Event: 1.249 Thread 0x0000022aa34bb000 nmethod 1227 0x0000022a8097b210 code [0x0000022a8097b3e0, 0x0000022a8097b898]
Event: 1.251 Thread 0x0000022aa34bb000 1231       3       java.lang.Class::cast (27 bytes)
Event: 1.251 Thread 0x0000022aa34bb000 nmethod 1231 0x0000022a8097ba90 code [0x0000022a8097bc40, 0x0000022a8097bf18]
Event: 1.252 Thread 0x0000022aa34bb000 1232       3       java.nio.Buffer::nextPutIndex (30 bytes)
Event: 1.252 Thread 0x0000022aa34bb000 nmethod 1232 0x0000022a8097c010 code [0x0000022a8097c1c0, 0x0000022a8097c3a8]
Event: 1.252 Thread 0x0000022aa34bb000 1233       3       jdk.internal.misc.Unsafe::putFloat (8 bytes)
Event: 1.252 Thread 0x0000022aa34bc800 1235   !   3       java.nio.DirectFloatBufferU::put (35 bytes)
Event: 1.252 Thread 0x0000022aa338f800 1236       3       java.nio.DirectFloatBufferU::ix (10 bytes)
Event: 1.252 Thread 0x0000022aa34bb000 nmethod 1233 0x0000022a8097c490 code [0x0000022a8097c620, 0x0000022a8097c758]
Event: 1.252 Thread 0x0000022aa338f800 nmethod 1236 0x0000022a8097c810 code [0x0000022a8097c9a0, 0x0000022a8097cad8]

GC Heap History (2 events):
Event: 0.992 GC heap before
{Heap before GC invocations=0 (full 0):
 garbage-first heap   total 524288K, used 22528K [0x0000000600c00000, 0x0000000800000000)
  region size 2048K, 12 young (24576K), 0 survivors (0K)
 Metaspace       used 10759K, capacity 10929K, committed 11392K, reserved 1058816K
  class space    used 937K, capacity 1012K, committed 1152K, reserved 1048576K
}
Event: 1.002 GC heap after
{Heap after GC invocations=1 (full 0):
 garbage-first heap   total 524288K, used 3777K [0x0000000600c00000, 0x0000000800000000)
  region size 2048K, 2 young (4096K), 2 survivors (4096K)
 Metaspace       used 10759K, capacity 10929K, committed 11392K, reserved 1058816K
  class space    used 937K, capacity 1012K, committed 1152K, reserved 1048576K
}

Deoptimization events (20 events):
Event: 1.113 Thread 0x0000022af295c000 Uncommon trap: trap_request=0xffffff45 fr.pc=0x0000022a87be3a50 relative=0x0000000000000270
Event: 1.113 Thread 0x0000022af295c000 Uncommon trap: reason=unstable_if action=reinterpret pc=0x0000022a87be3a50 method=java.lang.String.startsWith(Ljava/lang/String;I)Z @ 14 c2
Event: 1.113 Thread 0x0000022af295c000 DEOPT PACKING pc=0x0000022a87be3a50 sp=0x0000004d457fdd20
Event: 1.113 Thread 0x0000022af295c000 DEOPT UNPACKING pc=0x0000022a8004912f sp=0x0000004d457fdc80 mode 2
Event: 1.227 Thread 0x0000022aa34b4000 Uncommon trap: trap_request=0xffffff45 fr.pc=0x0000022a87bdbc90 relative=0x00000000000004f0
Event: 1.227 Thread 0x0000022aa34b4000 Uncommon trap: reason=unstable_if action=reinterpret pc=0x0000022a87bdbc90 method=java.lang.AbstractStringBuilder.putStringAt(ILjava/lang/String;)V @ 8 c2
Event: 1.227 Thread 0x0000022aa34b4000 DEOPT PACKING pc=0x0000022a87bdbc90 sp=0x0000004d473fe300
Event: 1.227 Thread 0x0000022aa34b4000 DEOPT UNPACKING pc=0x0000022a8004912f sp=0x0000004d473fe218 mode 2
Event: 1.227 Thread 0x0000022aa34b4000 Uncommon trap: trap_request=0xffffff45 fr.pc=0x0000022a87bda928 relative=0x0000000000000508
Event: 1.227 Thread 0x0000022aa34b4000 Uncommon trap: reason=unstable_if action=reinterpret pc=0x0000022a87bda928 method=java.lang.AbstractStringBuilder.putStringAt(ILjava/lang/String;)V @ 8 c2
Event: 1.227 Thread 0x0000022aa34b4000 DEOPT PACKING pc=0x0000022a87bda928 sp=0x0000004d473fe2a0
Event: 1.228 Thread 0x0000022aa34b4000 DEOPT UNPACKING pc=0x0000022a8004912f sp=0x0000004d473fe210 mode 2
Event: 1.228 Thread 0x0000022aa34b4000 Uncommon trap: trap_request=0xffffff45 fr.pc=0x0000022a87bd6c40 relative=0x0000000000000100
Event: 1.228 Thread 0x0000022aa34b4000 Uncommon trap: reason=unstable_if action=reinterpret pc=0x0000022a87bd6c40 method=java.lang.String.getBytes([BIB)V @ 5 c2
Event: 1.228 Thread 0x0000022aa34b4000 DEOPT PACKING pc=0x0000022a87bd6c40 sp=0x0000004d473fe1c0
Event: 1.228 Thread 0x0000022aa34b4000 DEOPT UNPACKING pc=0x0000022a8004912f sp=0x0000004d473fe188 mode 2
Event: 1.228 Thread 0x0000022aa34b4000 Uncommon trap: trap_request=0xffffff45 fr.pc=0x0000022a87be77ec relative=0x000000000000040c
Event: 1.228 Thread 0x0000022aa34b4000 Uncommon trap: reason=unstable_if action=reinterpret pc=0x0000022a87be77ec method=java.lang.AbstractStringBuilder.isLatin1()Z @ 10 c2
Event: 1.228 Thread 0x0000022aa34b4000 DEOPT PACKING pc=0x0000022a87be77ec sp=0x0000004d473fe320
Event: 1.228 Thread 0x0000022aa34b4000 DEOPT UNPACKING pc=0x0000022a8004912f sp=0x0000004d473fe2a0 mode 2

Classes unloaded (0 events):
No events

Classes redefined (0 events):
No events

Internal exceptions (14 events):
Event: 0.106 Thread 0x0000022af295c000 Exception <a 'java/lang/ClassNotFoundException'{0x0000000620957648}: sun/awt/resources/spi/awtProvider> (0x0000000620957648) 
thrown [./open/src/hotspot/share/classfile/systemDictionary.cpp, line 226]
Event: 0.119 Thread 0x0000022af295c000 Exception <a 'java/io/FileNotFoundException'{0x00000006206227b8}> (0x00000006206227b8) 
thrown [./open/src/hotspot/share/prims/jni.cpp, line 599]
Event: 0.125 Thread 0x0000022af295c000 Exception <a 'java/io/FileNotFoundException'{0x0000000620648ab0}> (0x0000000620648ab0) 
thrown [./open/src/hotspot/share/prims/jni.cpp, line 599]
Event: 0.183 Thread 0x0000022aa34b1800 Exception <a 'java/lang/NoSuchMethodError'{0x000000062077a798}: 'void java.lang.invoke.DirectMethodHandle$Holder.invokeSpecial(java.lang.Object, java.lang.Object)'> (0x000000062077a798) 
thrown [./open/src/hotspot/share/interpreter/linkResolver.cpp, line 766]
Event: 0.349 Thread 0x0000022af295c000 Exception <a 'java/lang/NoSuchMethodError'{0x0000000620541668}: 'int java.lang.invoke.DirectMethodHandle$Holder.invokeSpecialIFC(java.lang.Object, java.lang.Object, int)'> (0x0000000620541668) 
thrown [./open/src/hotspot/share/interpreter/linkResolver.cpp, line 766]
Event: 0.372 Thread 0x0000022af295c000 Exception <a 'java/lang/NoSuchMethodError'{0x0000000620248030}: 'java.lang.Object java.lang.invoke.DirectMethodHandle$Holder.invokeStaticInit(java.lang.Object, int, int, int, int)'> (0x0000000620248030) 
thrown [./open/src/hotspot/share/interpreter/linkResolver.cpp, line 766]
Event: 0.391 Thread 0x0000022af295c000 Exception <a 'java/lang/NoSuchMethodError'{0x000000062026ea10}: 'java.lang.Object java.lang.invoke.DirectMethodHandle$Holder.invokeStaticInit(java.lang.Object, java.lang.Object, int, int, int, int)'> (0x000000062026ea10) 
thrown [./open/src/hotspot/share/interpreter/linkResolver.cpp, line 766]
Event: 0.413 Thread 0x0000022af295c000 Exception <a 'java/lang/NoSuchMethodError'{0x000000062028e2a0}: 'void java.lang.invoke.DirectMethodHandle$Holder.invokeStatic(java.lang.Object, long)'> (0x000000062028e2a0) 
thrown [./open/src/hotspot/share/interpreter/linkResolver.cpp, line 766]
Event: 0.415 Thread 0x0000022af295c000 Exception <a 'java/lang/NoSuchMethodError'{0x0000000620298628}: 'java.lang.Object java.lang.invoke.DirectMethodHandle$Holder.invokeStaticInit(java.lang.Object, java.lang.Object, long, java.lang.Object)'> (0x0000000620298628) 
thrown [./open/src/hotspot/share/interpreter/linkResolver.cpp, line 766]
Event: 0.415 Thread 0x0000022af295c000 Exception <a 'java/lang/NoSuchMethodError'{0x000000062029ded0}: 'java.lang.Object java.lang.invoke.Invokers$Holder.linkToTargetMethod(java.lang.Object, long, java.lang.Object)'> (0x000000062029ded0) 
thrown [./open/src/hotspot/share/interpreter/linkResolver.cpp, line 766]
Event: 0.441 Thread 0x0000022af295c000 Exception <a 'sun/nio/fs/WindowsException'{0x00000006202cf240}> (0x00000006202cf240) 
thrown [./open/src/hotspot/share/prims/jni.cpp, line 599]
Event: 1.111 Thread 0x0000022af295c000 Exception <a 'java/lang/NoSuchMethodError'{0x000000062095ca70}: 'void java.lang.invoke.DirectMethodHandle$Holder.invokeStaticInit(java.lang.Object)'> (0x000000062095ca70) 
thrown [./open/src/hotspot/share/interpreter/linkResolver.cpp, line 766]
Event: 1.115 Thread 0x0000022af295c000 Exception <a 'java/lang/NoSuchMethodError'{0x0000000620983ad0}: 'java.lang.Object java.lang.invoke.Invokers$Holder.linkToTargetMethod(java.lang.Object, int, java.lang.Object)'> (0x0000000620983ad0) 
thrown [./open/src/hotspot/share/interpreter/linkResolver.cpp, line 766]
Event: 1.121 Thread 0x0000022af295c000 Exception <a 'java/lang/reflect/InvocationTargetException'{0x0000000620996568}> (0x0000000620996568) 
thrown [./open/src/hotspot/share/runtime/reflection.cpp, line 1188]

Events (20 events):
Event: 1.247 loading class sun/font/StrikeCache$DisposableStrike done
Event: 1.247 loading class sun/font/StrikeCache$SoftDisposerRef done
Event: 1.247 loading class sun/font/FileFontStrike
Event: 1.247 loading class sun/font/FileFontStrike done
Event: 1.247 Executing VM operation: HandshakeOneThread
Event: 1.247 Executing VM operation: HandshakeOneThread done
Event: 1.247 loading class sun/font/FontScaler
Event: 1.247 loading class sun/font/FontScaler done
Event: 1.247 loading class sun/font/FreetypeFontScaler
Event: 1.247 loading class sun/font/FreetypeFontScaler done
Event: 1.248 Executing VM operation: HandshakeOneThread
Event: 1.248 Executing VM operation: HandshakeOneThread done
Event: 1.248 Executing VM operation: HandshakeOneThread
Event: 1.248 Executing VM operation: HandshakeOneThread done
Event: 1.249 loading class java/awt/font/GlyphMetrics
Event: 1.249 loading class java/awt/font/GlyphMetrics done
Event: 1.250 loading class sun/java2d/loops/FontInfo
Event: 1.250 loading class sun/java2d/loops/FontInfo done
Event: 1.251 loading class java/nio/HeapIntBuffer
Event: 1.251 loading class java/nio/HeapIntBuffer done


Dynamic libraries:
0x00007ff67e3f0000 - 0x00007ff67e3fd000 	C:\Users\kjaga\.jdks\openjdk-14.0.2\bin\java.exe
0x00007ffe76db0000 - 0x00007ffe76fa6000 	C:\Windows\SYSTEM32\ntdll.dll
0x00007ffe75870000 - 0x00007ffe7592d000 	C:\Windows\System32\KERNEL32.DLL
0x00007ffe747f0000 - 0x00007ffe74ab8000 	C:\Windows\System32\KERNELBASE.dll
0x00007ffe746f0000 - 0x00007ffe747f0000 	C:\Windows\System32\ucrtbase.dll
0x00007ffe70520000 - 0x00007ffe70538000 	C:\Users\kjaga\.jdks\openjdk-14.0.2\bin\jli.dll
0x00007ffe70500000 - 0x00007ffe70515000 	C:\Users\kjaga\.jdks\openjdk-14.0.2\bin\VCRUNTIME140.dll
0x00007ffe74e20000 - 0x00007ffe74fc0000 	C:\Windows\System32\USER32.dll
0x00007ffe74590000 - 0x00007ffe745b2000 	C:\Windows\System32\win32u.dll
0x00007ffe68cf0000 - 0x00007ffe68f8b000 	C:\Windows\WinSxS\amd64_microsoft.windows.common-controls_6595b64144ccf1df_6.0.19041.488_none_ca04af081b815d21\COMCTL32.dll
0x00007ffe76d40000 - 0x00007ffe76d6a000 	C:\Windows\System32\GDI32.dll
0x00007ffe766b0000 - 0x00007ffe7674e000 	C:\Windows\System32\msvcrt.dll
0x00007ffe74b70000 - 0x00007ffe74c79000 	C:\Windows\System32\gdi32full.dll
0x00007ffe744f0000 - 0x00007ffe7458d000 	C:\Windows\System32\msvcp_win.dll
0x00007ffe768f0000 - 0x00007ffe76920000 	C:\Windows\System32\IMM32.DLL
0x00007ffe5b170000 - 0x00007ffe5b20b000 	C:\Users\kjaga\.jdks\openjdk-14.0.2\bin\msvcp140.dll
0x00007ffe3b5d0000 - 0x00007ffe3c0ee000 	C:\Users\kjaga\.jdks\openjdk-14.0.2\bin\server\jvm.dll
0x00007ffe767d0000 - 0x00007ffe7687c000 	C:\Windows\System32\ADVAPI32.dll
0x00007ffe75930000 - 0x00007ffe759cb000 	C:\Windows\System32\sechost.dll
0x00007ffe75320000 - 0x00007ffe75444000 	C:\Windows\System32\RPCRT4.dll
0x00007ffe759d0000 - 0x00007ffe759d8000 	C:\Windows\System32\PSAPI.DLL
0x00007ffe5d2c0000 - 0x00007ffe5d2c9000 	C:\Windows\SYSTEM32\WSOCK32.dll
0x00007ffe76880000 - 0x00007ffe768eb000 	C:\Windows\System32\WS2_32.dll
0x00007ffe6e450000 - 0x00007ffe6e45a000 	C:\Windows\SYSTEM32\VERSION.dll
0x00007ffe6cfa0000 - 0x00007ffe6cfc7000 	C:\Windows\SYSTEM32\WINMM.dll
0x00007ffe72460000 - 0x00007ffe72472000 	C:\Windows\SYSTEM32\kernel.appcore.dll
0x00007ffe71cf0000 - 0x00007ffe71cfa000 	C:\Users\kjaga\.jdks\openjdk-14.0.2\bin\jimage.dll
0x00007ffe5d090000 - 0x00007ffe5d274000 	C:\Windows\SYSTEM32\DBGHELP.DLL
0x00007ffe5cef0000 - 0x00007ffe5cf1c000 	C:\Windows\SYSTEM32\dbgcore.DLL
0x00007ffe745c0000 - 0x00007ffe7463f000 	C:\Windows\System32\bcryptPrimitives.dll
0x00007ffe704a0000 - 0x00007ffe704ae000 	C:\Users\kjaga\.jdks\openjdk-14.0.2\bin\instrument.dll
0x00007ffe70470000 - 0x00007ffe70495000 	C:\Users\kjaga\.jdks\openjdk-14.0.2\bin\java.dll
0x00007ffe6b080000 - 0x00007ffe6b096000 	C:\Users\kjaga\.jdks\openjdk-14.0.2\bin\zip.dll
0x00007ffe759e0000 - 0x00007ffe76121000 	C:\Windows\System32\SHELL32.dll
0x00007ffe72660000 - 0x00007ffe72df5000 	C:\Windows\SYSTEM32\windows.storage.dll
0x00007ffe74fc0000 - 0x00007ffe75315000 	C:\Windows\System32\combase.dll
0x00007ffe73f60000 - 0x00007ffe73f8c000 	C:\Windows\SYSTEM32\Wldp.dll
0x00007ffe765a0000 - 0x00007ffe7664e000 	C:\Windows\System32\SHCORE.dll
0x00007ffe76c80000 - 0x00007ffe76cd5000 	C:\Windows\System32\shlwapi.dll
0x00007ffe74420000 - 0x00007ffe74446000 	C:\Windows\SYSTEM32\profapi.dll
0x00007ffe6b060000 - 0x00007ffe6b079000 	C:\Users\kjaga\.jdks\openjdk-14.0.2\bin\net.dll
0x00007ffe6c3f0000 - 0x00007ffe6c4f0000 	C:\Windows\SYSTEM32\WINHTTP.dll
0x00007ffe73ce0000 - 0x00007ffe73d4a000 	C:\Windows\system32\mswsock.dll
0x00007ffe64330000 - 0x00007ffe64342000 	C:\Users\kjaga\.jdks\openjdk-14.0.2\bin\nio.dll
0x00007ffe61ca0000 - 0x00007ffe61cba000 	C:\Users\kjaga\AppData\Local\JetBrains\Toolbox\apps\IDEA-U\ch-0\202.8194.7\bin\breakgen64.dll
0x00007ffe433e0000 - 0x00007ffe43578000 	C:\Users\kjaga\.jdks\openjdk-14.0.2\bin\awt.dll
0x00007ffe757a0000 - 0x00007ffe7586d000 	C:\Windows\System32\OLEAUT32.dll
0x00007ffe71dd0000 - 0x00007ffe71e60000 	C:\Windows\SYSTEM32\apphelp.dll
0x00007ffe5aed0000 - 0x00007ffe5af52000 	C:\Users\kjaga\.jdks\openjdk-14.0.2\bin\freetype.dll
0x00007ffe4c720000 - 0x00007ffe4c7c6000 	C:\Users\kjaga\.jdks\openjdk-14.0.2\bin\fontmanager.dll
0x00007ffe72170000 - 0x00007ffe7219f000 	C:\Windows\system32\DWMAPI.DLL
0x00007ffe71f00000 - 0x00007ffe71f9e000 	C:\Windows\system32\uxtheme.dll
0x00007ffe236e0000 - 0x00007ffe23805000 	C:\Windows\system32\opengl32.dll
0x00007ffe615e0000 - 0x00007ffe6160c000 	C:\Windows\SYSTEM32\GLU32.dll
0x00007ffe76b60000 - 0x00007ffe76c75000 	C:\Windows\System32\MSCTF.dll
0x00007ffe754e0000 - 0x00007ffe7560a000 	C:\Windows\System32\ole32.dll
0x00007ffe68420000 - 0x00007ffe685ee000 	C:\Windows\system32\d3d9.dll
0x00007ffe6b660000 - 0x00007ffe6b762000 	C:\Windows\System32\DriverStore\FileRepository\nv_dispsi.inf_amd64_4a82b713f39f87a0\nvldumdx.dll
0x00007ffe740e0000 - 0x00007ffe740f2000 	C:\Windows\SYSTEM32\msasn1.dll
0x00007ffe6d690000 - 0x00007ffe6d6c1000 	C:\Windows\SYSTEM32\cryptnet.dll
0x00007ffe74c80000 - 0x00007ffe74ddd000 	C:\Windows\System32\CRYPT32.dll
0x00007ffe73ed0000 - 0x00007ffe73edc000 	C:\Windows\SYSTEM32\cryptbase.dll
0x00007ffe74b10000 - 0x00007ffe74b70000 	C:\Windows\System32\WINTRUST.DLL
0x00007ffe76b40000 - 0x00007ffe76b5d000 	C:\Windows\System32\imagehlp.dll
0x00007ffe73eb0000 - 0x00007ffe73ec8000 	C:\Windows\SYSTEM32\CRYPTSP.dll
0x00007ffe73600000 - 0x00007ffe73634000 	C:\Windows\system32\rsaenh.dll
0x00007ffe74de0000 - 0x00007ffe74e07000 	C:\Windows\System32\bcrypt.dll
0x00007ffe264f0000 - 0x00007ffe27f0c000 	C:\Windows\System32\DriverStore\FileRepository\nv_dispsi.inf_amd64_4a82b713f39f87a0\nvd3dumx.dll
0x00007ffe3ddf0000 - 0x00007ffe3e0a9000 	C:\Windows\system32\nvspcap64.dll
0x00007ffe73230000 - 0x00007ffe73263000 	C:\Windows\SYSTEM32\ntmarta.dll
0x00007ffe72e10000 - 0x00007ffe72e33000 	C:\Windows\SYSTEM32\gpapi.dll
0x00007ffe6b7d0000 - 0x00007ffe6b80b000 	C:\Windows\SYSTEM32\dxcore.dll
0x00007ffe74ac0000 - 0x00007ffe74b0e000 	C:\Windows\System32\cfgmgr32.dll
0x00007ffe743e0000 - 0x00007ffe7440e000 	C:\Windows\SYSTEM32\USERENV.dll
0x00007ffe73980000 - 0x00007ffe739bb000 	C:\Windows\SYSTEM32\IPHLPAPI.DLL
0x00007ffe76920000 - 0x00007ffe76928000 	C:\Windows\System32\NSI.dll
0x00007ffe6dca0000 - 0x00007ffe6dcb7000 	C:\Windows\SYSTEM32\dhcpcsvc6.DLL
0x00007ffe6dc80000 - 0x00007ffe6dc9d000 	C:\Windows\SYSTEM32\dhcpcsvc.DLL
0x00007ffe739d0000 - 0x00007ffe73a9b000 	C:\Windows\SYSTEM32\DNSAPI.dll
0x00000000637c0000 - 0x00000000637cd000 	C:\Users\kjaga\AppData\Local\Temp\jogamp_0000\file_cache\jln1036737243250897004\jln7635891710476531031\natives\windows-amd64\gluegen-rt.dll
0x00007ffe62990000 - 0x00007ffe62997000 	C:\Users\kjaga\.jdks\openjdk-14.0.2\bin\jawt.dll
0x000000006a440000 - 0x000000006a44d000 	C:\Users\kjaga\AppData\Local\Temp\jogamp_0000\file_cache\jln1036737243250897004\jln7635891710476531031\natives\windows-amd64\nativewindow_awt.dll
0x000000006c100000 - 0x000000006c10f000 	C:\Users\kjaga\AppData\Local\Temp\jogamp_0000\file_cache\jln1036737243250897004\jln7635891710476531031\natives\windows-amd64\nativewindow_win32.dll
0x0000000064500000 - 0x00000000645b1000 	C:\Users\kjaga\AppData\Local\Temp\jogamp_0000\file_cache\jln1036737243250897004\jln7635891710476531031\natives\windows-amd64\jogl_desktop.dll
0x0000000064340000 - 0x00000000643a2000 	C:\Users\kjaga\AppData\Local\Temp\jogamp_0000\file_cache\jln1036737243250897004\jln7635891710476531031\natives\windows-amd64\jogl_mobile.dll
0x00007ffe756f0000 - 0x00007ffe75799000 	C:\Windows\System32\clbcatq.dll
0x00007ffe6df90000 - 0x00007ffe6e08a000 	C:\Windows\System32\AppXDeploymentClient.dll
0x00007ffe34d50000 - 0x00007ffe37a30000 	C:\Windows\System32\DriverStore\FileRepository\nv_dispsi.inf_amd64_4a82b713f39f87a0\nvoglv64.dll
0x00007ffe76130000 - 0x00007ffe76597000 	C:\Windows\System32\SETUPAPI.dll
0x00007ffe6fab0000 - 0x00007ffe6fac4000 	C:\Windows\SYSTEM32\WTSAPI32.dll
0x00007ffe742a0000 - 0x00007ffe742cc000 	C:\Windows\System32\DEVOBJ.dll
0x00007ffe73aa0000 - 0x00007ffe73aeb000 	C:\Windows\SYSTEM32\powrprof.dll
0x00007ffe73960000 - 0x00007ffe73972000 	C:\Windows\SYSTEM32\UMPDC.dll
0x00007ffe732e0000 - 0x00007ffe7333a000 	C:\Windows\SYSTEM32\WINSTA.dll
0x00007ffe618a0000 - 0x00007ffe6199c000 	C:\Windows\SYSTEM32\textinputframework.dll
0x00007ffe713e0000 - 0x00007ffe7173e000 	C:\Windows\System32\CoreUIComponents.dll
0x00007ffe71ac0000 - 0x00007ffe71bb2000 	C:\Windows\System32\CoreMessaging.dll
0x00007ffe702b0000 - 0x00007ffe70406000 	C:\Windows\SYSTEM32\wintypes.dll

dbghelp: loaded successfully - version: 4.0.5 - missing functions: none
symbol engine: initialized successfully - sym options: 0x614 - pdb path: .;C:\Users\kjaga\.jdks\openjdk-14.0.2\bin;C:\Windows\SYSTEM32;C:\Windows\WinSxS\amd64_microsoft.windows.common-controls_6595b64144ccf1df_6.0.19041.488_none_ca04af081b815d21;C:\Users\kjaga\.jdks\openjdk-14.0.2\bin\server;C:\Users\kjaga\AppData\Local\JetBrains\Toolbox\apps\IDEA-U\ch-0\202.8194.7\bin;C:\Windows\System32\DriverStore\FileRepository\nv_dispsi.inf_amd64_4a82b713f39f87a0;C:\Users\kjaga\AppData\Local\Temp\jogamp_0000\file_cache\jln1036737243250897004\jln7635891710476531031\natives\windows-amd64

VM Arguments:
jvm_args: -javaagent:C:\Users\kjaga\AppData\Local\JetBrains\Toolbox\apps\IDEA-U\ch-0\202.8194.7\lib\idea_rt.jar=64068:C:\Users\kjaga\AppData\Local\JetBrains\Toolbox\apps\IDEA-U\ch-0\202.8194.7\bin -Dfile.encoding=UTF-8 
java_command: kagarwal2_6_Cylinder
java_class_path (initial): C:\Users\kjaga\Documents\Workspace\Java\CS 451\out\production\CS 451;C:\Users\kjaga\Documents\Workspace\Java\CS 451\jogamp-all-platforms\jar\joal.jar;C:\Users\kjaga\Documents\Workspace\Java\CS 451\jogamp-all-platforms\jar\jocl.jar;C:\Users\kjaga\Documents\Workspace\Java\CS 451\jogamp-all-platforms\jar\gluegen.jar;C:\Users\kjaga\Documents\Workspace\Java\CS 451\jogamp-all-platforms\jar\jogl-all.jar;C:\Users\kjaga\Documents\Workspace\Java\CS 451\jogamp-all-platforms\jar\joal-test.jar;C:\Users\kjaga\Documents\Workspace\Java\CS 451\jogamp-all-platforms\jar\gluegen-rt.jar;C:\Users\kjaga\Documents\Workspace\Java\CS 451\jogamp-all-platforms\jar\joal-android.jar;C:\Users\kjaga\Documents\Workspace\Java\CS 451\jogamp-all-platforms\jar\jocl-android.jar;C:\Users\kjaga\Documents\Workspace\Java\CS 451\jogamp-all-platforms\jar\gluegen-test-util.jar;C:\Users\kjaga\Documents\Workspace\Java\CS 451\jogamp-all-platforms\jar\joal-natives-windows-amd64.jar;C:\Users\kjaga\Documents\Workspace\Java\CS 451\jogamp-all-platforms\jar\jogl-all-natives-windows-amd64.jar;C:\Users\kjaga\Documents\Workspace\Java\CS 451\jogamp-all-platforms\jar\gluegen-rt-natives-windows-amd64.jar;C:\Users\kjaga\Documents\Workspace\Java\CS 451\jogamp-all-platforms\jar\joal-android-natives-windows-amd64.jar;C:\Users\kjaga\Documents\Workspace\Java\CS 451\jogamp-all-platforms\jar\jogl-all-noawt-natives-windows-amd64.jar;C:\Users\kjaga\Documents\Workspace\Java\CS 451\jogamp-all-platforms\jar\jogl-all-mobile-natives-windows-amd64.jar;C:\Users\kjaga\Documents\Workspace\Java\CS 451\jogamp-all-platforms\jar\jogl-all-android-natives-windows-amd64.jar;C:\Users\kjaga\Documents\Workspace\Java\CS 451\jogamp-all-platforms\jar\gluegen-rt-android-natives-windows-amd64.jar
Launcher Type: SUN_STANDARD

[Global flags]
     intx CICompilerCount                          = 12                                        {product} {ergonomic}
     uint ConcGCThreads                            = 3                                         {product} {ergonomic}
     uint G1ConcRefinementThreads                  = 13                                        {product} {ergonomic}
   size_t G1HeapRegionSize                         = 2097152                                   {product} {ergonomic}
    uintx GCDrainStackTargetSize                   = 64                                        {product} {ergonomic}
   size_t InitialHeapSize                          = 536870912                                 {product} {ergonomic}
   size_t MarkStackSize                            = 4194304                                   {product} {ergonomic}
   size_t MaxHeapSize                              = 8577351680                                {product} {ergonomic}
   size_t MaxNewSize                               = 5146411008                                {product} {ergonomic}
   size_t MinHeapDeltaBytes                        = 2097152                                   {product} {ergonomic}
   size_t MinHeapSize                              = 8388608                                   {product} {ergonomic}
    uintx NonNMethodCodeHeapSize                   = 7602480                                {pd product} {ergonomic}
    uintx NonProfiledCodeHeapSize                  = 122027880                              {pd product} {ergonomic}
    uintx ProfiledCodeHeapSize                     = 122027880                              {pd product} {ergonomic}
    uintx ReservedCodeCacheSize                    = 251658240                              {pd product} {ergonomic}
     bool SegmentedCodeCache                       = true                                      {product} {ergonomic}
   size_t SoftMaxHeapSize                          = 8577351680                             {manageable} {ergonomic}
     bool UseCompressedClassPointers               = true                                 {lp64_product} {ergonomic}
     bool UseCompressedOops                        = true                                 {lp64_product} {ergonomic}
     bool UseG1GC                                  = true                                      {product} {ergonomic}
     bool UseLargePagesIndividualAllocation        = false                                  {pd product} {ergonomic}

Logging:
Log output configuration:
 #0: stdout all=warning uptime,level,tags
 #1: stderr all=off uptime,level,tags

Environment Variables:
PATH=C:\Windows\system32;C:\Windows;C:\Windows\System32\Wbem;C:\Windows\System32\WindowsPowerShell\v1.0\;C:\Windows\System32\OpenSSH\;C:\Program Files\NVIDIA Corporation\NVIDIA NvDLISR;C:\Program Files (x86)\NVIDIA Corporation\PhysX\Common;C:\Users\kjaga\AppData\Local\Microsoft\WindowsApps;C:\Users\kjaga\AppData\Local\Programs\Microsoft VS Code\bin;C:\Users\kjaga\AppData\Local\GitHubDesktop\bin
USERNAME=kjaga
OS=Windows_NT
PROCESSOR_IDENTIFIER=AMD64 Family 23 Model 113 Stepping 0, AuthenticAMD



---------------  S Y S T E M  ---------------

OS: Windows 10 , 64 bit Build 19041 (10.0.19041.546)
OS uptime: 2 days 22:40 hours

CPU:total 16 (initial active 16) (16 cores per cpu, 2 threads per core) family 23 model 113 stepping 0, cmov, cx8, fxsr, mmx, sse, sse2, sse3, ssse3, sse4.1, sse4.2, popcnt, avx, avx2, aes, clmul, mmxext, 3dnowpref, lzcnt, sse4a, ht, tsc, tscinvbit, tscinv, bmi1, bmi2, adx, sha, fma

Memory: 4k page, system-wide physical 32712M (21564M free)
TotalPageFile size 37576M (AvailPageFile size 21512M)
current process WorkingSet (physical memory assigned to process): 154M, peak: 154M
current process commit charge ("private bytes"): 758M, peak: 758M

vm_info: OpenJDK 64-Bit Server VM (14.0.2+12-46) for windows-amd64 JRE (14.0.2+12-46), built on Jul  9 2020 00:31:16 by "mach5one" with MS VC++ 15.9 (VS2017)

END.
